Log file open, 10/03/20 09:14:56
LogInit: Display: Running engine for game: Escapegame
LogPlatformFile: Not using cached read wrapper
LogTaskGraph: Started task graph with 5 named threads and 11 total threads with 3 sets of task threads.
LogStats: Stats thread started at 2.069165
LogD3D11RHI: Loaded GFSDK_Aftermath_Lib.x64.dll
LogICUInternationalization: ICU TimeZone Detection - Raw Offset: +5:00, Platform Override: ''
LogPluginManager: Mounting plugin Paper2D
LogPluginManager: Mounting plugin AISupport
LogPluginManager: Mounting plugin LightPropagationVolume
LogPluginManager: Mounting plugin CameraShakePreviewer
LogPluginManager: Mounting plugin ActorLayerUtilities
LogPluginManager: Mounting plugin AnimationSharing
LogPluginManager: Mounting plugin CLionSourceCodeAccess
LogPluginManager: Mounting plugin CodeLiteSourceCodeAccess
LogPluginManager: Mounting plugin GitSourceControl
LogPluginManager: Mounting plugin KDevelopSourceCodeAccess
LogPluginManager: Mounting plugin NullSourceCodeAccess
LogPluginManager: Mounting plugin PerforceSourceControl
LogPluginManager: Mounting plugin PlasticSourceControl
LogPluginManager: Mounting plugin RiderSourceCodeAccess
LogPluginManager: Mounting plugin SubversionSourceControl
LogPluginManager: Mounting plugin UObjectPlugin
LogPluginManager: Mounting plugin VisualStudioCodeSourceCodeAccess
LogPluginManager: Mounting plugin VisualStudioSourceCodeAccess
LogPluginManager: Mounting plugin XCodeSourceCodeAccess
LogPluginManager: Mounting plugin AssetManagerEditor
LogPluginManager: Mounting plugin CryptoKeys
LogPluginManager: Mounting plugin CurveEditorTools
LogPluginManager: Mounting plugin DataValidation
LogPluginManager: Mounting plugin EditorScriptingUtilities
LogPluginManager: Mounting plugin FacialAnimation
LogPluginManager: Mounting plugin GameplayTagsEditor
LogPluginManager: Mounting plugin GeometryMode
LogPluginManager: Mounting plugin MacGraphicsSwitching
LogPluginManager: Mounting plugin MaterialAnalyzer
LogPluginManager: Mounting plugin MobileLauncherProfileWizard
LogPluginManager: Mounting plugin PluginBrowser
LogPluginManager: Mounting plugin SpeedTreeImporter
LogPluginManager: Mounting plugin DatasmithContent
LogPluginManager: Mounting plugin VariantManagerContent
LogPluginManager: Mounting plugin AlembicImporter
LogPluginManager: Mounting plugin AutomationUtils
LogPluginManager: Mounting plugin BackChannel
LogPluginManager: Mounting plugin ChaosCloth
LogPluginManager: Mounting plugin ChaosClothEditor
LogPluginManager: Mounting plugin ChaosEditor
LogPluginManager: Mounting plugin ChaosNiagara
LogPluginManager: Mounting plugin ChaosSolverPlugin
LogPluginManager: Mounting plugin CharacterAI
LogPluginManager: Mounting plugin GeometryCache
LogPluginManager: Mounting plugin GeometryCollectionPlugin
LogPluginManager: Mounting plugin GeometryProcessing
LogPluginManager: Mounting plugin PlanarCut
LogPluginManager: Mounting plugin PlatformCrypto
LogPluginManager: Mounting plugin ProxyLODPlugin
LogPluginManager: Mounting plugin SkeletalReduction
LogPluginManager: Mounting plugin Niagara
LogPluginManager: Mounting plugin MagicLeap
LogPluginManager: Mounting plugin MagicLeapLightEstimation
LogPluginManager: Mounting plugin MagicLeapMedia
LogPluginManager: Mounting plugin MagicLeapPassableWorld
LogPluginManager: Mounting plugin MLSDK
LogPluginManager: Mounting plugin AndroidMedia
LogPluginManager: Mounting plugin AvfMedia
LogPluginManager: Mounting plugin ImgMedia
LogPluginManager: Mounting plugin MediaCompositing
LogPluginManager: Mounting plugin MediaPlayerEditor
LogPluginManager: Mounting plugin WebMMedia
LogPluginManager: Mounting plugin WmfMedia
LogPluginManager: Mounting plugin MeshPainting
LogPluginManager: Mounting plugin TcpMessaging
LogPluginManager: Mounting plugin UdpMessaging
LogPluginManager: Mounting plugin ActorSequence
LogPluginManager: Mounting plugin LevelSequenceEditor
LogPluginManager: Mounting plugin MatineeToLevelSequence
LogPluginManager: Mounting plugin MovieRenderPipeline
LogPluginManager: Mounting plugin TemplateSequence
LogPluginManager: Mounting plugin NetcodeUnitTest
LogPluginManager: Mounting plugin NUTUnrealEngine4
LogPluginManager: Mounting plugin OnlineSubsystemGooglePlay
LogPluginManager: Mounting plugin OnlineSubsystemIOS
LogPluginManager: Mounting plugin OnlineSubsystem
LogPluginManager: Mounting plugin OnlineSubsystemNull
LogPluginManager: Mounting plugin OnlineSubsystemUtils
LogPluginManager: Mounting plugin LauncherChunkInstaller
LogPluginManager: Mounting plugin AndroidDeviceProfileSelector
LogPluginManager: Mounting plugin AndroidMoviePlayer
LogPluginManager: Mounting plugin AndroidPermission
LogPluginManager: Mounting plugin AppleImageUtils
LogPluginManager: Mounting plugin AppleMoviePlayer
LogPluginManager: Mounting plugin ArchVisCharacter
LogPluginManager: Mounting plugin AssetTags
LogPluginManager: Mounting plugin AudioCapture
LogPluginManager: Mounting plugin CableComponent
LogPluginManager: Mounting plugin CustomMeshComponent
LogPluginManager: Mounting plugin EditableMesh
LogPluginManager: Mounting plugin ExampleDeviceProfileSelector
LogPluginManager: Mounting plugin GoogleCloudMessaging
LogPluginManager: Mounting plugin GooglePAD
LogPluginManager: Mounting plugin HoudiniEngine
LogPluginManager: Mounting plugin IOSDeviceProfileSelector
LogPluginManager: Mounting plugin LinuxDeviceProfileSelector
LogPluginManager: Mounting plugin LocationServicesBPLibrary
LogPluginManager: Mounting plugin MobilePatchingUtils
LogPluginManager: Mounting plugin OculusVR
LogPluginManager: Mounting plugin PhysXVehicles
LogPluginManager: Mounting plugin PostSplashScreen
LogPluginManager: Mounting plugin ProceduralMeshComponent
LogPluginManager: Mounting plugin RuntimePhysXCooking
LogPluginManager: Mounting plugin SignificanceManager
LogPluginManager: Mounting plugin SoundFields
LogPluginManager: Mounting plugin SteamVR
LogPluginManager: Mounting plugin Synthesis
LogPluginManager: Mounting plugin WebMMoviePlayer
LogPluginManager: Mounting plugin WindowsMoviePlayer
LogPluginManager: Mounting plugin ScreenshotTools
LogInit: Using libcurl 7.55.1-DEV
LogInit:  - built for x86_64-pc-win32
LogInit:  - supports SSL with OpenSSL/1.1.1
LogInit:  - supports HTTP deflate (compression) using libz 1.2.8
LogInit:  - other features:
LogInit:      CURL_VERSION_SSL
LogInit:      CURL_VERSION_LIBZ
LogInit:      CURL_VERSION_IPV6
LogInit:      CURL_VERSION_ASYNCHDNS
LogInit:      CURL_VERSION_LARGEFILE
LogInit:      CURL_VERSION_IDN
LogInit:  CurlRequestOptions (configurable via config and command line):
LogInit:  - bVerifyPeer = true  - Libcurl will verify peer certificate
LogInit:  - bUseHttpProxy = false  - Libcurl will NOT use HTTP proxy
LogInit:  - bDontReuseConnections = false  - Libcurl will reuse connections
LogInit:  - MaxHostConnections = 16  - Libcurl will limit the number of connections to a host
LogInit:  - LocalHostAddr = Default
LogInit:  - BufferSize = 65536
LogOnline: OSS: Creating online subsystem instance for: NULL
LogInit: WinSock: version 1.1 (2.2), MaxSocks=32767, MaxUdp=65467
LogOnline: OSS: TryLoadSubsystemAndSetDefault: Loaded subsystem for module [NULL]
LogInit: Build: ++UE4+Release-4.25-CL-13942748
LogInit: Engine Version: 4.25.3-13942748+++UE4+Release-4.25
LogInit: Compatible Engine Version: 4.25.0-13144385+++UE4+Release-4.25
LogInit: Net CL: 13144385
LogInit: OS: Windows 10 (Release 1909) (), CPU: Intel(R) Core(TM) i7-6500U CPU @ 2.50GHz, GPU: Intel(R) HD Graphics 520
LogInit: Compiled (64-bit): Jul 25 2020 02:07:48
LogInit: Compiled with Visual C++: 19.24.28315.00
LogInit: Build Configuration: Development
LogInit: Branch Name: ++UE4+Release-4.25
LogInit: Command Line: 
LogInit: Base Directory: C:/Program Files/Epic Games/UE_4.25/Engine/Binaries/Win64/
LogInit: Allocator: TBB
LogInit: Installed Engine Build: 1
LogDevObjectVersion: Number of dev versions registered: 26
LogDevObjectVersion:   Dev-Blueprints (B0D832E4-1F89-4F0D-ACCF-7EB736FD4AA2): 10
LogDevObjectVersion:   Dev-Build (E1C64328-A22C-4D53-A36C-8E866417BD8C): 0
LogDevObjectVersion:   Dev-Core (375EC13C-06E4-48FB-B500-84F0262A717E): 4
LogDevObjectVersion:   Dev-Editor (E4B068ED-F494-42E9-A231-DA0B2E46BB41): 38
LogDevObjectVersion:   Dev-Framework (CFFC743F-43B0-4480-9391-14DF171D2073): 37
LogDevObjectVersion:   Dev-Mobile (B02B49B5-BB20-44E9-A304-32B752E40360): 2
LogDevObjectVersion:   Dev-Networking (A4E4105C-59A1-49B5-A7C5-40C4547EDFEE): 0
LogDevObjectVersion:   Dev-Online (39C831C9-5AE6-47DC-9A44-9C173E1C8E7C): 0
LogDevObjectVersion:   Dev-Physics (78F01B33-EBEA-4F98-B9B4-84EACCB95AA2): 4
LogDevObjectVersion:   Dev-Platform (6631380F-2D4D-43E0-8009-CF276956A95A): 0
LogDevObjectVersion:   Dev-Rendering (12F88B9F-8875-4AFC-A67C-D90C383ABD29): 43
LogDevObjectVersion:   Dev-Sequencer (7B5AE74C-D270-4C10-A958-57980B212A5A): 12
LogDevObjectVersion:   Dev-VR (D7296918-1DD6-4BDD-9DE2-64A83CC13884): 3
LogDevObjectVersion:   Dev-LoadTimes (C2A15278-BFE7-4AFE-6C17-90FF531DF755): 1
LogDevObjectVersion:   Private-Geometry (6EACA3D4-40EC-4CC1-B786-8BED09428FC5): 3
LogDevObjectVersion:   Dev-AnimPhys (29E575DD-E0A3-4627-9D10-D276232CDCEA): 17
LogDevObjectVersion:   Dev-Anim (AF43A65D-7FD3-4947-9873-3E8ED9C1BB05): 7
LogDevObjectVersion:   Dev-ReflectionCapture (6B266CEC-1EC7-4B8F-A30B-E4D90942FC07): 1
LogDevObjectVersion:   Dev-Automation (0DF73D61-A23F-47EA-B727-89E90C41499A): 1
LogDevObjectVersion:   FortniteMain (601D1886-AC64-4F84-AA16-D3DE0DEAC7D6): 31
LogDevObjectVersion:   Dev-Enterprise (9DFFBCD6-494F-0158-E221-12823C92A888): 10
LogDevObjectVersion:   Dev-Niagara (F2AED0AC-9AFE-416F-8664-AA7FFA26D6FC): 1
LogDevObjectVersion:   Dev-Destruction (174F1F0B-B4C6-45A5-B13F-2EE8D0FB917D): 10
LogDevObjectVersion:   Dev-Physics-Ext (35F94A83-E258-406C-A318-09F59610247C): 37
LogDevObjectVersion:   Dev-PhysicsMaterial-Chaos (B68FC16E-8B1B-42E2-B453-215C058844FE): 1
LogDevObjectVersion:   Dev-CineCamera (B2E18506-4273-CFC2-A54E-F4BB758BBA07): 1
LogInit: Presizing for max 25165824 objects, including 0 objects not considered by GC, pre-allocating 0 bytes for permanent pool.
LogConfig: Applying CVar settings from Section [/Script/Engine.StreamingSettings] File [D:/Projects/UE4UdemyCXX/Section4/Escapegame/Saved/Config/Windows/Engine.ini]
LogConfig: Setting CVar [[s.MinBulkDataSizeForAsyncLoading:131072]]
LogConfig: Setting CVar [[s.AsyncLoadingThreadEnabled:0]]
LogConfig: Setting CVar [[s.EventDrivenLoaderEnabled:1]]
LogConfig: Setting CVar [[s.WarnIfTimeLimitExceeded:0]]
LogConfig: Setting CVar [[s.TimeLimitExceededMultiplier:1.5]]
LogConfig: Setting CVar [[s.TimeLimitExceededMinTime:0.005]]
LogConfig: Setting CVar [[s.UseBackgroundLevelStreaming:1]]
LogConfig: Setting CVar [[s.PriorityAsyncLoadingExtraTime:15.0]]
LogConfig: Setting CVar [[s.LevelStreamingActorsUpdateTimeLimit:5.0]]
LogConfig: Setting CVar [[s.PriorityLevelStreamingActorsUpdateExtraTime:5.0]]
LogConfig: Setting CVar [[s.LevelStreamingComponentsRegistrationGranularity:10]]
LogConfig: Setting CVar [[s.UnregisterComponentsTimeLimit:1.0]]
LogConfig: Setting CVar [[s.LevelStreamingComponentsUnregistrationGranularity:5]]
LogConfig: Setting CVar [[s.FlushStreamingOnExit:1]]
LogInit: Object subsystem initialized
LogConfig: Setting CVar [[con.DebugEarlyDefault:1]]
LogConfig: Setting CVar [[r.setres:1280x720]]
[2020.10.03-04.14.59:129][  0]LogConfig: Setting CVar [[r.VSync:0]]
[2020.10.03-04.14.59:129][  0]LogConfig: Setting CVar [[r.RHICmdBypass:0]]
[2020.10.03-04.14.59:130][  0]LogConfig: Applying CVar settings from Section [/Script/Engine.RendererSettings] File [D:/Projects/UE4UdemyCXX/Section4/Escapegame/Saved/Config/Windows/Engine.ini]
[2020.10.03-04.14.59:130][  0]LogConfig: Setting CVar [[r.GPUCrashDebugging:0]]
[2020.10.03-04.14.59:130][  0]LogConfig: Applying CVar settings from Section [/Script/Engine.RendererOverrideSettings] File [D:/Projects/UE4UdemyCXX/Section4/Escapegame/Saved/Config/Windows/Engine.ini]
[2020.10.03-04.14.59:130][  0]LogConfig: Applying CVar settings from Section [/Script/Engine.StreamingSettings] File [D:/Projects/UE4UdemyCXX/Section4/Escapegame/Saved/Config/Windows/Engine.ini]
[2020.10.03-04.14.59:131][  0]LogConfig: Setting CVar [[s.MinBulkDataSizeForAsyncLoading:131072]]
[2020.10.03-04.14.59:131][  0]LogConfig: Setting CVar [[s.AsyncLoadingThreadEnabled:0]]
[2020.10.03-04.14.59:131][  0]LogConfig: Setting CVar [[s.EventDrivenLoaderEnabled:1]]
[2020.10.03-04.14.59:131][  0]LogConfig: Setting CVar [[s.WarnIfTimeLimitExceeded:0]]
[2020.10.03-04.14.59:131][  0]LogConfig: Setting CVar [[s.TimeLimitExceededMultiplier:1.5]]
[2020.10.03-04.14.59:131][  0]LogConfig: Setting CVar [[s.TimeLimitExceededMinTime:0.005]]
[2020.10.03-04.14.59:131][  0]LogConfig: Setting CVar [[s.UseBackgroundLevelStreaming:1]]
[2020.10.03-04.14.59:131][  0]LogConfig: Setting CVar [[s.PriorityAsyncLoadingExtraTime:15.0]]
[2020.10.03-04.14.59:131][  0]LogConfig: Setting CVar [[s.LevelStreamingActorsUpdateTimeLimit:5.0]]
[2020.10.03-04.14.59:131][  0]LogConfig: Setting CVar [[s.PriorityLevelStreamingActorsUpdateExtraTime:5.0]]
[2020.10.03-04.14.59:131][  0]LogConfig: Setting CVar [[s.LevelStreamingComponentsRegistrationGranularity:10]]
[2020.10.03-04.14.59:131][  0]LogConfig: Setting CVar [[s.UnregisterComponentsTimeLimit:1.0]]
[2020.10.03-04.14.59:131][  0]LogConfig: Setting CVar [[s.LevelStreamingComponentsUnregistrationGranularity:5]]
[2020.10.03-04.14.59:131][  0]LogConfig: Setting CVar [[s.FlushStreamingOnExit:1]]
[2020.10.03-04.14.59:131][  0]LogConfig: Applying CVar settings from Section [/Script/Engine.GarbageCollectionSettings] File [D:/Projects/UE4UdemyCXX/Section4/Escapegame/Saved/Config/Windows/Engine.ini]
[2020.10.03-04.14.59:131][  0]LogConfig: Setting CVar [[gc.MaxObjectsNotConsideredByGC:1]]
[2020.10.03-04.14.59:131][  0]LogConfig: Setting CVar [[gc.SizeOfPermanentObjectPool:0]]
[2020.10.03-04.14.59:131][  0]LogConfig: Setting CVar [[gc.FlushStreamingOnGC:0]]
[2020.10.03-04.14.59:131][  0]LogConfig: Setting CVar [[gc.NumRetriesBeforeForcingGC:10]]
[2020.10.03-04.14.59:131][  0]LogConfig: Setting CVar [[gc.AllowParallelGC:1]]
[2020.10.03-04.14.59:131][  0]LogConfig: Setting CVar [[gc.TimeBetweenPurgingPendingKillObjects:61.1]]
[2020.10.03-04.14.59:131][  0]LogConfig: Setting CVar [[gc.MaxObjectsInEditor:25165824]]
[2020.10.03-04.14.59:131][  0]LogConfig: Setting CVar [[gc.IncrementalBeginDestroyEnabled:1]]
[2020.10.03-04.14.59:131][  0]LogConfig: Setting CVar [[gc.CreateGCClusters:1]]
[2020.10.03-04.14.59:131][  0]LogConfig: Setting CVar [[gc.MinGCClusterSize:5]]
[2020.10.03-04.14.59:131][  0]LogConfig: Setting CVar [[gc.ActorClusteringEnabled:0]]
[2020.10.03-04.14.59:131][  0]LogConfig: Setting CVar [[gc.BlueprintClusteringEnabled:0]]
[2020.10.03-04.14.59:131][  0]LogConfig: Setting CVar [[gc.UseDisregardForGCOnDedicatedServers:0]]
[2020.10.03-04.14.59:132][  0]LogConfig: Applying CVar settings from Section [/Script/Engine.NetworkSettings] File [D:/Projects/UE4UdemyCXX/Section4/Escapegame/Saved/Config/Windows/Engine.ini]
[2020.10.03-04.14.59:132][  0]LogConfig: Applying CVar settings from Section [/Script/UnrealEd.CookerSettings] File [D:/Projects/UE4UdemyCXX/Section4/Escapegame/Saved/Config/Windows/Engine.ini]
[2020.10.03-04.14.59:147][  0]LogConfig: Applying CVar settings from Section [ViewDistanceQuality@3] File [D:/Projects/UE4UdemyCXX/Section4/Escapegame/Saved/Config/Windows/Scalability.ini]
[2020.10.03-04.14.59:147][  0]LogConfig: Setting CVar [[r.SkeletalMeshLODBias:0]]
[2020.10.03-04.14.59:147][  0]LogConfig: Setting CVar [[r.ViewDistanceScale:1.0]]
[2020.10.03-04.14.59:147][  0]LogConfig: Applying CVar settings from Section [AntiAliasingQuality@3] File [D:/Projects/UE4UdemyCXX/Section4/Escapegame/Saved/Config/Windows/Scalability.ini]
[2020.10.03-04.14.59:147][  0]LogConfig: Setting CVar [[r.PostProcessAAQuality:4]]
[2020.10.03-04.14.59:147][  0]LogConfig: Applying CVar settings from Section [ShadowQuality@3] File [D:/Projects/UE4UdemyCXX/Section4/Escapegame/Saved/Config/Windows/Scalability.ini]
[2020.10.03-04.14.59:147][  0]LogConfig: Setting CVar [[r.LightFunctionQuality:1]]
[2020.10.03-04.14.59:147][  0]LogConfig: Setting CVar [[r.ShadowQuality:5]]
[2020.10.03-04.14.59:147][  0]LogConfig: Setting CVar [[r.Shadow.CSM.MaxCascades:10]]
[2020.10.03-04.14.59:147][  0]LogConfig: Setting CVar [[r.Shadow.MaxResolution:2048]]
[2020.10.03-04.14.59:147][  0]LogConfig: Setting CVar [[r.Shadow.MaxCSMResolution:2048]]
[2020.10.03-04.14.59:147][  0]LogConfig: Setting CVar [[r.Shadow.RadiusThreshold:0.01]]
[2020.10.03-04.14.59:147][  0]LogConfig: Setting CVar [[r.Shadow.DistanceScale:1.0]]
[2020.10.03-04.14.59:147][  0]LogConfig: Setting CVar [[r.Shadow.CSM.TransitionScale:1.0]]
[2020.10.03-04.14.59:147][  0]LogConfig: Setting CVar [[r.Shadow.PreShadowResolutionFactor:1.0]]
[2020.10.03-04.14.59:147][  0]LogConfig: Setting CVar [[r.DistanceFieldShadowing:1]]
[2020.10.03-04.14.59:147][  0]LogConfig: Setting CVar [[r.DistanceFieldAO:1]]
[2020.10.03-04.14.59:147][  0]LogConfig: Setting CVar [[r.AOQuality:2]]
[2020.10.03-04.14.59:147][  0]LogConfig: Setting CVar [[r.VolumetricFog:1]]
[2020.10.03-04.14.59:147][  0]LogConfig: Setting CVar [[r.VolumetricFog.GridPixelSize:8]]
[2020.10.03-04.14.59:147][  0]LogConfig: Setting CVar [[r.VolumetricFog.GridSizeZ:128]]
[2020.10.03-04.14.59:147][  0]LogConfig: Setting CVar [[r.VolumetricFog.HistoryMissSupersampleCount:4]]
[2020.10.03-04.14.59:147][  0]LogConfig: Setting CVar [[r.LightMaxDrawDistanceScale:1]]
[2020.10.03-04.14.59:147][  0]LogConfig: Setting CVar [[r.CapsuleShadows:1]]
[2020.10.03-04.14.59:147][  0]LogConfig: Applying CVar settings from Section [PostProcessQuality@3] File [D:/Projects/UE4UdemyCXX/Section4/Escapegame/Saved/Config/Windows/Scalability.ini]
[2020.10.03-04.14.59:148][  0]LogConfig: Setting CVar [[r.MotionBlurQuality:4]]
[2020.10.03-04.14.59:148][  0]LogConfig: Setting CVar [[r.AmbientOcclusionMipLevelFactor:0.4]]
[2020.10.03-04.14.59:148][  0]LogConfig: Setting CVar [[r.AmbientOcclusionMaxQuality:100]]
[2020.10.03-04.14.59:148][  0]LogConfig: Setting CVar [[r.AmbientOcclusionLevels:-1]]
[2020.10.03-04.14.59:148][  0]LogConfig: Setting CVar [[r.AmbientOcclusionRadiusScale:1.0]]
[2020.10.03-04.14.59:148][  0]LogConfig: Setting CVar [[r.DepthOfFieldQuality:2]]
[2020.10.03-04.14.59:148][  0]LogConfig: Setting CVar [[r.RenderTargetPoolMin:400]]
[2020.10.03-04.14.59:148][  0]LogConfig: Setting CVar [[r.LensFlareQuality:2]]
[2020.10.03-04.14.59:148][  0]LogConfig: Setting CVar [[r.SceneColorFringeQuality:1]]
[2020.10.03-04.14.59:148][  0]LogConfig: Setting CVar [[r.EyeAdaptationQuality:2]]
[2020.10.03-04.14.59:148][  0]LogConfig: Setting CVar [[r.BloomQuality:5]]
[2020.10.03-04.14.59:148][  0]LogConfig: Setting CVar [[r.FastBlurThreshold:100]]
[2020.10.03-04.14.59:148][  0]LogConfig: Setting CVar [[r.Upscale.Quality:3]]
[2020.10.03-04.14.59:148][  0]LogConfig: Setting CVar [[r.Tonemapper.GrainQuantization:1]]
[2020.10.03-04.14.59:148][  0]LogConfig: Setting CVar [[r.LightShaftQuality:1]]
[2020.10.03-04.14.59:148][  0]LogConfig: Setting CVar [[r.Filter.SizeScale:1]]
[2020.10.03-04.14.59:148][  0]LogConfig: Setting CVar [[r.Tonemapper.Quality:5]]
[2020.10.03-04.14.59:148][  0]LogConfig: Setting CVar [[r.DOF.Gather.AccumulatorQuality:1        ; higher gathering accumulator quality]]
[2020.10.03-04.14.59:148][  0]LogConfig: Setting CVar [[r.DOF.Gather.PostfilterMethod:1          ; Median3x3 postfilering method]]
[2020.10.03-04.14.59:148][  0]LogConfig: Setting CVar [[r.DOF.Gather.EnableBokehSettings:0       ; no bokeh simulation when gathering]]
[2020.10.03-04.14.59:148][  0]LogConfig: Setting CVar [[r.DOF.Gather.RingCount:4                 ; medium number of samples when gathering]]
[2020.10.03-04.14.59:148][  0]LogConfig: Setting CVar [[r.DOF.Scatter.ForegroundCompositing:1    ; additive foreground scattering]]
[2020.10.03-04.14.59:148][  0]LogConfig: Setting CVar [[r.DOF.Scatter.BackgroundCompositing:2    ; additive background scattering]]
[2020.10.03-04.14.59:148][  0]LogConfig: Setting CVar [[r.DOF.Scatter.EnableBokehSettings:1      ; bokeh simulation when scattering]]
[2020.10.03-04.14.59:148][  0]LogConfig: Setting CVar [[r.DOF.Scatter.MaxSpriteRatio:0.1         ; only a maximum of 10% of scattered bokeh]]
[2020.10.03-04.14.59:148][  0]LogConfig: Setting CVar [[r.DOF.Recombine.Quality:1                ; cheap slight out of focus]]
[2020.10.03-04.14.59:148][  0]LogConfig: Setting CVar [[r.DOF.Recombine.EnableBokehSettings:0    ; no bokeh simulation on slight out of focus]]
[2020.10.03-04.14.59:148][  0]LogConfig: Setting CVar [[r.DOF.TemporalAAQuality:1                ; more stable temporal accumulation]]
[2020.10.03-04.14.59:148][  0]LogConfig: Setting CVar [[r.DOF.Kernel.MaxForegroundRadius:0.025]]
[2020.10.03-04.14.59:148][  0]LogConfig: Setting CVar [[r.DOF.Kernel.MaxBackgroundRadius:0.025]]
[2020.10.03-04.14.59:148][  0]LogConfig: Applying CVar settings from Section [TextureQuality@3] File [D:/Projects/UE4UdemyCXX/Section4/Escapegame/Saved/Config/Windows/Scalability.ini]
[2020.10.03-04.14.59:148][  0]LogConfig: Setting CVar [[r.Streaming.MipBias:0]]
[2020.10.03-04.14.59:148][  0]LogConfig: Setting CVar [[r.Streaming.AmortizeCPUToGPUCopy:0]]
[2020.10.03-04.14.59:149][  0]LogConfig: Setting CVar [[r.Streaming.MaxNumTexturesToStreamPerFrame:0]]
[2020.10.03-04.14.59:149][  0]LogConfig: Setting CVar [[r.Streaming.Boost:1]]
[2020.10.03-04.14.59:149][  0]LogConfig: Setting CVar [[r.MaxAnisotropy:8]]
[2020.10.03-04.14.59:149][  0]LogConfig: Setting CVar [[r.VT.MaxAnisotropy:8]]
[2020.10.03-04.14.59:149][  0]LogConfig: Setting CVar [[r.Streaming.LimitPoolSizeToVRAM:0]]
[2020.10.03-04.14.59:149][  0]LogConfig: Setting CVar [[r.Streaming.PoolSize:1000]]
[2020.10.03-04.14.59:149][  0]LogConfig: Setting CVar [[r.Streaming.MaxEffectiveScreenSize:0]]
[2020.10.03-04.14.59:149][  0]LogConfig: Applying CVar settings from Section [EffectsQuality@3] File [D:/Projects/UE4UdemyCXX/Section4/Escapegame/Saved/Config/Windows/Scalability.ini]
[2020.10.03-04.14.59:149][  0]LogConfig: Setting CVar [[r.TranslucencyLightingVolumeDim:64]]
[2020.10.03-04.14.59:149][  0]LogConfig: Setting CVar [[r.RefractionQuality:2]]
[2020.10.03-04.14.59:149][  0]LogConfig: Setting CVar [[r.SSR.Quality:3]]
[2020.10.03-04.14.59:149][  0]LogConfig: Setting CVar [[r.SSR.HalfResSceneColor:0]]
[2020.10.03-04.14.59:149][  0]LogConfig: Setting CVar [[r.SceneColorFormat:4]]
[2020.10.03-04.14.59:149][  0]LogConfig: Setting CVar [[r.DetailMode:2]]
[2020.10.03-04.14.59:149][  0]LogConfig: Setting CVar [[r.TranslucencyVolumeBlur:1]]
[2020.10.03-04.14.59:149][  0]LogConfig: Setting CVar [[r.MaterialQualityLevel:1 ; High quality]]
[2020.10.03-04.14.59:149][  0]LogConfig: Setting CVar [[r.SSS.Scale:1]]
[2020.10.03-04.14.59:149][  0]LogConfig: Setting CVar [[r.SSS.SampleSet:2]]
[2020.10.03-04.14.59:149][  0]LogConfig: Setting CVar [[r.SSS.Quality:1]]
[2020.10.03-04.14.59:149][  0]LogConfig: Setting CVar [[r.SSS.HalfRes:0]]
[2020.10.03-04.14.59:149][  0]LogConfig: Setting CVar [[r.SSGI.Quality:3]]
[2020.10.03-04.14.59:149][  0]LogConfig: Setting CVar [[r.EmitterSpawnRateScale:1.0]]
[2020.10.03-04.14.59:149][  0]LogConfig: Setting CVar [[r.ParticleLightQuality:2]]
[2020.10.03-04.14.59:149][  0]LogConfig: Setting CVar [[r.SkyAtmosphere.AerialPerspectiveLUT.FastApplyOnOpaque:1 ; Always have FastSkyLUT 1 in this case to avoid wrong sky]]
[2020.10.03-04.14.59:149][  0]LogConfig: Setting CVar [[r.SkyAtmosphere.AerialPerspectiveLUT.SampleCountPerSlice:1]]
[2020.10.03-04.14.59:149][  0]LogConfig: Setting CVar [[r.SkyAtmosphere.AerialPerspectiveLUT.DepthResolution:16.0]]
[2020.10.03-04.14.59:149][  0]LogConfig: Setting CVar [[r.SkyAtmosphere.FastSkyLUT:1]]
[2020.10.03-04.14.59:149][  0]LogConfig: Setting CVar [[r.SkyAtmosphere.FastSkyLUT.SampleCountMin:4.0]]
[2020.10.03-04.14.59:149][  0]LogConfig: Setting CVar [[r.SkyAtmosphere.FastSkyLUT.SampleCountMax:32.0]]
[2020.10.03-04.14.59:149][  0]LogConfig: Setting CVar [[r.SkyAtmosphere.SampleCountMin:4.0]]
[2020.10.03-04.14.59:149][  0]LogConfig: Setting CVar [[r.SkyAtmosphere.SampleCountMax:32.0]]
[2020.10.03-04.14.59:149][  0]LogConfig: Setting CVar [[r.SkyAtmosphere.TransmittanceLUT.UseSmallFormat:0]]
[2020.10.03-04.14.59:150][  0]LogConfig: Setting CVar [[r.SkyAtmosphere.TransmittanceLUT.SampleCount:10.0]]
[2020.10.03-04.14.59:150][  0]LogConfig: Setting CVar [[r.SkyAtmosphere.MultiScatteringLUT.SampleCount:15.0]]
[2020.10.03-04.14.59:150][  0]LogConfig: Applying CVar settings from Section [FoliageQuality@3] File [D:/Projects/UE4UdemyCXX/Section4/Escapegame/Saved/Config/Windows/Scalability.ini]
[2020.10.03-04.14.59:150][  0]LogConfig: Setting CVar [[foliage.DensityScale:1.0]]
[2020.10.03-04.14.59:150][  0]LogConfig: Setting CVar [[grass.DensityScale:1.0]]
[2020.10.03-04.14.59:150][  0]LogConfig: Applying CVar settings from Section [ShadingQuality@3] File [D:/Projects/UE4UdemyCXX/Section4/Escapegame/Saved/Config/Windows/Scalability.ini]
[2020.10.03-04.14.59:150][  0]LogConfig: Setting CVar [[r.HairStrands.SkyLighting.SampleCount:16]]
[2020.10.03-04.14.59:150][  0]LogConfig: Setting CVar [[r.HairStrands.SkyLighting.JitterIntegration:0]]
[2020.10.03-04.14.59:150][  0]LogConfig: Setting CVar [[r.HairStrands.SkyAO.SampleCount:16]]
[2020.10.03-04.14.59:150][  0]LogConfig: Setting CVar [[r.HairStrands.DeepShadow.SuperSampling:0]]
[2020.10.03-04.14.59:150][  0]LogConfig: Setting CVar [[r.HairStrands.VisibilityPPLL:0]]
[2020.10.03-04.14.59:150][  0]LogConfig: Setting CVar [[r.HairStrands.RasterizationScale:0.5]]
[2020.10.03-04.14.59:150][  0]LogConfig: Setting CVar [[r.HairStrands.VelocityRasterizationScale:1]]
[2020.10.03-04.14.59:151][  0]LogInit: Selected Device Profile: [Windows]
[2020.10.03-04.14.59:151][  0]LogInit: Applying CVar settings loaded from the selected device profile: [Windows]
[2020.10.03-04.14.59:153][  0]LogHAL: Display: Platform has ~ 24 GB [25627271168 / 34359738368 / 24], which maps to Larger [LargestMinGB=32, LargerMinGB=12, DefaultMinGB=8, SmallerMinGB=6, SmallestMinGB=0)
[2020.10.03-04.14.59:154][  0]LogInit: Going up to parent DeviceProfile []
[2020.10.03-04.14.59:154][  0]LogConfig: Applying CVar settings from Section [ViewDistanceQuality@3] File [D:/Projects/UE4UdemyCXX/Section4/Escapegame/Saved/Config/Windows/Scalability.ini]
[2020.10.03-04.14.59:154][  0]LogConfig: Setting CVar [[r.SkeletalMeshLODBias:0]]
[2020.10.03-04.14.59:154][  0]LogConfig: Setting CVar [[r.ViewDistanceScale:1.0]]
[2020.10.03-04.14.59:154][  0]LogConfig: Applying CVar settings from Section [AntiAliasingQuality@1] File [D:/Projects/UE4UdemyCXX/Section4/Escapegame/Saved/Config/Windows/Scalability.ini]
[2020.10.03-04.14.59:154][  0]LogConfig: Setting CVar [[r.PostProcessAAQuality:2]]
[2020.10.03-04.14.59:154][  0]LogConfig: Applying CVar settings from Section [ShadowQuality@1] File [D:/Projects/UE4UdemyCXX/Section4/Escapegame/Saved/Config/Windows/Scalability.ini]
[2020.10.03-04.14.59:155][  0]LogConfig: Setting CVar [[r.LightFunctionQuality:1]]
[2020.10.03-04.14.59:155][  0]LogConfig: Setting CVar [[r.ShadowQuality:3]]
[2020.10.03-04.14.59:155][  0]LogConfig: Setting CVar [[r.Shadow.CSM.MaxCascades:1]]
[2020.10.03-04.14.59:155][  0]LogConfig: Setting CVar [[r.Shadow.MaxResolution:1024]]
[2020.10.03-04.14.59:155][  0]LogConfig: Setting CVar [[r.Shadow.MaxCSMResolution:1024]]
[2020.10.03-04.14.59:155][  0]LogConfig: Setting CVar [[r.Shadow.RadiusThreshold:0.05]]
[2020.10.03-04.14.59:155][  0]LogConfig: Setting CVar [[r.Shadow.DistanceScale:0.7]]
[2020.10.03-04.14.59:155][  0]LogConfig: Setting CVar [[r.Shadow.CSM.TransitionScale:0.25]]
[2020.10.03-04.14.59:155][  0]LogConfig: Setting CVar [[r.Shadow.PreShadowResolutionFactor:0.5]]
[2020.10.03-04.14.59:155][  0]LogConfig: Setting CVar [[r.DistanceFieldShadowing:0]]
[2020.10.03-04.14.59:155][  0]LogConfig: Setting CVar [[r.DistanceFieldAO:0]]
[2020.10.03-04.14.59:155][  0]LogConfig: Setting CVar [[r.VolumetricFog:0]]
[2020.10.03-04.14.59:155][  0]LogConfig: Setting CVar [[r.LightMaxDrawDistanceScale:.5]]
[2020.10.03-04.14.59:155][  0]LogConfig: Setting CVar [[r.CapsuleShadows:1]]
[2020.10.03-04.14.59:155][  0]LogConfig: Applying CVar settings from Section [PostProcessQuality@1] File [D:/Projects/UE4UdemyCXX/Section4/Escapegame/Saved/Config/Windows/Scalability.ini]
[2020.10.03-04.14.59:155][  0]LogConfig: Setting CVar [[r.MotionBlurQuality:3]]
[2020.10.03-04.14.59:155][  0]LogConfig: Setting CVar [[r.AmbientOcclusionMipLevelFactor:1.0]]
[2020.10.03-04.14.59:155][  0]LogConfig: Setting CVar [[r.AmbientOcclusionMaxQuality:60]]
[2020.10.03-04.14.59:155][  0]LogConfig: Setting CVar [[r.AmbientOcclusionLevels:-1]]
[2020.10.03-04.14.59:155][  0]LogConfig: Setting CVar [[r.AmbientOcclusionRadiusScale:1.5]]
[2020.10.03-04.14.59:155][  0]LogConfig: Setting CVar [[r.DepthOfFieldQuality:1]]
[2020.10.03-04.14.59:155][  0]LogConfig: Setting CVar [[r.RenderTargetPoolMin:350]]
[2020.10.03-04.14.59:155][  0]LogConfig: Setting CVar [[r.LensFlareQuality:0]]
[2020.10.03-04.14.59:155][  0]LogConfig: Setting CVar [[r.SceneColorFringeQuality:0]]
[2020.10.03-04.14.59:155][  0]LogConfig: Setting CVar [[r.EyeAdaptationQuality:0]]
[2020.10.03-04.14.59:155][  0]LogConfig: Setting CVar [[r.BloomQuality:4]]
[2020.10.03-04.14.59:155][  0]LogConfig: Setting CVar [[r.FastBlurThreshold:2]]
[2020.10.03-04.14.59:155][  0]LogConfig: Setting CVar [[r.Upscale.Quality:2]]
[2020.10.03-04.14.59:155][  0]LogConfig: Setting CVar [[r.Tonemapper.GrainQuantization:0]]
[2020.10.03-04.14.59:155][  0]LogConfig: Setting CVar [[r.LightShaftQuality:0]]
[2020.10.03-04.14.59:156][  0]LogConfig: Setting CVar [[r.Filter.SizeScale:0.7]]
[2020.10.03-04.14.59:156][  0]LogConfig: Setting CVar [[r.Tonemapper.Quality:2]]
[2020.10.03-04.14.59:156][  0]LogConfig: Setting CVar [[r.DOF.Gather.AccumulatorQuality:0        ; lower gathering accumulator quality]]
[2020.10.03-04.14.59:156][  0]LogConfig: Setting CVar [[r.DOF.Gather.PostfilterMethod:2          ; Max3x3 postfilering method]]
[2020.10.03-04.14.59:156][  0]LogConfig: Setting CVar [[r.DOF.Gather.EnableBokehSettings:0       ; no bokeh simulation when gathering]]
[2020.10.03-04.14.59:156][  0]LogConfig: Setting CVar [[r.DOF.Gather.RingCount:3                 ; low number of samples when gathering]]
[2020.10.03-04.14.59:156][  0]LogConfig: Setting CVar [[r.DOF.Scatter.ForegroundCompositing:0    ; no foreground scattering]]
[2020.10.03-04.14.59:156][  0]LogConfig: Setting CVar [[r.DOF.Scatter.BackgroundCompositing:0    ; no foreground scattering]]
[2020.10.03-04.14.59:156][  0]LogConfig: Setting CVar [[r.DOF.Recombine.Quality:0                ; no slight out of focus]]
[2020.10.03-04.14.59:156][  0]LogConfig: Setting CVar [[r.DOF.TemporalAAQuality:0                ; faster temporal accumulation]]
[2020.10.03-04.14.59:156][  0]LogConfig: Setting CVar [[r.DOF.Kernel.MaxForegroundRadius:0.006   ; required because low gathering and no scattering and not looking great at 1080p]]
[2020.10.03-04.14.59:156][  0]LogConfig: Setting CVar [[r.DOF.Kernel.MaxBackgroundRadius:0.006   ; required because low gathering and no scattering and not looking great at 1080p]]
[2020.10.03-04.14.59:156][  0]LogConfig: Applying CVar settings from Section [TextureQuality@1] File [D:/Projects/UE4UdemyCXX/Section4/Escapegame/Saved/Config/Windows/Scalability.ini]
[2020.10.03-04.14.59:156][  0]LogConfig: Setting CVar [[r.Streaming.MipBias:1]]
[2020.10.03-04.14.59:156][  0]LogConfig: Setting CVar [[r.Streaming.AmortizeCPUToGPUCopy:0]]
[2020.10.03-04.14.59:156][  0]LogConfig: Setting CVar [[r.Streaming.MaxNumTexturesToStreamPerFrame:0]]
[2020.10.03-04.14.59:156][  0]LogConfig: Setting CVar [[r.Streaming.Boost:1]]
[2020.10.03-04.14.59:156][  0]LogConfig: Setting CVar [[r.MaxAnisotropy:2]]
[2020.10.03-04.14.59:156][  0]LogConfig: Setting CVar [[r.VT.MaxAnisotropy:4]]
[2020.10.03-04.14.59:156][  0]LogConfig: Setting CVar [[r.Streaming.LimitPoolSizeToVRAM:1]]
[2020.10.03-04.14.59:156][  0]LogConfig: Setting CVar [[r.Streaming.PoolSize:600]]
[2020.10.03-04.14.59:156][  0]LogConfig: Setting CVar [[r.Streaming.MaxEffectiveScreenSize:0]]
[2020.10.03-04.14.59:156][  0]LogConfig: Applying CVar settings from Section [EffectsQuality@1] File [D:/Projects/UE4UdemyCXX/Section4/Escapegame/Saved/Config/Windows/Scalability.ini]
[2020.10.03-04.14.59:156][  0]LogConfig: Setting CVar [[r.TranslucencyLightingVolumeDim:32]]
[2020.10.03-04.14.59:156][  0]LogConfig: Setting CVar [[r.RefractionQuality:0]]
[2020.10.03-04.14.59:156][  0]LogConfig: Setting CVar [[r.SSR.Quality:0]]
[2020.10.03-04.14.59:156][  0]LogConfig: Setting CVar [[r.SSR.HalfResSceneColor:1]]
[2020.10.03-04.14.59:156][  0]LogConfig: Setting CVar [[r.SceneColorFormat:3]]
[2020.10.03-04.14.59:156][  0]LogConfig: Setting CVar [[r.DetailMode:1]]
[2020.10.03-04.14.59:157][  0]LogConfig: Setting CVar [[r.TranslucencyVolumeBlur:0]]
[2020.10.03-04.14.59:157][  0]LogConfig: Setting CVar [[r.MaterialQualityLevel:2 ; Medium quality]]
[2020.10.03-04.14.59:157][  0]LogConfig: Setting CVar [[r.SSS.Scale:0.75]]
[2020.10.03-04.14.59:157][  0]LogConfig: Setting CVar [[r.SSS.SampleSet:0]]
[2020.10.03-04.14.59:157][  0]LogConfig: Setting CVar [[r.SSS.Quality:0]]
[2020.10.03-04.14.59:157][  0]LogConfig: Setting CVar [[r.SSS.HalfRes:1]]
[2020.10.03-04.14.59:157][  0]LogConfig: Setting CVar [[r.SSGI.Quality:1]]
[2020.10.03-04.14.59:157][  0]LogConfig: Setting CVar [[r.EmitterSpawnRateScale:0.25]]
[2020.10.03-04.14.59:157][  0]LogConfig: Setting CVar [[r.ParticleLightQuality:0]]
[2020.10.03-04.14.59:157][  0]LogConfig: Setting CVar [[r.SkyAtmosphere.AerialPerspectiveLUT.FastApplyOnOpaque:1 ; Always have FastSkyLUT 1 in this case to avoid wrong sky]]
[2020.10.03-04.14.59:157][  0]LogConfig: Setting CVar [[r.SkyAtmosphere.AerialPerspectiveLUT.SampleCountPerSlice:1]]
[2020.10.03-04.14.59:157][  0]LogConfig: Setting CVar [[r.SkyAtmosphere.AerialPerspectiveLUT.DepthResolution:16.0]]
[2020.10.03-04.14.59:157][  0]LogConfig: Setting CVar [[r.SkyAtmosphere.FastSkyLUT:1]]
[2020.10.03-04.14.59:157][  0]LogConfig: Setting CVar [[r.SkyAtmosphere.FastSkyLUT.SampleCountMin:4.0]]
[2020.10.03-04.14.59:157][  0]LogConfig: Setting CVar [[r.SkyAtmosphere.FastSkyLUT.SampleCountMax:32.0]]
[2020.10.03-04.14.59:157][  0]LogConfig: Setting CVar [[r.SkyAtmosphere.SampleCountMin:4.0]]
[2020.10.03-04.14.59:157][  0]LogConfig: Setting CVar [[r.SkyAtmosphere.SampleCountMax:32.0]]
[2020.10.03-04.14.59:157][  0]LogConfig: Setting CVar [[r.SkyAtmosphere.TransmittanceLUT.UseSmallFormat:0]]
[2020.10.03-04.14.59:157][  0]LogConfig: Setting CVar [[r.SkyAtmosphere.TransmittanceLUT.SampleCount:10.0]]
[2020.10.03-04.14.59:157][  0]LogConfig: Setting CVar [[r.SkyAtmosphere.MultiScatteringLUT.SampleCount:15.0]]
[2020.10.03-04.14.59:157][  0]LogConfig: Applying CVar settings from Section [FoliageQuality@1] File [D:/Projects/UE4UdemyCXX/Section4/Escapegame/Saved/Config/Windows/Scalability.ini]
[2020.10.03-04.14.59:157][  0]LogConfig: Setting CVar [[foliage.DensityScale:0.4]]
[2020.10.03-04.14.59:157][  0]LogConfig: Setting CVar [[grass.DensityScale:0.4]]
[2020.10.03-04.14.59:157][  0]LogConfig: Applying CVar settings from Section [ShadingQuality@1] File [D:/Projects/UE4UdemyCXX/Section4/Escapegame/Saved/Config/Windows/Scalability.ini]
[2020.10.03-04.14.59:157][  0]LogConfig: Setting CVar [[r.HairStrands.SkyLighting.SampleCount:16]]
[2020.10.03-04.14.59:158][  0]LogConfig: Setting CVar [[r.HairStrands.SkyLighting.JitterIntegration:0]]
[2020.10.03-04.14.59:158][  0]LogConfig: Setting CVar [[r.HairStrands.SkyAO.SampleCount:16]]
[2020.10.03-04.14.59:158][  0]LogConfig: Setting CVar [[r.HairStrands.DeepShadow.SuperSampling:0]]
[2020.10.03-04.14.59:158][  0]LogConfig: Setting CVar [[r.HairStrands.VisibilityPPLL:0]]
[2020.10.03-04.14.59:158][  0]LogConfig: Setting CVar [[r.HairStrands.RasterizationScale:0.5]]
[2020.10.03-04.14.59:158][  0]LogConfig: Setting CVar [[r.HairStrands.VelocityRasterizationScale:1]]
[2020.10.03-04.14.59:158][  0]LogConfig: Applying CVar settings from Section [Startup] File [../../../Engine/Config/ConsoleVariables.ini]
[2020.10.03-04.14.59:158][  0]LogConfig: Setting CVar [[net.UseAdaptiveNetUpdateFrequency:0]]
[2020.10.03-04.14.59:158][  0]LogConfig: Setting CVar [[p.chaos.AllowCreatePhysxBodies:1]]
[2020.10.03-04.14.59:158][  0]LogConfig: Setting CVar [[fx.SkipVectorVMBackendOptimizations:1]]
[2020.10.03-04.14.59:158][  0]LogConfig: Applying CVar settings from Section [ConsoleVariables] File [D:/Projects/UE4UdemyCXX/Section4/Escapegame/Saved/Config/Windows/Engine.ini]
[2020.10.03-04.14.59:162][  0]LogInit: Computer: DANLAPTOP
[2020.10.03-04.14.59:162][  0]LogInit: User: DAN
[2020.10.03-04.14.59:162][  0]LogInit: CPU Page size=4096, Cores=2
[2020.10.03-04.14.59:162][  0]LogInit: High frequency timer resolution =10.000000 MHz
[2020.10.03-04.14.59:163][  0]LogMemory: Memory total: Physical=23.9GB (24GB approx)
[2020.10.03-04.14.59:163][  0]LogMemory: Platform Memory Stats for Windows
[2020.10.03-04.14.59:163][  0]LogMemory: Process Physical Memory: 113.96 MB used, 113.97 MB peak
[2020.10.03-04.14.59:163][  0]LogMemory: Process Virtual Memory: 95.19 MB used, 95.19 MB peak
[2020.10.03-04.14.59:163][  0]LogMemory: Physical Memory: 14197.96 MB used,  10242.11 MB free, 24440.07 MB total
[2020.10.03-04.14.59:163][  0]LogMemory: Virtual Memory: 5122.76 MB used,  134212608.00 MB free, 134217728.00 MB total
[2020.10.03-04.14.59:178][  0]LogWindows: WindowsPlatformFeatures enabled
[2020.10.03-04.14.59:444][  0]LogInit: Physics initialised using underlying interface: PhysX
[2020.10.03-04.14.59:450][  0]LogInit: Using OS detected language (en-US).
[2020.10.03-04.14.59:450][  0]LogInit: Using OS detected locale (en-US).
[2020.10.03-04.14.59:473][  0]LogTextLocalizationManager: No specific localization for 'en-US' exists, so the 'en' localization will be used.
[2020.10.03-04.15.00:433][  0]LogSlate: New Slate User Created.  User Index 0, Is Virtual User: 0
[2020.10.03-04.15.00:433][  0]LogSlate: Slate User Registered.  User Index 0, Is Virtual User: 0
[2020.10.03-04.15.08:207][  0]LogHMD: Failed to initialize OpenVR with code 110
[2020.10.03-04.15.08:207][  0]LogD3D11RHI: D3D11 min allowed feature level: 11_0
[2020.10.03-04.15.08:207][  0]LogD3D11RHI: D3D11 max allowed feature level: 11_0
[2020.10.03-04.15.08:207][  0]LogD3D11RHI: D3D11 adapters:
[2020.10.03-04.15.08:985][  0]LogD3D11RHI:    0. 'NVIDIA GeForce GTX 960M' (Feature Level 11_0)
[2020.10.03-04.15.08:985][  0]LogD3D11RHI:       2010/0/12220 MB DedicatedVideo/DedicatedSystem/SharedSystem, Outputs:2, VendorId:0x10de
[2020.10.03-04.15.09:055][  0]LogD3D11RHI:    1. 'Intel(R) HD Graphics 520' (Feature Level 11_0)
[2020.10.03-04.15.09:055][  0]LogD3D11RHI:       128/0/12220 MB DedicatedVideo/DedicatedSystem/SharedSystem, Outputs:0, VendorId:0x8086
[2020.10.03-04.15.09:060][  0]LogD3D11RHI:    2. 'Microsoft Basic Render Driver' (Feature Level 11_0)
[2020.10.03-04.15.09:060][  0]LogD3D11RHI:       0/0/12220 MB DedicatedVideo/DedicatedSystem/SharedSystem, Outputs:0, VendorId:0x1414
[2020.10.03-04.15.09:061][  0]LogD3D11RHI: Chosen D3D11 Adapter: 0
[2020.10.03-04.15.09:085][  0]LogD3D11RHI: Creating new Direct3DDevice
[2020.10.03-04.15.09:085][  0]LogD3D11RHI:     GPU DeviceId: 0x139b (for the marketing name, search the web for "GPU Device Id")
[2020.10.03-04.15.09:085][  0]LogWindows: EnumDisplayDevices:
[2020.10.03-04.15.09:086][  0]LogWindows:    0. 'Intel(R) HD Graphics 520' (P:0 D:1)
[2020.10.03-04.15.09:086][  0]LogWindows:    1. 'Intel(R) HD Graphics 520' (P:1 D:1)
[2020.10.03-04.15.09:087][  0]LogWindows:    2. 'Intel(R) HD Graphics 520' (P:0 D:0)
[2020.10.03-04.15.09:087][  0]LogWindows: DebugString: PrimaryIsNotTheChoosenAdapter PrimaryIsNotTheChoosenAdapter PrimaryIsNotTheChoosenAdapter FoundDriverCount:0 
[2020.10.03-04.15.09:087][  0]LogD3D11RHI:     Adapter Name: NVIDIA GeForce GTX 960M
[2020.10.03-04.15.09:087][  0]LogD3D11RHI:   Driver Version: Unknown (internal:Unknown, unified:Unknown)
[2020.10.03-04.15.09:087][  0]LogD3D11RHI:      Driver Date: Unknown
[2020.10.03-04.15.09:087][  0]LogRHI: Texture pool is 1407 MB (70% of 2010 MB)
[2020.10.03-04.15.09:187][  0]LogD3D11RHI: RHI has support for 64 bit atomics
[2020.10.03-04.15.09:194][  0]LogD3D11RHI: [Aftermath] Enabled and primed
[2020.10.03-04.15.09:195][  0]LogD3D11RHI: Async texture creation enabled
[2020.10.03-04.15.09:285][  0]LogD3D11RHI: GPU Timing Frequency: 1000.000000 (Debug: 2 1)
[2020.10.03-04.15.10:741][  0]LogTargetPlatformManager: Display: Loaded TargetPlatform 'AllDesktop'
[2020.10.03-04.15.10:798][  0]LogTargetPlatformManager: Display: Loaded TargetPlatform 'Android'
[2020.10.03-04.15.10:798][  0]LogTargetPlatformManager: Display: Loaded TargetPlatform 'Android_ASTC'
[2020.10.03-04.15.10:798][  0]LogTargetPlatformManager: Display: Loaded TargetPlatform 'Android_DXT'
[2020.10.03-04.15.10:798][  0]LogTargetPlatformManager: Display: Loaded TargetPlatform 'Android_ETC2'
[2020.10.03-04.15.10:798][  0]LogTargetPlatformManager: Display: Loaded TargetPlatform 'AndroidClient'
[2020.10.03-04.15.10:798][  0]LogTargetPlatformManager: Display: Loaded TargetPlatform 'Android_ASTCClient'
[2020.10.03-04.15.10:798][  0]LogTargetPlatformManager: Display: Loaded TargetPlatform 'Android_DXTClient'
[2020.10.03-04.15.10:798][  0]LogTargetPlatformManager: Display: Loaded TargetPlatform 'Android_ETC2Client'
[2020.10.03-04.15.10:798][  0]LogTargetPlatformManager: Display: Loaded TargetPlatform 'Android_Multi'
[2020.10.03-04.15.10:798][  0]LogTargetPlatformManager: Display: Loaded TargetPlatform 'Android_MultiClient'
[2020.10.03-04.15.10:879][  0]LogTargetPlatformManager: Display: Loaded TargetPlatform 'IOSClient'
[2020.10.03-04.15.10:879][  0]LogTargetPlatformManager: Display: Loaded TargetPlatform 'IOS'
[2020.10.03-04.15.10:905][  0]LogTargetPlatformManager: Display: Loaded TargetPlatform 'Linux'
[2020.10.03-04.15.10:927][  0]LogTargetPlatformManager: Display: Loaded TargetPlatform 'LinuxNoEditor'
[2020.10.03-04.15.10:949][  0]LogTargetPlatformManager: Display: Loaded TargetPlatform 'LinuxClient'
[2020.10.03-04.15.10:971][  0]LogTargetPlatformManager: Display: Loaded TargetPlatform 'LinuxServer'
[2020.10.03-04.15.10:995][  0]LogTargetPlatformManager: Display: Loaded TargetPlatform 'LinuxAArch64NoEditor'
[2020.10.03-04.15.11:017][  0]LogTargetPlatformManager: Display: Loaded TargetPlatform 'LinuxAArch64Client'
[2020.10.03-04.15.11:039][  0]LogTargetPlatformManager: Display: Loaded TargetPlatform 'LinuxAArch64Server'
[2020.10.03-04.15.11:098][  0]LogTargetPlatformManager: Display: Loaded TargetPlatform 'Lumin'
[2020.10.03-04.15.11:098][  0]LogTargetPlatformManager: Display: Loaded TargetPlatform 'LuminClient'
[2020.10.03-04.15.11:130][  0]LogTargetPlatformManager: Display: Loaded TargetPlatform 'TVOSClient'
[2020.10.03-04.15.11:130][  0]LogTargetPlatformManager: Display: Loaded TargetPlatform 'TVOS'
[2020.10.03-04.15.11:152][  0]LogTargetPlatformManager: Display: Loaded TargetPlatform 'WindowsNoEditor'
[2020.10.03-04.15.11:175][  0]LogTargetPlatformManager: Display: Loaded TargetPlatform 'Windows'
[2020.10.03-04.15.11:197][  0]LogTargetPlatformManager: Display: Loaded TargetPlatform 'WindowsClient'
[2020.10.03-04.15.11:218][  0]LogTargetPlatformManager: Display: Loaded TargetPlatform 'WindowsServer'
[2020.10.03-04.15.11:218][  0]LogTargetPlatformManager: Display: Building Assets For Windows
[2020.10.03-04.15.11:244][  0]LogAudioDebug: Display: Lib vorbis DLL was dynamically loaded.
[2020.10.03-04.15.11:448][  0]LogShaderCompilers: Guid format shader working directory is 0 characters bigger than the processId version (D:/Projects/UE4UdemyCXX/Section4/Escapegame/Intermediate/Shaders/WorkingDirectory/12332/).
[2020.10.03-04.15.11:448][  0]LogShaderCompilers: Cleaned the shader compiler working directory 'C:/Users/DAN/AppData/Local/Temp/UnrealShaderWorkingDir/A5A7015249F6FAE65DF7C495E567C1CA/'.
[2020.10.03-04.15.11:450][  0]LogXGEController: Cleaning working directory: C:/Users/DAN/AppData/Local/Temp/UnrealXGEWorkingDir/
[2020.10.03-04.15.11:451][  0]LogXGEController: Cannot use XGE Controller as Incredibuild is not installed on this machine.
[2020.10.03-04.15.11:451][  0]LogShaderCompilers: Cannot use XGE Shader Compiler as Incredibuild is not installed on this machine.
[2020.10.03-04.15.11:451][  0]LogShaderCompilers: Display: Using Local Shader Compiler.
[2020.10.03-04.15.19:436][  0]LogDerivedDataCache: Display: Max Cache Size: 512 MB
[2020.10.03-04.15.19:725][  0]LogDerivedDataCache: Loaded boot cache 0.29s 76MB C:/Users/DAN/AppData/Local/UnrealEngine/4.25/DerivedDataCache/Boot.ddc.
[2020.10.03-04.15.19:725][  0]LogDerivedDataCache: Display: Loaded Boot cache: C:/Users/DAN/AppData/Local/UnrealEngine/4.25/DerivedDataCache/Boot.ddc
[2020.10.03-04.15.19:725][  0]LogDerivedDataCache: FDerivedDataBackendGraph:  Pak pak cache file D:/Projects/UE4UdemyCXX/Section4/Escapegame/DerivedDataCache/DDC.ddp not found, will not use a pak cache.
[2020.10.03-04.15.19:725][  0]LogDerivedDataCache: Unable to find inner node Pak for hierarchical cache Hierarchy.
[2020.10.03-04.15.19:725][  0]LogDerivedDataCache: FDerivedDataBackendGraph:  CompressedPak pak cache file D:/Projects/UE4UdemyCXX/Section4/Escapegame/DerivedDataCache/Compressed.ddp not found, will not use a pak cache.
[2020.10.03-04.15.19:725][  0]LogDerivedDataCache: Unable to find inner node CompressedPak for hierarchical cache Hierarchy.
[2020.10.03-04.15.19:778][  0]LogDerivedDataCache: Display: Pak cache opened for reading ../../../Engine/DerivedDataCache/Compressed.ddp.
[2020.10.03-04.15.19:778][  0]LogDerivedDataCache: FDerivedDataBackendGraph:  EnterprisePak pak cache file ../../../Enterprise/DerivedDataCache/Compressed.ddp not found, will not use a pak cache.
[2020.10.03-04.15.19:779][  0]LogDerivedDataCache: Unable to find inner node EnterprisePak for hierarchical cache Hierarchy.
[2020.10.03-04.15.19:816][  0]LogDerivedDataCache: Using Local data cache path C:/Users/DAN/AppData/Local/UnrealEngine/Common/DerivedDataCache: Writable
[2020.10.03-04.15.19:817][  0]LogDerivedDataCache: Shared data cache path not found in *engine.ini, will not use an Shared cache.
[2020.10.03-04.15.19:817][  0]LogDerivedDataCache: Unable to find inner node Shared for hierarchical cache Hierarchy.
[2020.10.03-04.15.19:949][  0]LogSlate: Using FreeType 2.10.0
[2020.10.03-04.15.19:995][  0]LogSlate: SlateFontServices - WITH_FREETYPE: 1, WITH_HARFBUZZ: 1
[2020.10.03-04.15.20:347][  0]LogAssetRegistry: FAssetRegistry took 0.0515 seconds to start up
[2020.10.03-04.15.21:073][  0]LogInit: Selected Device Profile: [Windows]
[2020.10.03-04.15.21:678][  0]LogMeshReduction: Using QuadricMeshReduction for automatic static mesh reduction
[2020.10.03-04.15.21:678][  0]LogMeshReduction: Using SimplygonMeshReduction for automatic skeletal mesh reduction
[2020.10.03-04.15.21:678][  0]LogMeshReduction: Using ProxyLODMeshReduction for automatic mesh merging
[2020.10.03-04.15.21:678][  0]LogMeshReduction: No distributed automatic mesh merging module available
[2020.10.03-04.15.21:679][  0]LogMeshMerging: No distributed automatic mesh merging module available
[2020.10.03-04.15.21:815][  0]LogNetVersion: Escapegame 1.0.0, NetCL: 13144385, EngineNetVer: 14, GameNetVer: 0 (Checksum: 2243176662)
[2020.10.03-04.15.26:896][  0]LogAISub: UAISubsystem::UAISubsystem AISubsystem (000002A64C4A0F00), frame # 0
[2020.10.03-04.15.26:896][  0]LogAISub: UAISubsystem::UAISubsystem AIPerceptionSystem (000002A64C3D51C0), frame # 0
[2020.10.03-04.15.26:903][  0]LogAISub: UAISubsystem::UAISubsystem EnvQueryManager (000002A64C425C00), frame # 0
[2020.10.03-04.15.27:086][  0]LogPackageLocalizationCache: Processed 20 localized package path(s) for 1 prioritized culture(s) in 0.122416 seconds
[2020.10.03-04.15.27:098][  0]LogUObjectArray: 15917 objects as part of root set at end of initial load.
[2020.10.03-04.15.27:098][  0]LogUObjectAllocator: 3965568 out of 0 bytes used by permanent object pool.
[2020.10.03-04.15.27:098][  0]LogUObjectArray: CloseDisregardForGC: 0/0 objects in disregard for GC pool
[2020.10.03-04.15.29:318][  0]LogTcpMessaging: Initializing TcpMessaging bridge
[2020.10.03-04.15.29:370][  0]LogUdpMessaging: Initializing bridge on interface 0.0.0.0:0 to multicast group 230.0.0.1:6666.
[2020.10.03-04.15.29:866][  0]SourceControl: Source control is disabled
[2020.10.03-04.15.29:867][  0]SourceControl: Source control is disabled
[2020.10.03-04.15.29:883][  0]SourceControl: Source control is disabled
[2020.10.03-04.15.29:896][  0]SourceControl: Source control is disabled
[2020.10.03-04.15.29:920][  0]SourceControl: Source control is disabled
[2020.10.03-04.15.30:969][  0]LogAndroidPermission: UAndroidPermissionCallbackProxy::GetInstance
[2020.10.03-04.15.31:023][  0]LogAudioCaptureCore: Display: No Audio Capture implementations found. Audio input will be silent.
[2020.10.03-04.15.31:023][  0]LogAudioCaptureCore: Display: No Audio Capture implementations found. Audio input will be silent.
[2020.10.03-04.15.31:162][  0]LogHoudiniEngine: Starting the Houdini Engine module.
[2020.10.03-04.15.31:195][  0]LogHoudiniEngine: Loaded libHAPIL.dll from Registry path C:/Program Files/Side Effects Software/Houdini 18.0.566/bin
[2020.10.03-04.15.31:208][  0]LogLinker: Warning: Asset '../../Plugins/Runtime/HoudiniEngine/Content/houdini_logo.uasset' has been saved with empty engine version. The asset will be loaded but may be incompatible.
[2020.10.03-04.15.31:227][  0]LogLinker: Warning: Asset '../../Plugins/Runtime/HoudiniEngine/Content/houdini_default_material.uasset' has been saved with empty engine version. The asset will be loaded but may be incompatible.
[2020.10.03-04.15.31:244][  0]LogLinker: Warning: Asset '../../Plugins/Runtime/HoudiniEngine/Content/houdini_bgeo_import.uasset' has been saved with empty engine version. The asset will be loaded but may be incompatible.
[2020.10.03-04.15.31:401][  0]LogOcInput: OculusInput pre-init called
[2020.10.03-04.15.31:438][  0]LogWindows: Failed to load 'OVRPlugin.dll' (GetLastError=126)
[2020.10.03-04.15.31:438][  0]LogWindows: File 'OVRPlugin.dll' does not exist
[2020.10.03-04.15.31:751][  0]LogEngine: Initializing Engine...
[2020.10.03-04.15.31:756][  0]LogHMD: Failed to initialize OpenVR with code 110
[2020.10.03-04.15.31:756][  0]LogMagicLeap: Warning: VR disabled because ZI is not enabled.  To enable, in the editor, Edit -> Project Settings -> Plugins -> Magic Leap Plugin -> Enable Zero Iteration
[2020.10.03-04.15.31:761][  0]LogStats: UGameplayTagsManager::InitializeManager -  0.002 s
[2020.10.03-04.15.32:489][  0]LogInit: Initializing FReadOnlyCVARCache
[2020.10.03-04.15.32:543][  0]LogAIModule: Creating AISystem for world Untitled
[2020.10.03-04.15.32:543][  0]LogAISub: UAISubsystem::UAISubsystem EnvQueryManager (000002A652163C00), frame # 0
[2020.10.03-04.15.32:544][  0]LogAISub: UAISubsystem::UAISubsystem AIPerceptionSystem (000002A6521C4B80), frame # 0
[2020.10.03-04.15.32:564][  0]LogAudioMixer: Display: Audio Mixer Platform Settings:
[2020.10.03-04.15.32:564][  0]LogAudioMixer: Display: 	Sample Rate:						  48000
[2020.10.03-04.15.32:564][  0]LogAudioMixer: Display: 	Callback Buffer Frame Size Requested: 1024
[2020.10.03-04.15.32:564][  0]LogAudioMixer: Display: 	Callback Buffer Frame Size To Use:	  1024
[2020.10.03-04.15.32:564][  0]LogAudioMixer: Display: 	Number of buffers to queue:			  2
[2020.10.03-04.15.32:564][  0]LogAudioMixer: Display: 	Max Channels (voices):				  32
[2020.10.03-04.15.32:564][  0]LogAudioMixer: Display: 	Number of Async Source Workers:		  0
[2020.10.03-04.15.32:564][  0]LogAudio: Display: AudioDevice MaxSources: 32
[2020.10.03-04.15.32:568][  0]LogAudio: Display: Using built-in audio occlusion.
[2020.10.03-04.15.32:568][  0]LogAudioMixer: Display: Initializing audio mixer.
[2020.10.03-04.15.32:627][  0]LogAudioMixer: Display: 0: FrontLeft
[2020.10.03-04.15.32:627][  0]LogAudioMixer: Display: 1: FrontRight
[2020.10.03-04.15.34:091][  0]LogAudioMixer: Display: Using Audio Device Speakers (Conexant SmartAudio HD)
[2020.10.03-04.15.34:097][  0]LogAudioMixer: Display: Initializing Sound Submixes...
[2020.10.03-04.15.34:157][  0]LogAudioMixer: Display: Creating Master Submix 'MasterSubmixDefault'
[2020.10.03-04.15.34:157][  0]LogAudioMixer: Display: Creating Master Submix 'MasterReverbSubmixDefault'
[2020.10.03-04.15.34:160][  0]LogAudioMixer: Display: Creating Master Submix 'MasterEQSubmixDefault'
[2020.10.03-04.15.34:178][  0]LogInit: FAudioDevice initialized.
[2020.10.03-04.15.34:179][  0]LogNetVersion: Set ProjectVersion to 1.0.0.0. Version Checksum will be recalculated on next use.
[2020.10.03-04.15.36:502][  0]LogDerivedDataCache: Saved boot cache 2.32s 76MB C:/Users/DAN/AppData/Local/UnrealEngine/4.25/DerivedDataCache/Boot.ddc.
[2020.10.03-04.15.36:511][  0]LogInit: Texture streaming: Enabled
[2020.10.03-04.15.36:552][  0]LogEngineSessionManager: EngineSessionManager initialized
[2020.10.03-04.15.36:552][  0]LogEditorSessionSummary: Verbose: Initializing EditorSessionSummaryWriter for editor session tracking
[2020.10.03-04.15.36:559][  0]LogEditorSessionSummary: EditorSessionSummaryWriter initialized
[2020.10.03-04.15.36:704][  0]LogInit: Transaction tracking system initialized
[2020.10.03-04.15.36:783][  0]BlueprintLog: New page: Editor Load
[2020.10.03-04.15.37:092][  0]LocalizationService: Localization service is disabled
[2020.10.03-04.15.38:759][  0]LogFileCache: Scanning file cache for directory 'D:/Projects/UE4UdemyCXX/Section4/Escapegame/Content/' took 0.03s
[2020.10.03-04.15.38:759][  0]LogCook: Display: Max memory allowance for cook 16384mb min free memory 0mb
[2020.10.03-04.15.38:759][  0]LogCook: Display: Mobile HDR setting 1
[2020.10.03-04.15.39:881][  0]LogHoudiniEngineEditor: Starting the Houdini Engine Editor module.
[2020.10.03-04.15.39:898][  0]LogHoudiniEngineEditor: Houdini Engine Editor module startup complete.
[2020.10.03-04.15.40:766][  0]SourceControl: Source control is disabled
[2020.10.03-04.15.40:767][  0]LogUnrealEdMisc: Loading editor; pre map load, took 52.972
[2020.10.03-04.15.40:768][  0]Cmd: MAP LOAD FILE="../../../Engine/Content/Maps/Templates/Template_Default.umap" TEMPLATE=1 SHOWPROGRESS=1 FEATURELEVEL=3
[2020.10.03-04.15.40:783][  0]LightingResults: New page: Lighting Build
[2020.10.03-04.15.40:794][  0]LogWorld: UWorld::CleanupWorld for Untitled, bSessionEnded=true, bCleanupResources=true
[2020.10.03-04.15.40:795][  0]LogSlate: InvalidateAllWidgets triggered.  All widgets were invalidated
[2020.10.03-04.15.40:796][  0]MapCheck: New page: Map Check
[2020.10.03-04.15.40:796][  0]LightingResults: New page: Lighting Build
[2020.10.03-04.15.40:820][  0]LogAISub: UAISubsystem::~UAISubsystem EnvQueryManager (000002A652163C00), frame # 0
[2020.10.03-04.15.40:820][  0]LogAISub: UAISubsystem::~UAISubsystem AIPerceptionSystem (000002A6521C4B80), frame # 0
[2020.10.03-04.15.40:822][  0]LogUObjectHash: Compacting FUObjectHashTables data took   1.46ms
[2020.10.03-04.15.41:175][  0]LogAIModule: Creating AISystem for world Untitled_1
[2020.10.03-04.15.41:175][  0]LogAISub: UAISubsystem::UAISubsystem EnvQueryManager (000002A640F9BA00), frame # 0
[2020.10.03-04.15.41:175][  0]LogAISub: UAISubsystem::UAISubsystem AIPerceptionSystem (000002A64100DA80), frame # 0
[2020.10.03-04.15.41:209][  0]LogEditorServer: Finished looking for orphan Actors (0.000 secs)
[2020.10.03-04.15.41:227][  0]LogUObjectHash: Compacting FUObjectHashTables data took   1.33ms
[2020.10.03-04.15.41:228][  0]Cmd: MAP CHECKDEP NOCLEARLOG
[2020.10.03-04.15.41:228][  0]MapCheck: Map check complete: 0 Error(s), 0 Warning(s), took 0.506ms to complete.
[2020.10.03-04.15.41:229][  0]LogFileHelpers: Loading map 'Template_Default' took 0.461
[2020.10.03-04.15.41:275][  0]LogUnrealEdMisc: Total Editor Startup Time, took 53.480
[2020.10.03-04.15.41:643][  0]LogSlate: Updating window title bar state: overlay mode, drag disabled, window buttons hidden, title bar hidden
[2020.10.03-04.15.41:660][  0]LogSlate: Updating window title bar state: overlay mode, drag disabled, window buttons hidden, title bar hidden
[2020.10.03-04.15.41:677][  0]LogSlate: Updating window title bar state: overlay mode, drag disabled, window buttons hidden, title bar hidden
[2020.10.03-04.15.41:694][  0]LogSlate: Updating window title bar state: overlay mode, drag disabled, window buttons hidden, title bar hidden
[2020.10.03-04.15.41:730][  0]LogCollectionManager: Loaded 0 collections in 0.003538 seconds
[2020.10.03-04.15.41:879][  0]LogFileCache: Scanning file cache for directory 'D:/Projects/UE4UdemyCXX/Section4/Escapegame/Saved/Collections/' took 0.03s
[2020.10.03-04.15.41:879][  0]LogFileCache: Scanning file cache for directory 'D:/Projects/UE4UdemyCXX/Section4/Escapegame/Content/Developers/DAN/Collections/' took 0.05s
[2020.10.03-04.15.41:880][  0]LogFileCache: Scanning file cache for directory 'D:/Projects/UE4UdemyCXX/Section4/Escapegame/Content/Collections/' took 0.02s
[2020.10.03-04.15.41:880][  0]LogContentBrowser: Native class hierarchy populated in 0.0220 seconds. Added 3466 classes and 830 folders.
[2020.10.03-04.15.41:899][  0]LogContentBrowser: Native class hierarchy updated for 'WidgetCarousel' in 0.0007 seconds. Added 0 classes and 0 folders.
[2020.10.03-04.15.42:141][  0]LogContentBrowser: Native class hierarchy updated for 'AddContentDialog' in 0.0013 seconds. Added 0 classes and 0 folders.
[2020.10.03-04.15.42:156][  0]LogContentBrowser: Native class hierarchy updated for 'SceneOutliner' in 0.0012 seconds. Added 2 classes and 0 folders.
[2020.10.03-04.15.42:192][  0]LogContentBrowser: Native class hierarchy updated for 'WorldBrowser' in 0.0009 seconds. Added 2 classes and 3 folders.
[2020.10.03-04.15.43:313][  0]LogHoudiniEngine: Error: Hapi failed: 
[2020.10.03-04.15.43:526][  0]LogSlate: Took 0.016649 seconds to synchronously load lazily loaded font '../../../Engine/Content/Slate/Fonts/Roboto-Regular.ttf' (155K)
[2020.10.03-04.15.43:546][  0]LogSlate: Took 0.014209 seconds to synchronously load lazily loaded font '../../../Engine/Content/Slate/Fonts/Roboto-Bold.ttf' (160K)
[2020.10.03-04.15.43:572][  0]LogSlate: Took 0.013490 seconds to synchronously load lazily loaded font '../../../Engine/Content/Editor/Slate/Fonts/FontAwesome.ttf' (139K)
[2020.10.03-04.15.43:896][  0]LogRenderer: Reallocating scene render targets to support 1140x468 Format 9 NumSamples 1 (Frame:1).
[2020.10.03-04.15.44:038][  0]LogSlate: Took 0.012970 seconds to synchronously load lazily loaded font '../../../Engine/Content/Slate/Fonts/Roboto-Light.ttf' (167K)
[2020.10.03-04.15.44:176][  0]LogContentBrowser: Native class hierarchy updated for 'HierarchicalLODOutliner' in 0.0016 seconds. Added 0 classes and 0 folders.
[2020.10.03-04.15.44:176][  0]LogLoad: (Engine Initialization) Total time: 56.38 seconds
[2020.10.03-04.15.44:176][  0]LogLoad: (Engine Initialization) Total Blueprint compile time: 0.00 seconds
[2020.10.03-04.15.44:450][  0]LogContentStreaming: Texture pool size now 600 MB
[2020.10.03-04.15.44:588][  1]LogAssetRegistry: Asset discovery search completed in 24.2855 seconds
[2020.10.03-04.15.44:598][  1]LogCollectionManager: Fixed up redirectors for 0 collections in 0.000009 seconds (updated 0 objects)
[2020.10.03-04.16.01:035][115]Candidate modules for hot reload:
[2020.10.03-04.16.01:035][115]  Escapegame
[2020.10.03-04.16.01:035][115]Launching UnrealBuildTool... [C:/Program Files/Epic Games/UE_4.25/Engine/Binaries/DotNET/UnrealBuildTool.exe  -ModuleWithSuffix=Escapegame,736 EscapegameEditor Win64 Development -Project="D:/Projects/UE4UdemyCXX/Section4/Escapegame/Escapegame.uproject" "D:/Projects/UE4UdemyCXX/Section4/Escapegame/Escapegame.uproject"  -IgnoreJunk]
[2020.10.03-04.16.01:040][115]Warning: Starting HotReload took  0.0s.
[2020.10.03-04.28.14:954][595]CompilerResultsLog: New page: Compilation - Oct 3, 2020, 2:28:14 PM
[2020.10.03-04.28.14:959][595]CompilerResultsLog: Creating makefile for EscapegameEditor (no existing makefile)
[2020.10.03-04.28.14:959][595]CompilerResultsLog: Houdini Engine : Looking for Houdini Engine 18.0.566 in C:/Program Files/Side Effects Software/Houdini Engine 18.0.566
[2020.10.03-04.28.14:959][595]CompilerResultsLog: Houdini Engine : Looking for Houdini 18.0.566 in C:/Program Files/Side Effects Software/Houdini 18.0.566
[2020.10.03-04.28.14:959][595]CompilerResultsLog: Houdini Engine: Found Houdini in C:/Program Files/Side Effects Software/Houdini 18.0.566
[2020.10.03-04.28.14:959][595]CompilerResultsLog: Building EscapegameEditor...
[2020.10.03-04.28.14:959][595]CompilerResultsLog: Using Visual Studio 2019 14.27.29111 toolchain (D:\Program Files\VisualStudio\2019\VC\Tools\MSVC\14.27.29110) and Windows 10.0.18362.0 SDK (C:\Program Files (x86)\Windows Kits\10).
[2020.10.03-04.28.14:959][595]CompilerResultsLog: Building 10 actions with 4 processes...
[2020.10.03-04.28.14:959][595]CompilerResultsLog:   [1/10] SharedPCH.Engine.ShadowErrors.cpp
[2020.10.03-04.28.14:959][595]CompilerResultsLog:   [2/10] EscapegameGameModeBase.cpp
[2020.10.03-04.28.14:959][595]CompilerResultsLog:    D:\Projects\UE4UdemyCXX\Section4\Escapegame\Intermediate\Build\Win64\UE4Editor\Inc\Escapegame\EscapegameGameModeBase.generated.h(19) : error C2059: syntax error: 'string'
[2020.10.03-04.28.14:959][595]CompilerResultsLog:    D:\Projects\UE4UdemyCXX\Section4\Escapegame\Intermediate\Build\Win64\UE4Editor\Inc\Escapegame\EscapegameGameModeBase.generated.h(22) : error C2255: 'friend': not allowed outside of a class definition
[2020.10.03-04.28.14:959][595]CompilerResultsLog:    D:\Projects\UE4UdemyCXX\Section4\Escapegame\Intermediate\Build\Win64\UE4Editor\Inc\Escapegame\EscapegameGameModeBase.generated.h(23) : error C2059: syntax error: 'public'
[2020.10.03-04.28.14:959][595]CompilerResultsLog:    D:\Projects\UE4UdemyCXX\Section4\Escapegame\Intermediate\Build\Win64\UE4Editor\Inc\Escapegame\EscapegameGameModeBase.generated.h(24) : error C2059: syntax error: 'private'
[2020.10.03-04.28.14:959][595]CompilerResultsLog:    D:\Projects\UE4UdemyCXX\Section4\Escapegame\Intermediate\Build\Win64\UE4Editor\Inc\Escapegame\EscapegameGameModeBase.generated.h(24) : error C2143: syntax error: missing ';' before '&'
[2020.10.03-04.28.14:959][595]CompilerResultsLog:    D:\Projects\UE4UdemyCXX\Section4\Escapegame\Intermediate\Build\Win64\UE4Editor\Inc\Escapegame\EscapegameGameModeBase.generated.h(24) : error C4430: missing type specifier - int assumed. Note: C++ does not support default-int
[2020.10.03-04.28.14:959][595]CompilerResultsLog:    D:\Projects\UE4UdemyCXX\Section4\Escapegame\Intermediate\Build\Win64\UE4Editor\Inc\Escapegame\EscapegameGameModeBase.generated.h(24) : error C2059: syntax error: ')'
[2020.10.03-04.28.14:959][595]CompilerResultsLog:    D:\Projects\UE4UdemyCXX\Section4\Escapegame\Intermediate\Build\Win64\UE4Editor\Inc\Escapegame\EscapegameGameModeBase.generated.h(24) : error C2086: 'int AEscapegameGameModeBase': redefinition
[2020.10.03-04.28.14:959][595]CompilerResultsLog:   D:\Projects\UE4UdemyCXX\Section4\Escapegame\Intermediate\Build\Win64\UE4Editor\Inc\Escapegame\EscapegameGameModeBase.generated.h(24): note: see declaration of 'AEscapegameGameModeBase'
[2020.10.03-04.28.14:959][595]CompilerResultsLog:    D:\Projects\UE4UdemyCXX\Section4\Escapegame\Intermediate\Build\Win64\UE4Editor\Inc\Escapegame\EscapegameGameModeBase.generated.h(24) : error C2143: syntax error: missing ',' before '&'
[2020.10.03-04.28.14:959][595]CompilerResultsLog:    D:\Projects\UE4UdemyCXX\Section4\Escapegame\Intermediate\Build\Win64\UE4Editor\Inc\Escapegame\EscapegameGameModeBase.generated.h(24) : error C2801: 'operator =' must be a non-static member
[2020.10.03-04.28.14:959][595]CompilerResultsLog:    D:\Projects\UE4UdemyCXX\Section4\Escapegame\Intermediate\Build\Win64\UE4Editor\Inc\Escapegame\EscapegameGameModeBase.generated.h(24) : error C2059: syntax error: 'public'
[2020.10.03-04.28.14:959][595]CompilerResultsLog:    D:\Projects\UE4UdemyCXX\Section4\Escapegame\Intermediate\Build\Win64\UE4Editor\Inc\Escapegame\EscapegameGameModeBase.generated.h(24) : error C2378: 'AEscapegameGameModeBase': redefinition; symbol cannot be overloaded with a typedef
[2020.10.03-04.28.14:959][595]CompilerResultsLog:   D:\Projects\UE4UdemyCXX\Section4\Escapegame\Intermediate\Build\Win64\UE4Editor\Inc\Escapegame\EscapegameGameModeBase.generated.h(24): note: see declaration of 'AEscapegameGameModeBase'
[2020.10.03-04.28.14:959][595]CompilerResultsLog:    D:\Projects\UE4UdemyCXX\Section4\Escapegame\Intermediate\Build\Win64\UE4Editor\Inc\Escapegame\EscapegameGameModeBase.generated.h(24) : error C2146: syntax error: missing ';' before identifier 'ThisClass'
[2020.10.03-04.28.14:959][595]CompilerResultsLog:    D:\Projects\UE4UdemyCXX\Section4\Escapegame\Intermediate\Build\Win64\UE4Editor\Inc\Escapegame\EscapegameGameModeBase.generated.h(25) : error C2255: 'friend': not allowed outside of a class definition
[2020.10.03-04.28.14:959][595]CompilerResultsLog:    D:\Projects\UE4UdemyCXX\Section4\Escapegame\Intermediate\Build\Win64\UE4Editor\Inc\Escapegame\EscapegameGameModeBase.generated.h(25) : error C2061: syntax error: identifier 'AEscapegameGameModeBase'
[2020.10.03-04.28.14:959][595]CompilerResultsLog:    D:\Projects\UE4UdemyCXX\Section4\Escapegame\Intermediate\Build\Win64\UE4Editor\Inc\Escapegame\EscapegameGameModeBase.generated.h(25) : error C2805: binary 'operator <<' has too few parameters
[2020.10.03-04.28.14:959][595]CompilerResultsLog:    D:\Projects\UE4UdemyCXX\Section4\Escapegame\Intermediate\Build\Win64\UE4Editor\Inc\Escapegame\EscapegameGameModeBase.generated.h(25) : error C2065: 'Res': undeclared identifier
[2020.10.03-04.28.14:959][595]CompilerResultsLog:    D:\Projects\UE4UdemyCXX\Section4\Escapegame\Intermediate\Build\Win64\UE4Editor\Inc\Escapegame\EscapegameGameModeBase.generated.h(28) : error C2059: syntax error: 'string'
[2020.10.03-04.28.14:959][595]CompilerResultsLog:    D:\Projects\UE4UdemyCXX\Section4\Escapegame\Intermediate\Build\Win64\UE4Editor\Inc\Escapegame\EscapegameGameModeBase.generated.h(31) : error C2255: 'friend': not allowed outside of a class definition
[2020.10.03-04.28.14:959][595]CompilerResultsLog:    D:\Projects\UE4UdemyCXX\Section4\Escapegame\Intermediate\Build\Win64\UE4Editor\Inc\Escapegame\EscapegameGameModeBase.generated.h(32) : error C2059: syntax error: 'public'
[2020.10.03-04.28.14:959][595]CompilerResultsLog:    D:\Projects\UE4UdemyCXX\Section4\Escapegame\Intermediate\Build\Win64\UE4Editor\Inc\Escapegame\EscapegameGameModeBase.generated.h(33) : error C2059: syntax error: 'private'
[2020.10.03-04.28.14:959][595]CompilerResultsLog:    D:\Projects\UE4UdemyCXX\Section4\Escapegame\Intermediate\Build\Win64\UE4Editor\Inc\Escapegame\EscapegameGameModeBase.generated.h(33) : error C2143: syntax error: missing ';' before '&'
[2020.10.03-04.28.14:960][595]CompilerResultsLog:    D:\Projects\UE4UdemyCXX\Section4\Escapegame\Intermediate\Build\Win64\UE4Editor\Inc\Escapegame\EscapegameGameModeBase.generated.h(33) : error C4430: missing type specifier - int assumed. Note: C++ does not support default-int
[2020.10.03-04.28.14:960][595]CompilerResultsLog:    D:\Projects\UE4UdemyCXX\Section4\Escapegame\Intermediate\Build\Win64\UE4Editor\Inc\Escapegame\EscapegameGameModeBase.generated.h(33) : error C2086: 'int AEscapegameGameModeBase': redefinition
[2020.10.03-04.28.14:960][595]CompilerResultsLog:   D:\Projects\UE4UdemyCXX\Section4\Escapegame\Intermediate\Build\Win64\UE4Editor\Inc\Escapegame\EscapegameGameModeBase.generated.h(24): note: see declaration of 'AEscapegameGameModeBase'
[2020.10.03-04.28.14:960][595]CompilerResultsLog:    D:\Projects\UE4UdemyCXX\Section4\Escapegame\Intermediate\Build\Win64\UE4Editor\Inc\Escapegame\EscapegameGameModeBase.generated.h(33) : error C2059: syntax error: ')'
[2020.10.03-04.28.14:960][595]CompilerResultsLog:    D:\Projects\UE4UdemyCXX\Section4\Escapegame\Intermediate\Build\Win64\UE4Editor\Inc\Escapegame\EscapegameGameModeBase.generated.h(33) : error C2143: syntax error: missing ',' before '&'
[2020.10.03-04.28.14:960][595]CompilerResultsLog:    D:\Projects\UE4UdemyCXX\Section4\Escapegame\Intermediate\Build\Win64\UE4Editor\Inc\Escapegame\EscapegameGameModeBase.generated.h(33) : error C2059: syntax error: 'public'
[2020.10.03-04.28.14:960][595]CompilerResultsLog:    D:\Projects\UE4UdemyCXX\Section4\Escapegame\Intermediate\Build\Win64\UE4Editor\Inc\Escapegame\EscapegameGameModeBase.generated.h(33) : error C2365: 'StaticClassFlags': redefinition; previous definition was 'enumerator'
[2020.10.03-04.28.14:960][595]CompilerResultsLog:   D:\Projects\UE4UdemyCXX\Section4\Escapegame\Intermediate\Build\Win64\UE4Editor\Inc\Escapegame\EscapegameGameModeBase.generated.h(24): note: see declaration of 'StaticClassFlags'
[2020.10.03-04.28.14:960][595]CompilerResultsLog:    D:\Projects\UE4UdemyCXX\Section4\Escapegame\Intermediate\Build\Win64\UE4Editor\Inc\Escapegame\EscapegameGameModeBase.generated.h(33) : error C2378: 'AEscapegameGameModeBase': redefinition; symbol cannot be overloaded with a typedef
[2020.10.03-04.28.14:960][595]CompilerResultsLog:   D:\Projects\UE4UdemyCXX\Section4\Escapegame\Intermediate\Build\Win64\UE4Editor\Inc\Escapegame\EscapegameGameModeBase.generated.h(24): note: see declaration of 'AEscapegameGameModeBase'
[2020.10.03-04.28.14:960][595]CompilerResultsLog:    D:\Projects\UE4UdemyCXX\Section4\Escapegame\Intermediate\Build\Win64\UE4Editor\Inc\Escapegame\EscapegameGameModeBase.generated.h(33) : error C2146: syntax error: missing ';' before identifier 'ThisClass'
[2020.10.03-04.28.14:960][595]CompilerResultsLog:    D:\Projects\UE4UdemyCXX\Section4\Escapegame\Intermediate\Build\Win64\UE4Editor\Inc\Escapegame\EscapegameGameModeBase.generated.h(33) : error C2086: 'int ThisClass': redefinition
[2020.10.03-04.28.14:960][595]CompilerResultsLog:   D:\Projects\UE4UdemyCXX\Section4\Escapegame\Intermediate\Build\Win64\UE4Editor\Inc\Escapegame\EscapegameGameModeBase.generated.h(24): note: see declaration of 'ThisClass'
[2020.10.03-04.28.14:960][595]CompilerResultsLog:    D:\Projects\UE4UdemyCXX\Section4\Escapegame\Intermediate\Build\Win64\UE4Editor\Inc\Escapegame\EscapegameGameModeBase.generated.h(33) : error C2084: function 'UClass *StaticClass(void)' already has a body
[2020.10.03-04.28.14:960][595]CompilerResultsLog:   D:\Projects\UE4UdemyCXX\Section4\Escapegame\Intermediate\Build\Win64\UE4Editor\Inc\Escapegame\EscapegameGameModeBase.generated.h(24): note: see previous definition of 'StaticClass'
[2020.10.03-04.28.14:960][595]CompilerResultsLog:    D:\Projects\UE4UdemyCXX\Section4\Escapegame\Intermediate\Build\Win64\UE4Editor\Inc\Escapegame\EscapegameGameModeBase.generated.h(33) : error C2084: function 'const TCHAR *StaticPackage(void)' already has a body
[2020.10.03-04.28.14:960][595]CompilerResultsLog:   D:\Projects\UE4UdemyCXX\Section4\Escapegame\Intermediate\Build\Win64\UE4Editor\Inc\Escapegame\EscapegameGameModeBase.generated.h(24): note: see previous definition of 'StaticPackage'
[2020.10.03-04.28.14:960][595]CompilerResultsLog:    D:\Projects\UE4UdemyCXX\Section4\Escapegame\Intermediate\Build\Win64\UE4Editor\Inc\Escapegame\EscapegameGameModeBase.generated.h(33) : error C2084: function 'EClassCastFlags StaticClassCastFlags(void)' already has a body
[2020.10.03-04.28.14:960][595]CompilerResultsLog:   D:\Projects\UE4UdemyCXX\Section4\Escapegame\Intermediate\Build\Win64\UE4Editor\Inc\Escapegame\EscapegameGameModeBase.generated.h(24): note: see previous definition of 'StaticClassCastFlags'
[2020.10.03-04.28.14:960][595]CompilerResultsLog:    D:\Projects\UE4UdemyCXX\Section4\Escapegame\Intermediate\Build\Win64\UE4Editor\Inc\Escapegame\EscapegameGameModeBase.generated.h(33) : error C2572: 'operator new': redefinition of default argument: parameter 1
[2020.10.03-04.28.14:961][595]CompilerResultsLog:   D:\Projects\UE4UdemyCXX\Section4\Escapegame\Intermediate\Build\Win64\UE4Editor\Inc\Escapegame\EscapegameGameModeBase.generated.h(24): note: see declaration of 'operator new'
[2020.10.03-04.28.14:961][595]CompilerResultsLog:    D:\Projects\UE4UdemyCXX\Section4\Escapegame\Intermediate\Build\Win64\UE4Editor\Inc\Escapegame\EscapegameGameModeBase.generated.h(33) : error C2572: 'operator new': redefinition of default argument: parameter 2
[2020.10.03-04.28.14:961][595]CompilerResultsLog:   D:\Projects\UE4UdemyCXX\Section4\Escapegame\Intermediate\Build\Win64\UE4Editor\Inc\Escapegame\EscapegameGameModeBase.generated.h(24): note: see declaration of 'operator new'
[2020.10.03-04.28.14:961][595]CompilerResultsLog:    D:\Projects\UE4UdemyCXX\Section4\Escapegame\Intermediate\Build\Win64\UE4Editor\Inc\Escapegame\EscapegameGameModeBase.generated.h(33) : error C2572: 'operator new': redefinition of default argument: parameter 3
[2020.10.03-04.28.14:961][595]CompilerResultsLog:   D:\Projects\UE4UdemyCXX\Section4\Escapegame\Intermediate\Build\Win64\UE4Editor\Inc\Escapegame\EscapegameGameModeBase.generated.h(24): note: see declaration of 'operator new'
[2020.10.03-04.28.14:961][595]CompilerResultsLog:    D:\Projects\UE4UdemyCXX\Section4\Escapegame\Intermediate\Build\Win64\UE4Editor\Inc\Escapegame\EscapegameGameModeBase.generated.h(33) : error C2084: function 'void *operator new(const size_t,EInternal,UObject *,FName,EObjectFlags)' already has a body
[2020.10.03-04.28.14:961][595]CompilerResultsLog:   D:\Projects\UE4UdemyCXX\Section4\Escapegame\Intermediate\Build\Win64\UE4Editor\Inc\Escapegame\EscapegameGameModeBase.generated.h(24): note: see previous definition of 'new'
[2020.10.03-04.28.14:961][595]CompilerResultsLog:    D:\Projects\UE4UdemyCXX\Section4\Escapegame\Intermediate\Build\Win64\UE4Editor\Inc\Escapegame\EscapegameGameModeBase.generated.h(33) : error C2264: 'StaticClass': error in function definition or declaration; function not called
[2020.10.03-04.28.14:961][595]CompilerResultsLog:    D:\Projects\UE4UdemyCXX\Section4\Escapegame\Intermediate\Build\Win64\UE4Editor\Inc\Escapegame\EscapegameGameModeBase.generated.h(33) : error C2084: function 'void *operator new(const size_t,EInternal *)' already has a body
[2020.10.03-04.28.14:961][595]CompilerResultsLog:   D:\Projects\UE4UdemyCXX\Section4\Escapegame\Intermediate\Build\Win64\UE4Editor\Inc\Escapegame\EscapegameGameModeBase.generated.h(24): note: see previous definition of 'new'
[2020.10.03-04.28.14:961][595]CompilerResultsLog:    D:\Projects\UE4UdemyCXX\Section4\Escapegame\Intermediate\Build\Win64\UE4Editor\Inc\Escapegame\EscapegameGameModeBase.generated.h(34) : error C2255: 'friend': not allowed outside of a class definition
[2020.10.03-04.28.14:961][595]CompilerResultsLog:    D:\Projects\UE4UdemyCXX\Section4\Escapegame\Intermediate\Build\Win64\UE4Editor\Inc\Escapegame\EscapegameGameModeBase.generated.h(34) : error C2061: syntax error: identifier 'AEscapegameGameModeBase'
[2020.10.03-04.28.14:961][595]CompilerResultsLog:    D:\Projects\UE4UdemyCXX\Section4\Escapegame\Intermediate\Build\Win64\UE4Editor\Inc\Escapegame\EscapegameGameModeBase.generated.h(34) : error C2805: binary 'operator <<' has too few parameters
[2020.10.03-04.28.14:961][595]CompilerResultsLog:    D:\Projects\UE4UdemyCXX\Section4\Escapegame\Intermediate\Build\Win64\UE4Editor\Inc\Escapegame\EscapegameGameModeBase.generated.h(34) : error C2065: 'Res': undeclared identifier
[2020.10.03-04.28.14:961][595]CompilerResultsLog:    D:\Projects\UE4UdemyCXX\Section4\Escapegame\Intermediate\Build\Win64\UE4Editor\Inc\Escapegame\EscapegameGameModeBase.generated.h(37) : error C2059: syntax error: 'string'
[2020.10.03-04.28.14:961][595]CompilerResultsLog:    D:\Projects\UE4UdemyCXX\Section4\Escapegame\Intermediate\Build\Win64\UE4Editor\Inc\Escapegame\EscapegameGameModeBase.generated.h(40) : error C2061: syntax error: identifier 'AEscapegameGameModeBase'
[2020.10.03-04.28.14:961][595]CompilerResultsLog:    D:\Projects\UE4UdemyCXX\Section4\Escapegame\Intermediate\Build\Win64\UE4Editor\Inc\Escapegame\EscapegameGameModeBase.generated.h(41) : error C4430: missing type specifier - int assumed. Note: C++ does not support default-int
[2020.10.03-04.28.14:961][595]CompilerResultsLog:    D:\Projects\UE4UdemyCXX\Section4\Escapegame\Intermediate\Build\Win64\UE4Editor\Inc\Escapegame\EscapegameGameModeBase.generated.h(41) : error C2365: 'AEscapegameGameModeBase': redefinition; previous definition was 'data variable'
[2020.10.03-04.28.14:961][595]CompilerResultsLog:   D:\Projects\UE4UdemyCXX\Section4\Escapegame\Intermediate\Build\Win64\UE4Editor\Inc\Escapegame\EscapegameGameModeBase.generated.h(24): note: see declaration of 'AEscapegameGameModeBase'
[2020.10.03-04.28.14:961][595]CompilerResultsLog:    D:\Projects\UE4UdemyCXX\Section4\Escapegame\Intermediate\Build\Win64\UE4Editor\Inc\Escapegame\EscapegameGameModeBase.generated.h(42) : error C2061: syntax error: identifier 'AEscapegameGameModeBase'
[2020.10.03-04.28.14:961][595]CompilerResultsLog:    D:\Projects\UE4UdemyCXX\Section4\Escapegame\Intermediate\Build\Win64\UE4Editor\Inc\Escapegame\EscapegameGameModeBase.generated.h(43) : error C2059: syntax error: 'private'
[2020.10.03-04.28.14:961][595]CompilerResultsLog:    D:\Projects\UE4UdemyCXX\Section4\Escapegame\Intermediate\Build\Win64\UE4Editor\Inc\Escapegame\EscapegameGameModeBase.generated.h(45) : error C2059: syntax error: ')'
[2020.10.03-04.28.14:961][595]CompilerResultsLog:    D:\Projects\UE4UdemyCXX\Section4\Escapegame\Intermediate\Build\Win64\UE4Editor\Inc\Escapegame\EscapegameGameModeBase.generated.h(46) : error C4430: missing type specifier - int assumed. Note: C++ does not support default-int
[2020.10.03-04.28.14:961][595]CompilerResultsLog:    D:\Projects\UE4UdemyCXX\Section4\Escapegame\Intermediate\Build\Win64\UE4Editor\Inc\Escapegame\EscapegameGameModeBase.generated.h(46) : error C2143: syntax error: missing ',' before '&'
[2020.10.03-04.28.14:962][595]CompilerResultsLog:    D:\Projects\UE4UdemyCXX\Section4\Escapegame\Intermediate\Build\Win64\UE4Editor\Inc\Escapegame\EscapegameGameModeBase.generated.h(46) : error C4430: missing type specifier - int assumed. Note: C++ does not support default-int
[2020.10.03-04.28.14:962][595]CompilerResultsLog:    D:\Projects\UE4UdemyCXX\Section4\Escapegame\Intermediate\Build\Win64\UE4Editor\Inc\Escapegame\EscapegameGameModeBase.generated.h(46) : error C2365: 'AEscapegameGameModeBase': redefinition; previous definition was 'data variable'
[2020.10.03-04.28.14:962][595]CompilerResultsLog:   D:\Projects\UE4UdemyCXX\Section4\Escapegame\Intermediate\Build\Win64\UE4Editor\Inc\Escapegame\EscapegameGameModeBase.generated.h(24): note: see declaration of 'AEscapegameGameModeBase'
[2020.10.03-04.28.14:962][595]CompilerResultsLog:    D:\Projects\UE4UdemyCXX\Section4\Escapegame\Intermediate\Build\Win64\UE4Editor\Inc\Escapegame\EscapegameGameModeBase.generated.h(47) : error C2059: syntax error: 'public'
[2020.10.03-04.28.14:962][595]CompilerResultsLog:    D:\Projects\UE4UdemyCXX\Section4\Escapegame\Intermediate\Build\Win64\UE4Editor\Inc\Escapegame\EscapegameGameModeBase.generated.h(50) : error C2059: syntax error: 'string'
[2020.10.03-04.28.14:962][595]CompilerResultsLog:    D:\Projects\UE4UdemyCXX\Section4\Escapegame\Intermediate\Build\Win64\UE4Editor\Inc\Escapegame\EscapegameGameModeBase.generated.h(53) : error C2059: syntax error: 'private'
[2020.10.03-04.28.14:962][595]CompilerResultsLog:    D:\Projects\UE4UdemyCXX\Section4\Escapegame\Intermediate\Build\Win64\UE4Editor\Inc\Escapegame\EscapegameGameModeBase.generated.h(55) : error C2059: syntax error: ')'
[2020.10.03-04.28.14:962][595]CompilerResultsLog:    D:\Projects\UE4UdemyCXX\Section4\Escapegame\Intermediate\Build\Win64\UE4Editor\Inc\Escapegame\EscapegameGameModeBase.generated.h(56) : error C4430: missing type specifier - int assumed. Note: C++ does not support default-int
[2020.10.03-04.28.14:962][595]CompilerResultsLog:    D:\Projects\UE4UdemyCXX\Section4\Escapegame\Intermediate\Build\Win64\UE4Editor\Inc\Escapegame\EscapegameGameModeBase.generated.h(56) : error C2143: syntax error: missing ',' before '&'
[2020.10.03-04.28.14:962][595]CompilerResultsLog:    D:\Projects\UE4UdemyCXX\Section4\Escapegame\Intermediate\Build\Win64\UE4Editor\Inc\Escapegame\EscapegameGameModeBase.generated.h(56) : error C4430: missing type specifier - int assumed. Note: C++ does not support default-int
[2020.10.03-04.28.14:962][595]CompilerResultsLog:    D:\Projects\UE4UdemyCXX\Section4\Escapegame\Intermediate\Build\Win64\UE4Editor\Inc\Escapegame\EscapegameGameModeBase.generated.h(56) : error C2365: 'AEscapegameGameModeBase': redefinition; previous definition was 'data variable'
[2020.10.03-04.28.14:962][595]CompilerResultsLog:   D:\Projects\UE4UdemyCXX\Section4\Escapegame\Intermediate\Build\Win64\UE4Editor\Inc\Escapegame\EscapegameGameModeBase.generated.h(24): note: see declaration of 'AEscapegameGameModeBase'
[2020.10.03-04.28.14:962][595]CompilerResultsLog:    D:\Projects\UE4UdemyCXX\Section4\Escapegame\Intermediate\Build\Win64\UE4Editor\Inc\Escapegame\EscapegameGameModeBase.generated.h(57) : error C2059: syntax error: 'public'
[2020.10.03-04.28.14:962][595]CompilerResultsLog:    D:\Projects\UE4UdemyCXX\Section4\Escapegame\Intermediate\Build\Win64\UE4Editor\Inc\Escapegame\EscapegameGameModeBase.generated.h(58) : error C4430: missing type specifier - int assumed. Note: C++ does not support default-int
[2020.10.03-04.28.14:962][595]CompilerResultsLog:    D:\Projects\UE4UdemyCXX\Section4\Escapegame\Intermediate\Build\Win64\UE4Editor\Inc\Escapegame\EscapegameGameModeBase.generated.h(58) : error C2365: 'AEscapegameGameModeBase': redefinition; previous definition was 'data variable'
[2020.10.03-04.28.14:962][595]CompilerResultsLog:   D:\Projects\UE4UdemyCXX\Section4\Escapegame\Intermediate\Build\Win64\UE4Editor\Inc\Escapegame\EscapegameGameModeBase.generated.h(24): note: see declaration of 'AEscapegameGameModeBase'
[2020.10.03-04.28.14:962][595]CompilerResultsLog:    D:\Projects\UE4UdemyCXX\Section4\Escapegame\Intermediate\Build\Win64\UE4Editor\Inc\Escapegame\EscapegameGameModeBase.generated.h(59) : error C2084: function 'UObject *__VTableCtorCaller(FVTableHelper &)' already has a body
[2020.10.03-04.28.14:962][595]CompilerResultsLog:   D:\Projects\UE4UdemyCXX\Section4\Escapegame\Intermediate\Build\Win64\UE4Editor\Inc\Escapegame\EscapegameGameModeBase.generated.h(42): note: see previous definition of '__VTableCtorCaller'
[2020.10.03-04.28.14:962][595]CompilerResultsLog:    D:\Projects\UE4UdemyCXX\Section4\Escapegame\Intermediate\Build\Win64\UE4Editor\Inc\Escapegame\EscapegameGameModeBase.generated.h(59) : error C2061: syntax error: identifier 'AEscapegameGameModeBase'
[2020.10.03-04.28.14:962][595]CompilerResultsLog:    D:\Projects\UE4UdemyCXX\Section4\Escapegame\Intermediate\Build\Win64\UE4Editor\Inc\Escapegame\EscapegameGameModeBase.generated.h(60) : error C2084: function 'void __DefaultConstructor(const FObjectInitializer &)' already has a body
[2020.10.03-04.28.14:962][595]CompilerResultsLog:   D:\Projects\UE4UdemyCXX\Section4\Escapegame\Intermediate\Build\Win64\UE4Editor\Inc\Escapegame\EscapegameGameModeBase.generated.h(40): note: see previous definition of '__DefaultConstructor'
[2020.10.03-04.28.14:962][595]CompilerResultsLog:    D:\Projects\UE4UdemyCXX\Section4\Escapegame\Intermediate\Build\Win64\UE4Editor\Inc\Escapegame\EscapegameGameModeBase.generated.h(60) : error C2061: syntax error: identifier 'AEscapegameGameModeBase'
[2020.10.03-04.28.14:962][595]CompilerResultsLog:    D:\Projects\UE4UdemyCXX\Section4\Escapegame\Intermediate\Build\Win64\UE4Editor\Inc\Escapegame\EscapegameGameModeBase.generated.h(73) : error C4430: missing type specifier - int assumed. Note: C++ does not support default-int
[2020.10.03-04.28.14:962][595]CompilerResultsLog:    D:\Projects\UE4UdemyCXX\Section4\Escapegame\Intermediate\Build\Win64\UE4Editor\Inc\Escapegame\EscapegameGameModeBase.generated.h(72) : error C2146: syntax error: missing ';' before identifier 'Escapegame_Source_Escapegame_EscapegameGameModeBase_h_15_STANDARD_CONSTRUCTORS'
[2020.10.03-04.28.14:963][595]CompilerResultsLog:    D:\Projects\UE4UdemyCXX\Section4\Escapegame\Intermediate\Build\Win64\UE4Editor\Inc\Escapegame\EscapegameGameModeBase.generated.h(77) : error C2059: syntax error: 'string'
[2020.10.03-04.28.14:963][595]CompilerResultsLog:    D:\Projects\UE4UdemyCXX\Section4\Escapegame\Intermediate\Build\Win64\UE4Editor\Inc\Escapegame\EscapegameGameModeBase.generated.h(85) : error C4430: missing type specifier - int assumed. Note: C++ does not support default-int
[2020.10.03-04.28.14:963][595]CompilerResultsLog:    D:\Projects\UE4UdemyCXX\Section4\Escapegame\Intermediate\Build\Win64\UE4Editor\Inc\Escapegame\EscapegameGameModeBase.generated.h(84) : error C2146: syntax error: missing ';' before identifier 'Escapegame_Source_Escapegame_EscapegameGameModeBase_h_15_ENHANCED_CONSTRUCTORS'
[2020.10.03-04.28.14:963][595]CompilerResultsLog:    D:\Projects\UE4UdemyCXX\Section4\Escapegame\Intermediate\Build\Win64\UE4Editor\Inc\Escapegame\EscapegameGameModeBase.generated.h(92) : error C2059: syntax error: 'string'
[2020.10.03-04.28.14:963][595]CompilerResultsLog:    D:\Projects\UE4UdemyCXX\Section4\Escapegame\Source\Escapegame\EscapegameGameModeBase.h(13) : error C2059: syntax error: 'public'
[2020.10.03-04.28.14:963][595]CompilerResultsLog:    D:\Projects\UE4UdemyCXX\Section4\Escapegame\Source\Escapegame\EscapegameGameModeBase.h(14) : error C2143: syntax error: missing ';' before '{'
[2020.10.03-04.28.14:963][595]CompilerResultsLog:    D:\Projects\UE4UdemyCXX\Section4\Escapegame\Source\Escapegame\EscapegameGameModeBase.h(14) : error C2447: '{': missing function header (old-style formal list?)
[2020.10.03-04.28.14:963][595]CompilerResultsLog:   [3/10] WorldPosition.cpp
[2020.10.03-04.28.14:963][595]CompilerResultsLog:    D:\Projects\UE4UdemyCXX\Section4\Escapegame\Intermediate\Build\Win64\UE4Editor\Inc\Escapegame\WorldPosition.generated.h(19) : error C2059: syntax error: 'string'
[2020.10.03-04.28.14:963][595]CompilerResultsLog:    D:\Projects\UE4UdemyCXX\Section4\Escapegame\Intermediate\Build\Win64\UE4Editor\Inc\Escapegame\WorldPosition.generated.h(22) : error C2255: 'friend': not allowed outside of a class definition
[2020.10.03-04.28.14:964][595]CompilerResultsLog:    D:\Projects\UE4UdemyCXX\Section4\Escapegame\Intermediate\Build\Win64\UE4Editor\Inc\Escapegame\WorldPosition.generated.h(23) : error C2059: syntax error: 'public'
[2020.10.03-04.28.14:964][595]CompilerResultsLog:    D:\Projects\UE4UdemyCXX\Section4\Escapegame\Intermediate\Build\Win64\UE4Editor\Inc\Escapegame\WorldPosition.generated.h(24) : error C2059: syntax error: 'private'
[2020.10.03-04.28.14:964][595]CompilerResultsLog:    D:\Projects\UE4UdemyCXX\Section4\Escapegame\Intermediate\Build\Win64\UE4Editor\Inc\Escapegame\WorldPosition.generated.h(24) : error C2143: syntax error: missing ';' before '&'
[2020.10.03-04.28.14:964][595]CompilerResultsLog:    D:\Projects\UE4UdemyCXX\Section4\Escapegame\Intermediate\Build\Win64\UE4Editor\Inc\Escapegame\WorldPosition.generated.h(24) : error C4430: missing type specifier - int assumed. Note: C++ does not support default-int
[2020.10.03-04.28.14:964][595]CompilerResultsLog:    D:\Projects\UE4UdemyCXX\Section4\Escapegame\Intermediate\Build\Win64\UE4Editor\Inc\Escapegame\WorldPosition.generated.h(24) : error C2059: syntax error: ')'
[2020.10.03-04.28.14:964][595]CompilerResultsLog:    D:\Projects\UE4UdemyCXX\Section4\Escapegame\Intermediate\Build\Win64\UE4Editor\Inc\Escapegame\WorldPosition.generated.h(24) : error C2086: 'int UWorldPosition': redefinition
[2020.10.03-04.28.14:964][595]CompilerResultsLog:   D:\Projects\UE4UdemyCXX\Section4\Escapegame\Intermediate\Build\Win64\UE4Editor\Inc\Escapegame\WorldPosition.generated.h(24): note: see declaration of 'UWorldPosition'
[2020.10.03-04.28.14:964][595]CompilerResultsLog:    D:\Projects\UE4UdemyCXX\Section4\Escapegame\Intermediate\Build\Win64\UE4Editor\Inc\Escapegame\WorldPosition.generated.h(24) : error C2143: syntax error: missing ',' before '&'
[2020.10.03-04.28.14:964][595]CompilerResultsLog:    D:\Projects\UE4UdemyCXX\Section4\Escapegame\Intermediate\Build\Win64\UE4Editor\Inc\Escapegame\WorldPosition.generated.h(24) : error C2801: 'operator =' must be a non-static member
[2020.10.03-04.28.14:964][595]CompilerResultsLog:    D:\Projects\UE4UdemyCXX\Section4\Escapegame\Intermediate\Build\Win64\UE4Editor\Inc\Escapegame\WorldPosition.generated.h(24) : error C2059: syntax error: 'public'
[2020.10.03-04.28.14:964][595]CompilerResultsLog:    D:\Projects\UE4UdemyCXX\Section4\Escapegame\Intermediate\Build\Win64\UE4Editor\Inc\Escapegame\WorldPosition.generated.h(24) : error C2378: 'UWorldPosition': redefinition; symbol cannot be overloaded with a typedef
[2020.10.03-04.28.14:964][595]CompilerResultsLog:   D:\Projects\UE4UdemyCXX\Section4\Escapegame\Intermediate\Build\Win64\UE4Editor\Inc\Escapegame\WorldPosition.generated.h(24): note: see declaration of 'UWorldPosition'
[2020.10.03-04.28.14:964][595]CompilerResultsLog:    D:\Projects\UE4UdemyCXX\Section4\Escapegame\Intermediate\Build\Win64\UE4Editor\Inc\Escapegame\WorldPosition.generated.h(24) : error C2146: syntax error: missing ';' before identifier 'ThisClass'
[2020.10.03-04.28.14:964][595]CompilerResultsLog:    D:\Projects\UE4UdemyCXX\Section4\Escapegame\Intermediate\Build\Win64\UE4Editor\Inc\Escapegame\WorldPosition.generated.h(25) : error C2255: 'friend': not allowed outside of a class definition
[2020.10.03-04.28.14:964][595]CompilerResultsLog:    D:\Projects\UE4UdemyCXX\Section4\Escapegame\Intermediate\Build\Win64\UE4Editor\Inc\Escapegame\WorldPosition.generated.h(25) : error C2061: syntax error: identifier 'UWorldPosition'
[2020.10.03-04.28.14:964][595]CompilerResultsLog:    D:\Projects\UE4UdemyCXX\Section4\Escapegame\Intermediate\Build\Win64\UE4Editor\Inc\Escapegame\WorldPosition.generated.h(25) : error C2805: binary 'operator <<' has too few parameters
[2020.10.03-04.28.14:964][595]CompilerResultsLog:    D:\Projects\UE4UdemyCXX\Section4\Escapegame\Intermediate\Build\Win64\UE4Editor\Inc\Escapegame\WorldPosition.generated.h(25) : error C2065: 'Res': undeclared identifier
[2020.10.03-04.28.14:964][595]CompilerResultsLog:    D:\Projects\UE4UdemyCXX\Section4\Escapegame\Intermediate\Build\Win64\UE4Editor\Inc\Escapegame\WorldPosition.generated.h(28) : error C2059: syntax error: 'string'
[2020.10.03-04.28.14:964][595]CompilerResultsLog:    D:\Projects\UE4UdemyCXX\Section4\Escapegame\Intermediate\Build\Win64\UE4Editor\Inc\Escapegame\WorldPosition.generated.h(31) : error C2255: 'friend': not allowed outside of a class definition
[2020.10.03-04.28.14:964][595]CompilerResultsLog:    D:\Projects\UE4UdemyCXX\Section4\Escapegame\Intermediate\Build\Win64\UE4Editor\Inc\Escapegame\WorldPosition.generated.h(32) : error C2059: syntax error: 'public'
[2020.10.03-04.28.14:965][595]CompilerResultsLog:    D:\Projects\UE4UdemyCXX\Section4\Escapegame\Intermediate\Build\Win64\UE4Editor\Inc\Escapegame\WorldPosition.generated.h(33) : error C2059: syntax error: 'private'
[2020.10.03-04.28.14:965][595]CompilerResultsLog:    D:\Projects\UE4UdemyCXX\Section4\Escapegame\Intermediate\Build\Win64\UE4Editor\Inc\Escapegame\WorldPosition.generated.h(33) : error C2143: syntax error: missing ';' before '&'
[2020.10.03-04.28.14:965][595]CompilerResultsLog:    D:\Projects\UE4UdemyCXX\Section4\Escapegame\Intermediate\Build\Win64\UE4Editor\Inc\Escapegame\WorldPosition.generated.h(33) : error C4430: missing type specifier - int assumed. Note: C++ does not support default-int
[2020.10.03-04.28.14:965][595]CompilerResultsLog:    D:\Projects\UE4UdemyCXX\Section4\Escapegame\Intermediate\Build\Win64\UE4Editor\Inc\Escapegame\WorldPosition.generated.h(33) : error C2086: 'int UWorldPosition': redefinition
[2020.10.03-04.28.14:965][595]CompilerResultsLog:   D:\Projects\UE4UdemyCXX\Section4\Escapegame\Intermediate\Build\Win64\UE4Editor\Inc\Escapegame\WorldPosition.generated.h(24): note: see declaration of 'UWorldPosition'
[2020.10.03-04.28.14:965][595]CompilerResultsLog:    D:\Projects\UE4UdemyCXX\Section4\Escapegame\Intermediate\Build\Win64\UE4Editor\Inc\Escapegame\WorldPosition.generated.h(33) : error C2059: syntax error: ')'
[2020.10.03-04.28.14:965][595]CompilerResultsLog:    D:\Projects\UE4UdemyCXX\Section4\Escapegame\Intermediate\Build\Win64\UE4Editor\Inc\Escapegame\WorldPosition.generated.h(33) : error C2143: syntax error: missing ',' before '&'
[2020.10.03-04.28.14:965][595]CompilerResultsLog:    D:\Projects\UE4UdemyCXX\Section4\Escapegame\Intermediate\Build\Win64\UE4Editor\Inc\Escapegame\WorldPosition.generated.h(33) : error C2059: syntax error: 'public'
[2020.10.03-04.28.14:965][595]CompilerResultsLog:    D:\Projects\UE4UdemyCXX\Section4\Escapegame\Intermediate\Build\Win64\UE4Editor\Inc\Escapegame\WorldPosition.generated.h(33) : error C2365: 'StaticClassFlags': redefinition; previous definition was 'enumerator'
[2020.10.03-04.28.14:965][595]CompilerResultsLog:   D:\Projects\UE4UdemyCXX\Section4\Escapegame\Intermediate\Build\Win64\UE4Editor\Inc\Escapegame\WorldPosition.generated.h(24): note: see declaration of 'StaticClassFlags'
[2020.10.03-04.28.14:965][595]CompilerResultsLog:    D:\Projects\UE4UdemyCXX\Section4\Escapegame\Intermediate\Build\Win64\UE4Editor\Inc\Escapegame\WorldPosition.generated.h(33) : error C2378: 'UWorldPosition': redefinition; symbol cannot be overloaded with a typedef
[2020.10.03-04.28.14:965][595]CompilerResultsLog:   D:\Projects\UE4UdemyCXX\Section4\Escapegame\Intermediate\Build\Win64\UE4Editor\Inc\Escapegame\WorldPosition.generated.h(24): note: see declaration of 'UWorldPosition'
[2020.10.03-04.28.14:965][595]CompilerResultsLog:    D:\Projects\UE4UdemyCXX\Section4\Escapegame\Intermediate\Build\Win64\UE4Editor\Inc\Escapegame\WorldPosition.generated.h(33) : error C2146: syntax error: missing ';' before identifier 'ThisClass'
[2020.10.03-04.28.14:965][595]CompilerResultsLog:    D:\Projects\UE4UdemyCXX\Section4\Escapegame\Intermediate\Build\Win64\UE4Editor\Inc\Escapegame\WorldPosition.generated.h(33) : error C2086: 'int ThisClass': redefinition
[2020.10.03-04.28.14:965][595]CompilerResultsLog:   D:\Projects\UE4UdemyCXX\Section4\Escapegame\Intermediate\Build\Win64\UE4Editor\Inc\Escapegame\WorldPosition.generated.h(24): note: see declaration of 'ThisClass'
[2020.10.03-04.28.14:965][595]CompilerResultsLog:    D:\Projects\UE4UdemyCXX\Section4\Escapegame\Intermediate\Build\Win64\UE4Editor\Inc\Escapegame\WorldPosition.generated.h(33) : error C2084: function 'UClass *StaticClass(void)' already has a body
[2020.10.03-04.28.14:965][595]CompilerResultsLog:   D:\Projects\UE4UdemyCXX\Section4\Escapegame\Intermediate\Build\Win64\UE4Editor\Inc\Escapegame\WorldPosition.generated.h(24): note: see previous definition of 'StaticClass'
[2020.10.03-04.28.14:965][595]CompilerResultsLog:    D:\Projects\UE4UdemyCXX\Section4\Escapegame\Intermediate\Build\Win64\UE4Editor\Inc\Escapegame\WorldPosition.generated.h(33) : error C2084: function 'const TCHAR *StaticPackage(void)' already has a body
[2020.10.03-04.28.14:965][595]CompilerResultsLog:   D:\Projects\UE4UdemyCXX\Section4\Escapegame\Intermediate\Build\Win64\UE4Editor\Inc\Escapegame\WorldPosition.generated.h(24): note: see previous definition of 'StaticPackage'
[2020.10.03-04.28.14:965][595]CompilerResultsLog:    D:\Projects\UE4UdemyCXX\Section4\Escapegame\Intermediate\Build\Win64\UE4Editor\Inc\Escapegame\WorldPosition.generated.h(33) : error C2084: function 'EClassCastFlags StaticClassCastFlags(void)' already has a body
[2020.10.03-04.28.14:965][595]CompilerResultsLog:   D:\Projects\UE4UdemyCXX\Section4\Escapegame\Intermediate\Build\Win64\UE4Editor\Inc\Escapegame\WorldPosition.generated.h(24): note: see previous definition of 'StaticClassCastFlags'
[2020.10.03-04.28.14:965][595]CompilerResultsLog:    D:\Projects\UE4UdemyCXX\Section4\Escapegame\Intermediate\Build\Win64\UE4Editor\Inc\Escapegame\WorldPosition.generated.h(33) : error C2572: 'operator new': redefinition of default argument: parameter 1
[2020.10.03-04.28.14:965][595]CompilerResultsLog:   D:\Projects\UE4UdemyCXX\Section4\Escapegame\Intermediate\Build\Win64\UE4Editor\Inc\Escapegame\WorldPosition.generated.h(24): note: see declaration of 'operator new'
[2020.10.03-04.28.14:965][595]CompilerResultsLog:    D:\Projects\UE4UdemyCXX\Section4\Escapegame\Intermediate\Build\Win64\UE4Editor\Inc\Escapegame\WorldPosition.generated.h(33) : error C2572: 'operator new': redefinition of default argument: parameter 2
[2020.10.03-04.28.14:966][595]CompilerResultsLog:   D:\Projects\UE4UdemyCXX\Section4\Escapegame\Intermediate\Build\Win64\UE4Editor\Inc\Escapegame\WorldPosition.generated.h(24): note: see declaration of 'operator new'
[2020.10.03-04.28.14:966][595]CompilerResultsLog:    D:\Projects\UE4UdemyCXX\Section4\Escapegame\Intermediate\Build\Win64\UE4Editor\Inc\Escapegame\WorldPosition.generated.h(33) : error C2572: 'operator new': redefinition of default argument: parameter 3
[2020.10.03-04.28.14:966][595]CompilerResultsLog:   D:\Projects\UE4UdemyCXX\Section4\Escapegame\Intermediate\Build\Win64\UE4Editor\Inc\Escapegame\WorldPosition.generated.h(24): note: see declaration of 'operator new'
[2020.10.03-04.28.14:966][595]CompilerResultsLog:    D:\Projects\UE4UdemyCXX\Section4\Escapegame\Intermediate\Build\Win64\UE4Editor\Inc\Escapegame\WorldPosition.generated.h(33) : error C2084: function 'void *operator new(const size_t,EInternal,UObject *,FName,EObjectFlags)' already has a body
[2020.10.03-04.28.14:966][595]CompilerResultsLog:   D:\Projects\UE4UdemyCXX\Section4\Escapegame\Intermediate\Build\Win64\UE4Editor\Inc\Escapegame\WorldPosition.generated.h(24): note: see previous definition of 'new'
[2020.10.03-04.28.14:966][595]CompilerResultsLog:    D:\Projects\UE4UdemyCXX\Section4\Escapegame\Intermediate\Build\Win64\UE4Editor\Inc\Escapegame\WorldPosition.generated.h(33) : error C2264: 'StaticClass': error in function definition or declaration; function not called
[2020.10.03-04.28.14:966][595]CompilerResultsLog:    D:\Projects\UE4UdemyCXX\Section4\Escapegame\Intermediate\Build\Win64\UE4Editor\Inc\Escapegame\WorldPosition.generated.h(33) : error C2084: function 'void *operator new(const size_t,EInternal *)' already has a body
[2020.10.03-04.28.14:966][595]CompilerResultsLog:   D:\Projects\UE4UdemyCXX\Section4\Escapegame\Intermediate\Build\Win64\UE4Editor\Inc\Escapegame\WorldPosition.generated.h(24): note: see previous definition of 'new'
[2020.10.03-04.28.14:966][595]CompilerResultsLog:    D:\Projects\UE4UdemyCXX\Section4\Escapegame\Intermediate\Build\Win64\UE4Editor\Inc\Escapegame\WorldPosition.generated.h(34) : error C2255: 'friend': not allowed outside of a class definition
[2020.10.03-04.28.14:966][595]CompilerResultsLog:    D:\Projects\UE4UdemyCXX\Section4\Escapegame\Intermediate\Build\Win64\UE4Editor\Inc\Escapegame\WorldPosition.generated.h(34) : error C2061: syntax error: identifier 'UWorldPosition'
[2020.10.03-04.28.14:966][595]CompilerResultsLog:    D:\Projects\UE4UdemyCXX\Section4\Escapegame\Intermediate\Build\Win64\UE4Editor\Inc\Escapegame\WorldPosition.generated.h(34) : error C2805: binary 'operator <<' has too few parameters
[2020.10.03-04.28.14:966][595]CompilerResultsLog:    D:\Projects\UE4UdemyCXX\Section4\Escapegame\Intermediate\Build\Win64\UE4Editor\Inc\Escapegame\WorldPosition.generated.h(34) : error C2065: 'Res': undeclared identifier
[2020.10.03-04.28.14:966][595]CompilerResultsLog:    D:\Projects\UE4UdemyCXX\Section4\Escapegame\Intermediate\Build\Win64\UE4Editor\Inc\Escapegame\WorldPosition.generated.h(37) : error C2059: syntax error: 'string'
[2020.10.03-04.28.14:966][595]CompilerResultsLog:    D:\Projects\UE4UdemyCXX\Section4\Escapegame\Intermediate\Build\Win64\UE4Editor\Inc\Escapegame\WorldPosition.generated.h(40) : error C2061: syntax error: identifier 'UWorldPosition'
[2020.10.03-04.28.14:966][595]CompilerResultsLog:    D:\Projects\UE4UdemyCXX\Section4\Escapegame\Intermediate\Build\Win64\UE4Editor\Inc\Escapegame\WorldPosition.generated.h(41) : error C4430: missing type specifier - int assumed. Note: C++ does not support default-int
[2020.10.03-04.28.14:966][595]CompilerResultsLog:    D:\Projects\UE4UdemyCXX\Section4\Escapegame\Intermediate\Build\Win64\UE4Editor\Inc\Escapegame\WorldPosition.generated.h(41) : error C2365: 'UWorldPosition': redefinition; previous definition was 'data variable'
[2020.10.03-04.28.14:966][595]CompilerResultsLog:   D:\Projects\UE4UdemyCXX\Section4\Escapegame\Intermediate\Build\Win64\UE4Editor\Inc\Escapegame\WorldPosition.generated.h(24): note: see declaration of 'UWorldPosition'
[2020.10.03-04.28.14:966][595]CompilerResultsLog:    D:\Projects\UE4UdemyCXX\Section4\Escapegame\Intermediate\Build\Win64\UE4Editor\Inc\Escapegame\WorldPosition.generated.h(42) : error C2061: syntax error: identifier 'UWorldPosition'
[2020.10.03-04.28.14:967][595]CompilerResultsLog:    D:\Projects\UE4UdemyCXX\Section4\Escapegame\Intermediate\Build\Win64\UE4Editor\Inc\Escapegame\WorldPosition.generated.h(43) : error C2059: syntax error: 'private'
[2020.10.03-04.28.14:967][595]CompilerResultsLog:    D:\Projects\UE4UdemyCXX\Section4\Escapegame\Intermediate\Build\Win64\UE4Editor\Inc\Escapegame\WorldPosition.generated.h(45) : error C2059: syntax error: ')'
[2020.10.03-04.28.14:967][595]CompilerResultsLog:    D:\Projects\UE4UdemyCXX\Section4\Escapegame\Intermediate\Build\Win64\UE4Editor\Inc\Escapegame\WorldPosition.generated.h(46) : error C4430: missing type specifier - int assumed. Note: C++ does not support default-int
[2020.10.03-04.28.14:967][595]CompilerResultsLog:    D:\Projects\UE4UdemyCXX\Section4\Escapegame\Intermediate\Build\Win64\UE4Editor\Inc\Escapegame\WorldPosition.generated.h(46) : error C2143: syntax error: missing ',' before '&'
[2020.10.03-04.28.14:967][595]CompilerResultsLog:    D:\Projects\UE4UdemyCXX\Section4\Escapegame\Intermediate\Build\Win64\UE4Editor\Inc\Escapegame\WorldPosition.generated.h(46) : error C4430: missing type specifier - int assumed. Note: C++ does not support default-int
[2020.10.03-04.28.14:967][595]CompilerResultsLog:    D:\Projects\UE4UdemyCXX\Section4\Escapegame\Intermediate\Build\Win64\UE4Editor\Inc\Escapegame\WorldPosition.generated.h(46) : error C2365: 'UWorldPosition': redefinition; previous definition was 'data variable'
[2020.10.03-04.28.14:967][595]CompilerResultsLog:   D:\Projects\UE4UdemyCXX\Section4\Escapegame\Intermediate\Build\Win64\UE4Editor\Inc\Escapegame\WorldPosition.generated.h(24): note: see declaration of 'UWorldPosition'
[2020.10.03-04.28.14:967][595]CompilerResultsLog:    D:\Projects\UE4UdemyCXX\Section4\Escapegame\Intermediate\Build\Win64\UE4Editor\Inc\Escapegame\WorldPosition.generated.h(47) : error C2059: syntax error: 'public'
[2020.10.03-04.28.14:967][595]CompilerResultsLog:    D:\Projects\UE4UdemyCXX\Section4\Escapegame\Intermediate\Build\Win64\UE4Editor\Inc\Escapegame\WorldPosition.generated.h(50) : error C2059: syntax error: 'string'
[2020.10.03-04.28.14:967][595]CompilerResultsLog:    D:\Projects\UE4UdemyCXX\Section4\Escapegame\Intermediate\Build\Win64\UE4Editor\Inc\Escapegame\WorldPosition.generated.h(53) : error C2059: syntax error: ')'
[2020.10.03-04.28.14:967][595]CompilerResultsLog:    D:\Projects\UE4UdemyCXX\Section4\Escapegame\Intermediate\Build\Win64\UE4Editor\Inc\Escapegame\WorldPosition.generated.h(54) : error C4430: missing type specifier - int assumed. Note: C++ does not support default-int
[2020.10.03-04.28.14:967][595]CompilerResultsLog:    D:\Projects\UE4UdemyCXX\Section4\Escapegame\Intermediate\Build\Win64\UE4Editor\Inc\Escapegame\WorldPosition.generated.h(54) : error C2143: syntax error: missing ',' before '&'
[2020.10.03-04.28.14:967][595]CompilerResultsLog:    D:\Projects\UE4UdemyCXX\Section4\Escapegame\Intermediate\Build\Win64\UE4Editor\Inc\Escapegame\WorldPosition.generated.h(54) : error C4430: missing type specifier - int assumed. Note: C++ does not support default-int
[2020.10.03-04.28.14:967][595]CompilerResultsLog:    D:\Projects\UE4UdemyCXX\Section4\Escapegame\Intermediate\Build\Win64\UE4Editor\Inc\Escapegame\WorldPosition.generated.h(54) : error C2365: 'UWorldPosition': redefinition; previous definition was 'data variable'
[2020.10.03-04.28.14:967][595]CompilerResultsLog:   D:\Projects\UE4UdemyCXX\Section4\Escapegame\Intermediate\Build\Win64\UE4Editor\Inc\Escapegame\WorldPosition.generated.h(24): note: see declaration of 'UWorldPosition'
[2020.10.03-04.28.14:967][595]CompilerResultsLog:    D:\Projects\UE4UdemyCXX\Section4\Escapegame\Intermediate\Build\Win64\UE4Editor\Inc\Escapegame\WorldPosition.generated.h(55) : error C2059: syntax error: 'public'
[2020.10.03-04.28.14:967][595]CompilerResultsLog:    D:\Projects\UE4UdemyCXX\Section4\Escapegame\Intermediate\Build\Win64\UE4Editor\Inc\Escapegame\WorldPosition.generated.h(56) : error C4430: missing type specifier - int assumed. Note: C++ does not support default-int
[2020.10.03-04.28.14:967][595]CompilerResultsLog:    D:\Projects\UE4UdemyCXX\Section4\Escapegame\Intermediate\Build\Win64\UE4Editor\Inc\Escapegame\WorldPosition.generated.h(56) : error C2365: 'UWorldPosition': redefinition; previous definition was 'data variable'
[2020.10.03-04.28.14:967][595]CompilerResultsLog:   D:\Projects\UE4UdemyCXX\Section4\Escapegame\Intermediate\Build\Win64\UE4Editor\Inc\Escapegame\WorldPosition.generated.h(24): note: see declaration of 'UWorldPosition'
[2020.10.03-04.28.14:968][595]CompilerResultsLog:    D:\Projects\UE4UdemyCXX\Section4\Escapegame\Intermediate\Build\Win64\UE4Editor\Inc\Escapegame\WorldPosition.generated.h(57) : error C2084: function 'UObject *__VTableCtorCaller(FVTableHelper &)' already has a body
[2020.10.03-04.28.14:968][595]CompilerResultsLog:   D:\Projects\UE4UdemyCXX\Section4\Escapegame\Intermediate\Build\Win64\UE4Editor\Inc\Escapegame\WorldPosition.generated.h(42): note: see previous definition of '__VTableCtorCaller'
[2020.10.03-04.28.14:968][595]CompilerResultsLog:    D:\Projects\UE4UdemyCXX\Section4\Escapegame\Intermediate\Build\Win64\UE4Editor\Inc\Escapegame\WorldPosition.generated.h(57) : error C2061: syntax error: identifier 'UWorldPosition'
[2020.10.03-04.28.14:968][595]CompilerResultsLog:    D:\Projects\UE4UdemyCXX\Section4\Escapegame\Intermediate\Build\Win64\UE4Editor\Inc\Escapegame\WorldPosition.generated.h(58) : error C2084: function 'void __DefaultConstructor(const FObjectInitializer &)' already has a body
[2020.10.03-04.28.14:968][595]CompilerResultsLog:   D:\Projects\UE4UdemyCXX\Section4\Escapegame\Intermediate\Build\Win64\UE4Editor\Inc\Escapegame\WorldPosition.generated.h(40): note: see previous definition of '__DefaultConstructor'
[2020.10.03-04.28.14:968][595]CompilerResultsLog:    D:\Projects\UE4UdemyCXX\Section4\Escapegame\Intermediate\Build\Win64\UE4Editor\Inc\Escapegame\WorldPosition.generated.h(58) : error C2061: syntax error: identifier 'UWorldPosition'
[2020.10.03-04.28.14:968][595]CompilerResultsLog:    D:\Projects\UE4UdemyCXX\Section4\Escapegame\Intermediate\Build\Win64\UE4Editor\Inc\Escapegame\WorldPosition.generated.h(71) : error C4430: missing type specifier - int assumed. Note: C++ does not support default-int
[2020.10.03-04.28.14:968][595]CompilerResultsLog:    D:\Projects\UE4UdemyCXX\Section4\Escapegame\Intermediate\Build\Win64\UE4Editor\Inc\Escapegame\WorldPosition.generated.h(70) : error C2146: syntax error: missing ';' before identifier 'Escapegame_Source_Escapegame_WorldPosition_h_13_STANDARD_CONSTRUCTORS'
[2020.10.03-04.28.14:968][595]CompilerResultsLog:    D:\Projects\UE4UdemyCXX\Section4\Escapegame\Intermediate\Build\Win64\UE4Editor\Inc\Escapegame\WorldPosition.generated.h(75) : error C2059: syntax error: 'string'
[2020.10.03-04.28.14:968][595]CompilerResultsLog:    D:\Projects\UE4UdemyCXX\Section4\Escapegame\Intermediate\Build\Win64\UE4Editor\Inc\Escapegame\WorldPosition.generated.h(83) : error C4430: missing type specifier - int assumed. Note: C++ does not support default-int
[2020.10.03-04.28.14:968][595]CompilerResultsLog:    D:\Projects\UE4UdemyCXX\Section4\Escapegame\Intermediate\Build\Win64\UE4Editor\Inc\Escapegame\WorldPosition.generated.h(82) : error C2146: syntax error: missing ';' before identifier 'Escapegame_Source_Escapegame_WorldPosition_h_13_ENHANCED_CONSTRUCTORS'
[2020.10.03-04.28.14:968][595]CompilerResultsLog:    D:\Projects\UE4UdemyCXX\Section4\Escapegame\Intermediate\Build\Win64\UE4Editor\Inc\Escapegame\WorldPosition.generated.h(90) : error C2059: syntax error: 'string'
[2020.10.03-04.28.14:968][595]CompilerResultsLog:    D:\Projects\UE4UdemyCXX\Section4\Escapegame\Source\Escapegame\WorldPosition.h(11) : error C2059: syntax error: 'public'
[2020.10.03-04.28.14:968][595]CompilerResultsLog:    D:\Projects\UE4UdemyCXX\Section4\Escapegame\Source\Escapegame\WorldPosition.h(12) : error C2143: syntax error: missing ';' before '{'
[2020.10.03-04.28.14:968][595]CompilerResultsLog:    D:\Projects\UE4UdemyCXX\Section4\Escapegame\Source\Escapegame\WorldPosition.h(12) : error C2447: '{': missing function header (old-style formal list?)
[2020.10.03-04.28.14:968][595]CompilerResultsLog:    D:\Projects\UE4UdemyCXX\Section4\Escapegame\Source\Escapegame\WorldPosition.cpp(7) : error C2039: '{ctor}': is not a member of 'UWorldPosition'
[2020.10.03-04.28.14:968][595]CompilerResultsLog:   D:\Projects\UE4UdemyCXX\Section4\Escapegame\Source\Escapegame\WorldPosition.h(11): note: see declaration of 'UWorldPosition'
[2020.10.03-04.28.14:968][595]CompilerResultsLog:    D:\Projects\UE4UdemyCXX\Section4\Escapegame\Source\Escapegame\WorldPosition.cpp(8) : error C4430: missing type specifier - int assumed. Note: C++ does not support default-int
[2020.10.03-04.28.14:968][595]CompilerResultsLog:    D:\Projects\UE4UdemyCXX\Section4\Escapegame\Source\Escapegame\WorldPosition.cpp(11) : error C2065: 'PrimaryComponentTick': undeclared identifier
[2020.10.03-04.28.14:968][595]CompilerResultsLog:    D:\Projects\UE4UdemyCXX\Section4\Escapegame\Source\Escapegame\WorldPosition.cpp(14) : error C4508: '{ctor}': function should return a value; 'void' return type assumed
[2020.10.03-04.28.14:969][595]CompilerResultsLog:    D:\Projects\UE4UdemyCXX\Section4\Escapegame\Source\Escapegame\WorldPosition.cpp(18) : error C2039: 'BeginPlay': is not a member of 'UWorldPosition'
[2020.10.03-04.28.14:969][595]CompilerResultsLog:   D:\Projects\UE4UdemyCXX\Section4\Escapegame\Source\Escapegame\WorldPosition.h(11): note: see declaration of 'UWorldPosition'
[2020.10.03-04.28.14:969][595]CompilerResultsLog:    D:\Projects\UE4UdemyCXX\Section4\Escapegame\Source\Escapegame\WorldPosition.cpp(20) : error C2352: 'UActorComponent::BeginPlay': illegal call of non-static member function
[2020.10.03-04.28.14:969][595]CompilerResultsLog:   C:\Program Files\Epic Games\UE_4.25\Engine\Source\Runtime\Engine\Classes\Components/ActorComponent.h(613): note: see declaration of 'UActorComponent::BeginPlay'
[2020.10.03-04.28.14:969][595]CompilerResultsLog:    D:\Projects\UE4UdemyCXX\Section4\Escapegame\Source\Escapegame\WorldPosition.cpp(28) : error C2039: 'TickComponent': is not a member of 'UWorldPosition'
[2020.10.03-04.28.14:969][595]CompilerResultsLog:   D:\Projects\UE4UdemyCXX\Section4\Escapegame\Source\Escapegame\WorldPosition.h(11): note: see declaration of 'UWorldPosition'
[2020.10.03-04.28.14:969][595]CompilerResultsLog:    D:\Projects\UE4UdemyCXX\Section4\Escapegame\Source\Escapegame\WorldPosition.cpp(30) : error C2352: 'UActorComponent::TickComponent': illegal call of non-static member function
[2020.10.03-04.28.14:969][595]CompilerResultsLog:   C:\Program Files\Epic Games\UE_4.25\Engine\Source\Runtime\Engine\Classes\Components/ActorComponent.h(653): note: see declaration of 'UActorComponent::TickComponent'
[2020.10.03-04.28.14:969][595]CompilerResultsLog:   [4/10] EscapegameGameModeBase.gen.cpp
[2020.10.03-04.28.14:969][595]CompilerResultsLog:    D:\Projects\UE4UdemyCXX\Section4\Escapegame\Intermediate\Build\Win64\UE4Editor\Inc\Escapegame\EscapegameGameModeBase.generated.h(19) : error C2059: syntax error: 'string'
[2020.10.03-04.28.14:969][595]CompilerResultsLog:    D:\Projects\UE4UdemyCXX\Section4\Escapegame\Intermediate\Build\Win64\UE4Editor\Inc\Escapegame\EscapegameGameModeBase.generated.h(22) : error C2255: 'friend': not allowed outside of a class definition
[2020.10.03-04.28.14:969][595]CompilerResultsLog:    D:\Projects\UE4UdemyCXX\Section4\Escapegame\Intermediate\Build\Win64\UE4Editor\Inc\Escapegame\EscapegameGameModeBase.generated.h(23) : error C2059: syntax error: 'public'
[2020.10.03-04.28.14:969][595]CompilerResultsLog:    D:\Projects\UE4UdemyCXX\Section4\Escapegame\Intermediate\Build\Win64\UE4Editor\Inc\Escapegame\EscapegameGameModeBase.generated.h(24) : error C2059: syntax error: 'private'
[2020.10.03-04.28.14:969][595]CompilerResultsLog:    D:\Projects\UE4UdemyCXX\Section4\Escapegame\Intermediate\Build\Win64\UE4Editor\Inc\Escapegame\EscapegameGameModeBase.generated.h(24) : error C2143: syntax error: missing ';' before '&'
[2020.10.03-04.28.14:969][595]CompilerResultsLog:    D:\Projects\UE4UdemyCXX\Section4\Escapegame\Intermediate\Build\Win64\UE4Editor\Inc\Escapegame\EscapegameGameModeBase.generated.h(24) : error C4430: missing type specifier - int assumed. Note: C++ does not support default-int
[2020.10.03-04.28.14:969][595]CompilerResultsLog:    D:\Projects\UE4UdemyCXX\Section4\Escapegame\Intermediate\Build\Win64\UE4Editor\Inc\Escapegame\EscapegameGameModeBase.generated.h(24) : error C2059: syntax error: ')'
[2020.10.03-04.28.14:969][595]CompilerResultsLog:    D:\Projects\UE4UdemyCXX\Section4\Escapegame\Intermediate\Build\Win64\UE4Editor\Inc\Escapegame\EscapegameGameModeBase.generated.h(24) : error C2086: 'int AEscapegameGameModeBase': redefinition
[2020.10.03-04.28.14:969][595]CompilerResultsLog:   D:\Projects\UE4UdemyCXX\Section4\Escapegame\Intermediate\Build\Win64\UE4Editor\Inc\Escapegame\EscapegameGameModeBase.generated.h(24): note: see declaration of 'AEscapegameGameModeBase'
[2020.10.03-04.28.14:969][595]CompilerResultsLog:    D:\Projects\UE4UdemyCXX\Section4\Escapegame\Intermediate\Build\Win64\UE4Editor\Inc\Escapegame\EscapegameGameModeBase.generated.h(24) : error C2143: syntax error: missing ',' before '&'
[2020.10.03-04.28.14:969][595]CompilerResultsLog:    D:\Projects\UE4UdemyCXX\Section4\Escapegame\Intermediate\Build\Win64\UE4Editor\Inc\Escapegame\EscapegameGameModeBase.generated.h(24) : error C2801: 'operator =' must be a non-static member
[2020.10.03-04.28.14:970][595]CompilerResultsLog:    D:\Projects\UE4UdemyCXX\Section4\Escapegame\Intermediate\Build\Win64\UE4Editor\Inc\Escapegame\EscapegameGameModeBase.generated.h(24) : error C2059: syntax error: 'public'
[2020.10.03-04.28.14:970][595]CompilerResultsLog:    D:\Projects\UE4UdemyCXX\Section4\Escapegame\Intermediate\Build\Win64\UE4Editor\Inc\Escapegame\EscapegameGameModeBase.generated.h(24) : error C2378: 'AEscapegameGameModeBase': redefinition; symbol cannot be overloaded with a typedef
[2020.10.03-04.28.14:970][595]CompilerResultsLog:   D:\Projects\UE4UdemyCXX\Section4\Escapegame\Intermediate\Build\Win64\UE4Editor\Inc\Escapegame\EscapegameGameModeBase.generated.h(24): note: see declaration of 'AEscapegameGameModeBase'
[2020.10.03-04.28.14:970][595]CompilerResultsLog:    D:\Projects\UE4UdemyCXX\Section4\Escapegame\Intermediate\Build\Win64\UE4Editor\Inc\Escapegame\EscapegameGameModeBase.generated.h(24) : error C2146: syntax error: missing ';' before identifier 'ThisClass'
[2020.10.03-04.28.14:970][595]CompilerResultsLog:    D:\Projects\UE4UdemyCXX\Section4\Escapegame\Intermediate\Build\Win64\UE4Editor\Inc\Escapegame\EscapegameGameModeBase.generated.h(25) : error C2255: 'friend': not allowed outside of a class definition
[2020.10.03-04.28.14:970][595]CompilerResultsLog:    D:\Projects\UE4UdemyCXX\Section4\Escapegame\Intermediate\Build\Win64\UE4Editor\Inc\Escapegame\EscapegameGameModeBase.generated.h(25) : error C2061: syntax error: identifier 'AEscapegameGameModeBase'
[2020.10.03-04.28.14:970][595]CompilerResultsLog:    D:\Projects\UE4UdemyCXX\Section4\Escapegame\Intermediate\Build\Win64\UE4Editor\Inc\Escapegame\EscapegameGameModeBase.generated.h(25) : error C2805: binary 'operator <<' has too few parameters
[2020.10.03-04.28.14:970][595]CompilerResultsLog:    D:\Projects\UE4UdemyCXX\Section4\Escapegame\Intermediate\Build\Win64\UE4Editor\Inc\Escapegame\EscapegameGameModeBase.generated.h(25) : error C2065: 'Res': undeclared identifier
[2020.10.03-04.28.14:970][595]CompilerResultsLog:    D:\Projects\UE4UdemyCXX\Section4\Escapegame\Intermediate\Build\Win64\UE4Editor\Inc\Escapegame\EscapegameGameModeBase.generated.h(28) : error C2059: syntax error: 'string'
[2020.10.03-04.28.14:970][595]CompilerResultsLog:    D:\Projects\UE4UdemyCXX\Section4\Escapegame\Intermediate\Build\Win64\UE4Editor\Inc\Escapegame\EscapegameGameModeBase.generated.h(31) : error C2255: 'friend': not allowed outside of a class definition
[2020.10.03-04.28.14:970][595]CompilerResultsLog:    D:\Projects\UE4UdemyCXX\Section4\Escapegame\Intermediate\Build\Win64\UE4Editor\Inc\Escapegame\EscapegameGameModeBase.generated.h(32) : error C2059: syntax error: 'public'
[2020.10.03-04.28.14:970][595]CompilerResultsLog:    D:\Projects\UE4UdemyCXX\Section4\Escapegame\Intermediate\Build\Win64\UE4Editor\Inc\Escapegame\EscapegameGameModeBase.generated.h(33) : error C2059: syntax error: 'private'
[2020.10.03-04.28.14:970][595]CompilerResultsLog:    D:\Projects\UE4UdemyCXX\Section4\Escapegame\Intermediate\Build\Win64\UE4Editor\Inc\Escapegame\EscapegameGameModeBase.generated.h(33) : error C2143: syntax error: missing ';' before '&'
[2020.10.03-04.28.14:970][595]CompilerResultsLog:    D:\Projects\UE4UdemyCXX\Section4\Escapegame\Intermediate\Build\Win64\UE4Editor\Inc\Escapegame\EscapegameGameModeBase.generated.h(33) : error C4430: missing type specifier - int assumed. Note: C++ does not support default-int
[2020.10.03-04.28.14:970][595]CompilerResultsLog:    D:\Projects\UE4UdemyCXX\Section4\Escapegame\Intermediate\Build\Win64\UE4Editor\Inc\Escapegame\EscapegameGameModeBase.generated.h(33) : error C2086: 'int AEscapegameGameModeBase': redefinition
[2020.10.03-04.28.14:970][595]CompilerResultsLog:   D:\Projects\UE4UdemyCXX\Section4\Escapegame\Intermediate\Build\Win64\UE4Editor\Inc\Escapegame\EscapegameGameModeBase.generated.h(24): note: see declaration of 'AEscapegameGameModeBase'
[2020.10.03-04.28.14:970][595]CompilerResultsLog:    D:\Projects\UE4UdemyCXX\Section4\Escapegame\Intermediate\Build\Win64\UE4Editor\Inc\Escapegame\EscapegameGameModeBase.generated.h(33) : error C2059: syntax error: ')'
[2020.10.03-04.28.14:970][595]CompilerResultsLog:    D:\Projects\UE4UdemyCXX\Section4\Escapegame\Intermediate\Build\Win64\UE4Editor\Inc\Escapegame\EscapegameGameModeBase.generated.h(33) : error C2143: syntax error: missing ',' before '&'
[2020.10.03-04.28.14:971][595]CompilerResultsLog:    D:\Projects\UE4UdemyCXX\Section4\Escapegame\Intermediate\Build\Win64\UE4Editor\Inc\Escapegame\EscapegameGameModeBase.generated.h(33) : error C2059: syntax error: 'public'
[2020.10.03-04.28.14:971][595]CompilerResultsLog:    D:\Projects\UE4UdemyCXX\Section4\Escapegame\Intermediate\Build\Win64\UE4Editor\Inc\Escapegame\EscapegameGameModeBase.generated.h(33) : error C2365: 'StaticClassFlags': redefinition; previous definition was 'enumerator'
[2020.10.03-04.28.14:971][595]CompilerResultsLog:   D:\Projects\UE4UdemyCXX\Section4\Escapegame\Intermediate\Build\Win64\UE4Editor\Inc\Escapegame\EscapegameGameModeBase.generated.h(24): note: see declaration of 'StaticClassFlags'
[2020.10.03-04.28.14:971][595]CompilerResultsLog:    D:\Projects\UE4UdemyCXX\Section4\Escapegame\Intermediate\Build\Win64\UE4Editor\Inc\Escapegame\EscapegameGameModeBase.generated.h(33) : error C2378: 'AEscapegameGameModeBase': redefinition; symbol cannot be overloaded with a typedef
[2020.10.03-04.28.14:971][595]CompilerResultsLog:   D:\Projects\UE4UdemyCXX\Section4\Escapegame\Intermediate\Build\Win64\UE4Editor\Inc\Escapegame\EscapegameGameModeBase.generated.h(24): note: see declaration of 'AEscapegameGameModeBase'
[2020.10.03-04.28.14:971][595]CompilerResultsLog:    D:\Projects\UE4UdemyCXX\Section4\Escapegame\Intermediate\Build\Win64\UE4Editor\Inc\Escapegame\EscapegameGameModeBase.generated.h(33) : error C2146: syntax error: missing ';' before identifier 'ThisClass'
[2020.10.03-04.28.14:971][595]CompilerResultsLog:    D:\Projects\UE4UdemyCXX\Section4\Escapegame\Intermediate\Build\Win64\UE4Editor\Inc\Escapegame\EscapegameGameModeBase.generated.h(33) : error C2086: 'int ThisClass': redefinition
[2020.10.03-04.28.14:971][595]CompilerResultsLog:   D:\Projects\UE4UdemyCXX\Section4\Escapegame\Intermediate\Build\Win64\UE4Editor\Inc\Escapegame\EscapegameGameModeBase.generated.h(24): note: see declaration of 'ThisClass'
[2020.10.03-04.28.14:971][595]CompilerResultsLog:    D:\Projects\UE4UdemyCXX\Section4\Escapegame\Intermediate\Build\Win64\UE4Editor\Inc\Escapegame\EscapegameGameModeBase.generated.h(33) : error C2084: function 'UClass *StaticClass(void)' already has a body
[2020.10.03-04.28.14:971][595]CompilerResultsLog:   D:\Projects\UE4UdemyCXX\Section4\Escapegame\Intermediate\Build\Win64\UE4Editor\Inc\Escapegame\EscapegameGameModeBase.generated.h(24): note: see previous definition of 'StaticClass'
[2020.10.03-04.28.14:971][595]CompilerResultsLog:    D:\Projects\UE4UdemyCXX\Section4\Escapegame\Intermediate\Build\Win64\UE4Editor\Inc\Escapegame\EscapegameGameModeBase.generated.h(33) : error C2084: function 'const TCHAR *StaticPackage(void)' already has a body
[2020.10.03-04.28.14:971][595]CompilerResultsLog:   D:\Projects\UE4UdemyCXX\Section4\Escapegame\Intermediate\Build\Win64\UE4Editor\Inc\Escapegame\EscapegameGameModeBase.generated.h(24): note: see previous definition of 'StaticPackage'
[2020.10.03-04.28.14:971][595]CompilerResultsLog:    D:\Projects\UE4UdemyCXX\Section4\Escapegame\Intermediate\Build\Win64\UE4Editor\Inc\Escapegame\EscapegameGameModeBase.generated.h(33) : error C2084: function 'EClassCastFlags StaticClassCastFlags(void)' already has a body
[2020.10.03-04.28.14:971][595]CompilerResultsLog:   D:\Projects\UE4UdemyCXX\Section4\Escapegame\Intermediate\Build\Win64\UE4Editor\Inc\Escapegame\EscapegameGameModeBase.generated.h(24): note: see previous definition of 'StaticClassCastFlags'
[2020.10.03-04.28.14:971][595]CompilerResultsLog:    D:\Projects\UE4UdemyCXX\Section4\Escapegame\Intermediate\Build\Win64\UE4Editor\Inc\Escapegame\EscapegameGameModeBase.generated.h(33) : error C2572: 'operator new': redefinition of default argument: parameter 1
[2020.10.03-04.28.14:971][595]CompilerResultsLog:   D:\Projects\UE4UdemyCXX\Section4\Escapegame\Intermediate\Build\Win64\UE4Editor\Inc\Escapegame\EscapegameGameModeBase.generated.h(24): note: see declaration of 'operator new'
[2020.10.03-04.28.14:971][595]CompilerResultsLog:    D:\Projects\UE4UdemyCXX\Section4\Escapegame\Intermediate\Build\Win64\UE4Editor\Inc\Escapegame\EscapegameGameModeBase.generated.h(33) : error C2572: 'operator new': redefinition of default argument: parameter 2
[2020.10.03-04.28.14:971][595]CompilerResultsLog:   D:\Projects\UE4UdemyCXX\Section4\Escapegame\Intermediate\Build\Win64\UE4Editor\Inc\Escapegame\EscapegameGameModeBase.generated.h(24): note: see declaration of 'operator new'
[2020.10.03-04.28.14:971][595]CompilerResultsLog:    D:\Projects\UE4UdemyCXX\Section4\Escapegame\Intermediate\Build\Win64\UE4Editor\Inc\Escapegame\EscapegameGameModeBase.generated.h(33) : error C2572: 'operator new': redefinition of default argument: parameter 3
[2020.10.03-04.28.14:971][595]CompilerResultsLog:   D:\Projects\UE4UdemyCXX\Section4\Escapegame\Intermediate\Build\Win64\UE4Editor\Inc\Escapegame\EscapegameGameModeBase.generated.h(24): note: see declaration of 'operator new'
[2020.10.03-04.28.14:971][595]CompilerResultsLog:    D:\Projects\UE4UdemyCXX\Section4\Escapegame\Intermediate\Build\Win64\UE4Editor\Inc\Escapegame\EscapegameGameModeBase.generated.h(33) : error C2084: function 'void *operator new(const size_t,EInternal,UObject *,FName,EObjectFlags)' already has a body
[2020.10.03-04.28.14:971][595]CompilerResultsLog:   D:\Projects\UE4UdemyCXX\Section4\Escapegame\Intermediate\Build\Win64\UE4Editor\Inc\Escapegame\EscapegameGameModeBase.generated.h(24): note: see previous definition of 'new'
[2020.10.03-04.28.14:971][595]CompilerResultsLog:    D:\Projects\UE4UdemyCXX\Section4\Escapegame\Intermediate\Build\Win64\UE4Editor\Inc\Escapegame\EscapegameGameModeBase.generated.h(33) : error C2264: 'StaticClass': error in function definition or declaration; function not called
[2020.10.03-04.28.14:972][595]CompilerResultsLog:    D:\Projects\UE4UdemyCXX\Section4\Escapegame\Intermediate\Build\Win64\UE4Editor\Inc\Escapegame\EscapegameGameModeBase.generated.h(33) : error C2084: function 'void *operator new(const size_t,EInternal *)' already has a body
[2020.10.03-04.28.14:972][595]CompilerResultsLog:   D:\Projects\UE4UdemyCXX\Section4\Escapegame\Intermediate\Build\Win64\UE4Editor\Inc\Escapegame\EscapegameGameModeBase.generated.h(24): note: see previous definition of 'new'
[2020.10.03-04.28.14:972][595]CompilerResultsLog:    D:\Projects\UE4UdemyCXX\Section4\Escapegame\Intermediate\Build\Win64\UE4Editor\Inc\Escapegame\EscapegameGameModeBase.generated.h(34) : error C2255: 'friend': not allowed outside of a class definition
[2020.10.03-04.28.14:972][595]CompilerResultsLog:    D:\Projects\UE4UdemyCXX\Section4\Escapegame\Intermediate\Build\Win64\UE4Editor\Inc\Escapegame\EscapegameGameModeBase.generated.h(34) : error C2061: syntax error: identifier 'AEscapegameGameModeBase'
[2020.10.03-04.28.14:972][595]CompilerResultsLog:    D:\Projects\UE4UdemyCXX\Section4\Escapegame\Intermediate\Build\Win64\UE4Editor\Inc\Escapegame\EscapegameGameModeBase.generated.h(34) : error C2805: binary 'operator <<' has too few parameters
[2020.10.03-04.28.14:972][595]CompilerResultsLog:    D:\Projects\UE4UdemyCXX\Section4\Escapegame\Intermediate\Build\Win64\UE4Editor\Inc\Escapegame\EscapegameGameModeBase.generated.h(34) : error C2065: 'Res': undeclared identifier
[2020.10.03-04.28.14:972][595]CompilerResultsLog:    D:\Projects\UE4UdemyCXX\Section4\Escapegame\Intermediate\Build\Win64\UE4Editor\Inc\Escapegame\EscapegameGameModeBase.generated.h(37) : error C2059: syntax error: 'string'
[2020.10.03-04.28.14:972][595]CompilerResultsLog:    D:\Projects\UE4UdemyCXX\Section4\Escapegame\Intermediate\Build\Win64\UE4Editor\Inc\Escapegame\EscapegameGameModeBase.generated.h(40) : error C2061: syntax error: identifier 'AEscapegameGameModeBase'
[2020.10.03-04.28.14:972][595]CompilerResultsLog:    D:\Projects\UE4UdemyCXX\Section4\Escapegame\Intermediate\Build\Win64\UE4Editor\Inc\Escapegame\EscapegameGameModeBase.generated.h(41) : error C4430: missing type specifier - int assumed. Note: C++ does not support default-int
[2020.10.03-04.28.14:972][595]CompilerResultsLog:    D:\Projects\UE4UdemyCXX\Section4\Escapegame\Intermediate\Build\Win64\UE4Editor\Inc\Escapegame\EscapegameGameModeBase.generated.h(41) : error C2365: 'AEscapegameGameModeBase': redefinition; previous definition was 'data variable'
[2020.10.03-04.28.14:972][595]CompilerResultsLog:   D:\Projects\UE4UdemyCXX\Section4\Escapegame\Intermediate\Build\Win64\UE4Editor\Inc\Escapegame\EscapegameGameModeBase.generated.h(24): note: see declaration of 'AEscapegameGameModeBase'
[2020.10.03-04.28.14:972][595]CompilerResultsLog:    D:\Projects\UE4UdemyCXX\Section4\Escapegame\Intermediate\Build\Win64\UE4Editor\Inc\Escapegame\EscapegameGameModeBase.generated.h(42) : error C2061: syntax error: identifier 'AEscapegameGameModeBase'
[2020.10.03-04.28.14:972][595]CompilerResultsLog:    D:\Projects\UE4UdemyCXX\Section4\Escapegame\Intermediate\Build\Win64\UE4Editor\Inc\Escapegame\EscapegameGameModeBase.generated.h(43) : error C2059: syntax error: 'private'
[2020.10.03-04.28.14:972][595]CompilerResultsLog:    D:\Projects\UE4UdemyCXX\Section4\Escapegame\Intermediate\Build\Win64\UE4Editor\Inc\Escapegame\EscapegameGameModeBase.generated.h(45) : error C2059: syntax error: ')'
[2020.10.03-04.28.14:972][595]CompilerResultsLog:    D:\Projects\UE4UdemyCXX\Section4\Escapegame\Intermediate\Build\Win64\UE4Editor\Inc\Escapegame\EscapegameGameModeBase.generated.h(46) : error C4430: missing type specifier - int assumed. Note: C++ does not support default-int
[2020.10.03-04.28.14:972][595]CompilerResultsLog:    D:\Projects\UE4UdemyCXX\Section4\Escapegame\Intermediate\Build\Win64\UE4Editor\Inc\Escapegame\EscapegameGameModeBase.generated.h(46) : error C2143: syntax error: missing ',' before '&'
[2020.10.03-04.28.14:972][595]CompilerResultsLog:    D:\Projects\UE4UdemyCXX\Section4\Escapegame\Intermediate\Build\Win64\UE4Editor\Inc\Escapegame\EscapegameGameModeBase.generated.h(46) : error C4430: missing type specifier - int assumed. Note: C++ does not support default-int
[2020.10.03-04.28.14:972][595]CompilerResultsLog:    D:\Projects\UE4UdemyCXX\Section4\Escapegame\Intermediate\Build\Win64\UE4Editor\Inc\Escapegame\EscapegameGameModeBase.generated.h(46) : error C2365: 'AEscapegameGameModeBase': redefinition; previous definition was 'data variable'
[2020.10.03-04.28.14:972][595]CompilerResultsLog:   D:\Projects\UE4UdemyCXX\Section4\Escapegame\Intermediate\Build\Win64\UE4Editor\Inc\Escapegame\EscapegameGameModeBase.generated.h(24): note: see declaration of 'AEscapegameGameModeBase'
[2020.10.03-04.28.14:972][595]CompilerResultsLog:    D:\Projects\UE4UdemyCXX\Section4\Escapegame\Intermediate\Build\Win64\UE4Editor\Inc\Escapegame\EscapegameGameModeBase.generated.h(47) : error C2059: syntax error: 'public'
[2020.10.03-04.28.14:972][595]CompilerResultsLog:    D:\Projects\UE4UdemyCXX\Section4\Escapegame\Intermediate\Build\Win64\UE4Editor\Inc\Escapegame\EscapegameGameModeBase.generated.h(50) : error C2059: syntax error: 'string'
[2020.10.03-04.28.14:972][595]CompilerResultsLog:    D:\Projects\UE4UdemyCXX\Section4\Escapegame\Intermediate\Build\Win64\UE4Editor\Inc\Escapegame\EscapegameGameModeBase.generated.h(53) : error C2059: syntax error: 'private'
[2020.10.03-04.28.14:973][595]CompilerResultsLog:    D:\Projects\UE4UdemyCXX\Section4\Escapegame\Intermediate\Build\Win64\UE4Editor\Inc\Escapegame\EscapegameGameModeBase.generated.h(55) : error C2059: syntax error: ')'
[2020.10.03-04.28.14:973][595]CompilerResultsLog:    D:\Projects\UE4UdemyCXX\Section4\Escapegame\Intermediate\Build\Win64\UE4Editor\Inc\Escapegame\EscapegameGameModeBase.generated.h(56) : error C4430: missing type specifier - int assumed. Note: C++ does not support default-int
[2020.10.03-04.28.14:973][595]CompilerResultsLog:    D:\Projects\UE4UdemyCXX\Section4\Escapegame\Intermediate\Build\Win64\UE4Editor\Inc\Escapegame\EscapegameGameModeBase.generated.h(56) : error C2143: syntax error: missing ',' before '&'
[2020.10.03-04.28.14:973][595]CompilerResultsLog:    D:\Projects\UE4UdemyCXX\Section4\Escapegame\Intermediate\Build\Win64\UE4Editor\Inc\Escapegame\EscapegameGameModeBase.generated.h(56) : error C4430: missing type specifier - int assumed. Note: C++ does not support default-int
[2020.10.03-04.28.14:973][595]CompilerResultsLog:    D:\Projects\UE4UdemyCXX\Section4\Escapegame\Intermediate\Build\Win64\UE4Editor\Inc\Escapegame\EscapegameGameModeBase.generated.h(56) : error C2365: 'AEscapegameGameModeBase': redefinition; previous definition was 'data variable'
[2020.10.03-04.28.14:973][595]CompilerResultsLog:   D:\Projects\UE4UdemyCXX\Section4\Escapegame\Intermediate\Build\Win64\UE4Editor\Inc\Escapegame\EscapegameGameModeBase.generated.h(24): note: see declaration of 'AEscapegameGameModeBase'
[2020.10.03-04.28.14:973][595]CompilerResultsLog:    D:\Projects\UE4UdemyCXX\Section4\Escapegame\Intermediate\Build\Win64\UE4Editor\Inc\Escapegame\EscapegameGameModeBase.generated.h(57) : error C2059: syntax error: 'public'
[2020.10.03-04.28.14:973][595]CompilerResultsLog:    D:\Projects\UE4UdemyCXX\Section4\Escapegame\Intermediate\Build\Win64\UE4Editor\Inc\Escapegame\EscapegameGameModeBase.generated.h(58) : error C4430: missing type specifier - int assumed. Note: C++ does not support default-int
[2020.10.03-04.28.14:973][595]CompilerResultsLog:    D:\Projects\UE4UdemyCXX\Section4\Escapegame\Intermediate\Build\Win64\UE4Editor\Inc\Escapegame\EscapegameGameModeBase.generated.h(58) : error C2365: 'AEscapegameGameModeBase': redefinition; previous definition was 'data variable'
[2020.10.03-04.28.14:973][595]CompilerResultsLog:   D:\Projects\UE4UdemyCXX\Section4\Escapegame\Intermediate\Build\Win64\UE4Editor\Inc\Escapegame\EscapegameGameModeBase.generated.h(24): note: see declaration of 'AEscapegameGameModeBase'
[2020.10.03-04.28.14:973][595]CompilerResultsLog:    D:\Projects\UE4UdemyCXX\Section4\Escapegame\Intermediate\Build\Win64\UE4Editor\Inc\Escapegame\EscapegameGameModeBase.generated.h(59) : error C2084: function 'UObject *__VTableCtorCaller(FVTableHelper &)' already has a body
[2020.10.03-04.28.14:973][595]CompilerResultsLog:   D:\Projects\UE4UdemyCXX\Section4\Escapegame\Intermediate\Build\Win64\UE4Editor\Inc\Escapegame\EscapegameGameModeBase.generated.h(42): note: see previous definition of '__VTableCtorCaller'
[2020.10.03-04.28.14:973][595]CompilerResultsLog:    D:\Projects\UE4UdemyCXX\Section4\Escapegame\Intermediate\Build\Win64\UE4Editor\Inc\Escapegame\EscapegameGameModeBase.generated.h(59) : error C2061: syntax error: identifier 'AEscapegameGameModeBase'
[2020.10.03-04.28.14:973][595]CompilerResultsLog:    D:\Projects\UE4UdemyCXX\Section4\Escapegame\Intermediate\Build\Win64\UE4Editor\Inc\Escapegame\EscapegameGameModeBase.generated.h(60) : error C2084: function 'void __DefaultConstructor(const FObjectInitializer &)' already has a body
[2020.10.03-04.28.14:973][595]CompilerResultsLog:   D:\Projects\UE4UdemyCXX\Section4\Escapegame\Intermediate\Build\Win64\UE4Editor\Inc\Escapegame\EscapegameGameModeBase.generated.h(40): note: see previous definition of '__DefaultConstructor'
[2020.10.03-04.28.14:973][595]CompilerResultsLog:    D:\Projects\UE4UdemyCXX\Section4\Escapegame\Intermediate\Build\Win64\UE4Editor\Inc\Escapegame\EscapegameGameModeBase.generated.h(60) : error C2061: syntax error: identifier 'AEscapegameGameModeBase'
[2020.10.03-04.28.14:973][595]CompilerResultsLog:    D:\Projects\UE4UdemyCXX\Section4\Escapegame\Intermediate\Build\Win64\UE4Editor\Inc\Escapegame\EscapegameGameModeBase.generated.h(73) : error C4430: missing type specifier - int assumed. Note: C++ does not support default-int
[2020.10.03-04.28.14:973][595]CompilerResultsLog:    D:\Projects\UE4UdemyCXX\Section4\Escapegame\Intermediate\Build\Win64\UE4Editor\Inc\Escapegame\EscapegameGameModeBase.generated.h(72) : error C2146: syntax error: missing ';' before identifier 'Escapegame_Source_Escapegame_EscapegameGameModeBase_h_15_STANDARD_CONSTRUCTORS'
[2020.10.03-04.28.14:973][595]CompilerResultsLog:    D:\Projects\UE4UdemyCXX\Section4\Escapegame\Intermediate\Build\Win64\UE4Editor\Inc\Escapegame\EscapegameGameModeBase.generated.h(77) : error C2059: syntax error: 'string'
[2020.10.03-04.28.14:974][595]CompilerResultsLog:    D:\Projects\UE4UdemyCXX\Section4\Escapegame\Intermediate\Build\Win64\UE4Editor\Inc\Escapegame\EscapegameGameModeBase.generated.h(85) : error C4430: missing type specifier - int assumed. Note: C++ does not support default-int
[2020.10.03-04.28.14:974][595]CompilerResultsLog:    D:\Projects\UE4UdemyCXX\Section4\Escapegame\Intermediate\Build\Win64\UE4Editor\Inc\Escapegame\EscapegameGameModeBase.generated.h(84) : error C2146: syntax error: missing ';' before identifier 'Escapegame_Source_Escapegame_EscapegameGameModeBase_h_15_ENHANCED_CONSTRUCTORS'
[2020.10.03-04.28.14:974][595]CompilerResultsLog:    D:\Projects\UE4UdemyCXX\Section4\Escapegame\Intermediate\Build\Win64\UE4Editor\Inc\Escapegame\EscapegameGameModeBase.generated.h(92) : error C2059: syntax error: 'string'
[2020.10.03-04.28.14:974][595]CompilerResultsLog:    D:\Projects\UE4UdemyCXX\Section4\Escapegame\Source\Escapegame/EscapegameGameModeBase.h(13) : error C2059: syntax error: 'public'
[2020.10.03-04.28.14:974][595]CompilerResultsLog:    D:\Projects\UE4UdemyCXX\Section4\Escapegame\Source\Escapegame/EscapegameGameModeBase.h(14) : error C2143: syntax error: missing ';' before '{'
[2020.10.03-04.28.14:974][595]CompilerResultsLog:    D:\Projects\UE4UdemyCXX\Section4\Escapegame\Source\Escapegame/EscapegameGameModeBase.h(14) : error C2447: '{': missing function header (old-style formal list?)
[2020.10.03-04.28.14:974][595]CompilerResultsLog:    D:\Projects\UE4UdemyCXX\Section4\Escapegame\Intermediate\Build\Win64\UE4Editor\Inc\Escapegame\EscapegameGameModeBase.gen.cpp(21) : error C2039: 'StaticRegisterNativesAEscapegameGameModeBase': is not a member of 'AEscapegameGameModeBase'
[2020.10.03-04.28.14:974][595]CompilerResultsLog:   D:\Projects\UE4UdemyCXX\Section4\Escapegame\Source\Escapegame/EscapegameGameModeBase.h(13): note: see declaration of 'AEscapegameGameModeBase'
[2020.10.03-04.28.14:974][595]CompilerResultsLog:    D:\Projects\UE4UdemyCXX\Section4\Escapegame\Intermediate\Build\Win64\UE4Editor\Inc\Escapegame\EscapegameGameModeBase.gen.cpp(26) : error C2039: 'StaticClass': is not a member of 'AEscapegameGameModeBase'
[2020.10.03-04.28.14:974][595]CompilerResultsLog:   D:\Projects\UE4UdemyCXX\Section4\Escapegame\Source\Escapegame/EscapegameGameModeBase.h(13): note: see declaration of 'AEscapegameGameModeBase'
[2020.10.03-04.28.14:974][595]CompilerResultsLog:    D:\Projects\UE4UdemyCXX\Section4\Escapegame\Intermediate\Build\Win64\UE4Editor\Inc\Escapegame\EscapegameGameModeBase.gen.cpp(26) : error C2264: 'StaticClass': error in function definition or declaration; function not called
[2020.10.03-04.28.14:974][595]CompilerResultsLog:    C:\Program Files\Epic Games\UE_4.25\Engine\Source\Runtime\Core\Public\Templates/IsAbstract.h(11) : error C2139: 'AEscapegameGameModeBase': an undefined class is not allowed as an argument to compiler intrinsic type trait '__is_abstract'
[2020.10.03-04.28.14:974][595]CompilerResultsLog:   D:\Projects\UE4UdemyCXX\Section4\Escapegame\Source\Escapegame/EscapegameGameModeBase.h(13): note: see declaration of 'AEscapegameGameModeBase'
[2020.10.03-04.28.14:974][595]CompilerResultsLog:   C:\Program Files\Epic Games\UE_4.25\Engine\Source\Runtime\CoreUObject\Public\UObject/Class.h(2416): note: see reference to class template instantiation 'TIsAbstract<CPPCLASS>' being compiled
[2020.10.03-04.28.14:974][595]CompilerResultsLog:           with
[2020.10.03-04.28.14:974][595]CompilerResultsLog:           [
[2020.10.03-04.28.14:975][595]CompilerResultsLog:               CPPCLASS=AEscapegameGameModeBase
[2020.10.03-04.28.14:975][595]CompilerResultsLog:           ]
[2020.10.03-04.28.14:975][595]CompilerResultsLog:   D:\Projects\UE4UdemyCXX\Section4\Escapegame\Intermediate\Build\Win64\UE4Editor\Inc\Escapegame\EscapegameGameModeBase.gen.cpp(51): note: see reference to class template instantiation 'TCppClassTypeTraits<AEscapegameGameModeBase>' being compiled
[2020.10.03-04.28.14:975][595]CompilerResultsLog:    D:\Projects\UE4UdemyCXX\Section4\Escapegame\Intermediate\Build\Win64\UE4Editor\Inc\Escapegame\EscapegameGameModeBase.gen.cpp(54) : error C2039: 'StaticClass': is not a member of 'AEscapegameGameModeBase'
[2020.10.03-04.28.14:975][595]CompilerResultsLog:   D:\Projects\UE4UdemyCXX\Section4\Escapegame\Source\Escapegame/EscapegameGameModeBase.h(13): note: see declaration of 'AEscapegameGameModeBase'
[2020.10.03-04.28.14:975][595]CompilerResultsLog:    D:\Projects\UE4UdemyCXX\Section4\Escapegame\Intermediate\Build\Win64\UE4Editor\Inc\Escapegame\EscapegameGameModeBase.gen.cpp(77) : error C2027: use of undefined type 'AEscapegameGameModeBase'
[2020.10.03-04.28.14:975][595]CompilerResultsLog:   D:\Projects\UE4UdemyCXX\Section4\Escapegame\Source\Escapegame/EscapegameGameModeBase.h(13): note: see declaration of 'AEscapegameGameModeBase'
[2020.10.03-04.28.14:975][595]CompilerResultsLog:    D:\Projects\UE4UdemyCXX\Section4\Escapegame\Intermediate\Build\Win64\UE4Editor\Inc\Escapegame\EscapegameGameModeBase.gen.cpp(77) : error C2039: 'GetPrivateStaticClass': is not a member of 'AEscapegameGameModeBase'
[2020.10.03-04.28.14:976][595]CompilerResultsLog:   D:\Projects\UE4UdemyCXX\Section4\Escapegame\Source\Escapegame/EscapegameGameModeBase.h(13): note: see declaration of 'AEscapegameGameModeBase'
[2020.10.03-04.28.14:976][595]CompilerResultsLog:    D:\Projects\UE4UdemyCXX\Section4\Escapegame\Intermediate\Build\Win64\UE4Editor\Inc\Escapegame\EscapegameGameModeBase.gen.cpp(77) : error C2065: 'StaticPackage': undeclared identifier
[2020.10.03-04.28.14:976][595]CompilerResultsLog:    D:\Projects\UE4UdemyCXX\Section4\Escapegame\Intermediate\Build\Win64\UE4Editor\Inc\Escapegame\EscapegameGameModeBase.gen.cpp(77) : error C2039: 'StaticClassFlags': is not a member of 'AEscapegameGameModeBase'
[2020.10.03-04.28.14:976][595]CompilerResultsLog:   D:\Projects\UE4UdemyCXX\Section4\Escapegame\Source\Escapegame/EscapegameGameModeBase.h(13): note: see declaration of 'AEscapegameGameModeBase'
[2020.10.03-04.28.14:976][595]CompilerResultsLog:    D:\Projects\UE4UdemyCXX\Section4\Escapegame\Intermediate\Build\Win64\UE4Editor\Inc\Escapegame\EscapegameGameModeBase.gen.cpp(77) : error C2039: 'StaticClassCastFlags': is not a member of 'AEscapegameGameModeBase'
[2020.10.03-04.28.14:976][595]CompilerResultsLog:   D:\Projects\UE4UdemyCXX\Section4\Escapegame\Source\Escapegame/EscapegameGameModeBase.h(13): note: see declaration of 'AEscapegameGameModeBase'
[2020.10.03-04.28.14:976][595]CompilerResultsLog:    D:\Projects\UE4UdemyCXX\Section4\Escapegame\Intermediate\Build\Win64\UE4Editor\Inc\Escapegame\EscapegameGameModeBase.gen.cpp(77) : error C2065: 'StaticClassCastFlags': undeclared identifier
[2020.10.03-04.28.14:976][595]CompilerResultsLog:    D:\Projects\UE4UdemyCXX\Section4\Escapegame\Intermediate\Build\Win64\UE4Editor\Inc\Escapegame\EscapegameGameModeBase.gen.cpp(77) : error C2039: 'StaticConfigName': is not a member of 'AEscapegameGameModeBase'
[2020.10.03-04.28.14:976][595]CompilerResultsLog:   D:\Projects\UE4UdemyCXX\Section4\Escapegame\Source\Escapegame/EscapegameGameModeBase.h(13): note: see declaration of 'AEscapegameGameModeBase'
[2020.10.03-04.28.14:976][595]CompilerResultsLog:    D:\Projects\UE4UdemyCXX\Section4\Escapegame\Intermediate\Build\Win64\UE4Editor\Inc\Escapegame\EscapegameGameModeBase.gen.cpp(77) : error C3861: 'StaticConfigName': identifier not found
[2020.10.03-04.28.14:976][595]CompilerResultsLog:    D:\Projects\UE4UdemyCXX\Section4\Escapegame\Intermediate\Build\Win64\UE4Editor\Inc\Escapegame\EscapegameGameModeBase.gen.cpp(77) : error C2039: 'AddReferencedObjects': is not a member of 'AEscapegameGameModeBase'
[2020.10.03-04.28.14:976][595]CompilerResultsLog:   D:\Projects\UE4UdemyCXX\Section4\Escapegame\Source\Escapegame/EscapegameGameModeBase.h(13): note: see declaration of 'AEscapegameGameModeBase'
[2020.10.03-04.28.14:976][595]CompilerResultsLog:    D:\Projects\UE4UdemyCXX\Section4\Escapegame\Intermediate\Build\Win64\UE4Editor\Inc\Escapegame\EscapegameGameModeBase.gen.cpp(77) : error C2065: 'AddReferencedObjects': undeclared identifier
[2020.10.03-04.28.14:976][595]CompilerResultsLog:    D:\Projects\UE4UdemyCXX\Section4\Escapegame\Intermediate\Build\Win64\UE4Editor\Inc\Escapegame\EscapegameGameModeBase.gen.cpp(77) : error C3083: 'Super': the symbol to the left of a '::' must be a type
[2020.10.03-04.28.14:976][595]CompilerResultsLog:    D:\Projects\UE4UdemyCXX\Section4\Escapegame\Intermediate\Build\Win64\UE4Editor\Inc\Escapegame\EscapegameGameModeBase.gen.cpp(77) : error C2039: 'StaticClass': is not a member of 'AEscapegameGameModeBase'
[2020.10.03-04.28.14:976][595]CompilerResultsLog:   D:\Projects\UE4UdemyCXX\Section4\Escapegame\Source\Escapegame/EscapegameGameModeBase.h(13): note: see declaration of 'AEscapegameGameModeBase'
[2020.10.03-04.28.14:976][595]CompilerResultsLog:    D:\Projects\UE4UdemyCXX\Section4\Escapegame\Intermediate\Build\Win64\UE4Editor\Inc\Escapegame\EscapegameGameModeBase.gen.cpp(77) : error C3083: 'WithinClass': the symbol to the left of a '::' must be a type
[2020.10.03-04.28.14:976][595]CompilerResultsLog:    D:\Projects\UE4UdemyCXX\Section4\Escapegame\Intermediate\Build\Win64\UE4Editor\Inc\Escapegame\EscapegameGameModeBase.gen.cpp(80) : error C2039: 'StaticClass': is not a member of 'AEscapegameGameModeBase'
[2020.10.03-04.28.14:976][595]CompilerResultsLog:   D:\Projects\UE4UdemyCXX\Section4\Escapegame\Source\Escapegame/EscapegameGameModeBase.h(13): note: see declaration of 'AEscapegameGameModeBase'
[2020.10.03-04.28.14:976][595]CompilerResultsLog:    D:\Projects\UE4UdemyCXX\Section4\Escapegame\Intermediate\Build\Win64\UE4Editor\Inc\Escapegame\EscapegameGameModeBase.gen.cpp(80) : error C2264: 'StaticClass': error in function definition or declaration; function not called
[2020.10.03-04.28.14:976][595]CompilerResultsLog:    D:\Projects\UE4UdemyCXX\Section4\Escapegame\Intermediate\Build\Win64\UE4Editor\Inc\Escapegame\EscapegameGameModeBase.gen.cpp(82) : error C2039: 'StaticClass': is not a member of 'AEscapegameGameModeBase'
[2020.10.03-04.28.14:977][595]CompilerResultsLog:   D:\Projects\UE4UdemyCXX\Section4\Escapegame\Source\Escapegame/EscapegameGameModeBase.h(13): note: see declaration of 'AEscapegameGameModeBase'
[2020.10.03-04.28.14:977][595]CompilerResultsLog:    D:\Projects\UE4UdemyCXX\Section4\Escapegame\Intermediate\Build\Win64\UE4Editor\Inc\Escapegame\EscapegameGameModeBase.gen.cpp(83) : error C2039: '{ctor}': is not a member of 'AEscapegameGameModeBase'
[2020.10.03-04.28.14:977][595]CompilerResultsLog:   D:\Projects\UE4UdemyCXX\Section4\Escapegame\Source\Escapegame/EscapegameGameModeBase.h(13): note: see declaration of 'AEscapegameGameModeBase'
[2020.10.03-04.28.14:977][595]CompilerResultsLog:    D:\Projects\UE4UdemyCXX\Section4\Escapegame\Intermediate\Build\Win64\UE4Editor\Inc\Escapegame\EscapegameGameModeBase.gen.cpp(83) : error C4430: missing type specifier - int assumed. Note: C++ does not support default-int
[2020.10.03-04.28.14:977][595]CompilerResultsLog:    D:\Projects\UE4UdemyCXX\Section4\Escapegame\Intermediate\Build\Win64\UE4Editor\Inc\Escapegame\EscapegameGameModeBase.gen.cpp(83) : error C2550: '{ctor}': constructor initializer lists are only allowed on constructor definitions
[2020.10.03-04.28.14:977][595]CompilerResultsLog:    D:\Projects\UE4UdemyCXX\Section4\Escapegame\Intermediate\Build\Win64\UE4Editor\Inc\Escapegame\EscapegameGameModeBase.gen.cpp(83) : error C4508: '{ctor}': function should return a value; 'void' return type assumed
[2020.10.03-04.28.14:977][595]CompilerResultsLog:   [5/10] Escapegame.init.gen.cpp
[2020.10.03-04.28.14:977][595]CompilerResultsLog:   [6/10] WorldPosition.gen.cpp
[2020.10.03-04.28.14:977][595]CompilerResultsLog:    D:\Projects\UE4UdemyCXX\Section4\Escapegame\Intermediate\Build\Win64\UE4Editor\Inc\Escapegame\WorldPosition.generated.h(19) : error C2059: syntax error: 'string'
[2020.10.03-04.28.14:977][595]CompilerResultsLog:    D:\Projects\UE4UdemyCXX\Section4\Escapegame\Intermediate\Build\Win64\UE4Editor\Inc\Escapegame\WorldPosition.generated.h(22) : error C2255: 'friend': not allowed outside of a class definition
[2020.10.03-04.28.14:977][595]CompilerResultsLog:    D:\Projects\UE4UdemyCXX\Section4\Escapegame\Intermediate\Build\Win64\UE4Editor\Inc\Escapegame\WorldPosition.generated.h(23) : error C2059: syntax error: 'public'
[2020.10.03-04.28.14:977][595]CompilerResultsLog:    D:\Projects\UE4UdemyCXX\Section4\Escapegame\Intermediate\Build\Win64\UE4Editor\Inc\Escapegame\WorldPosition.generated.h(24) : error C2059: syntax error: 'private'
[2020.10.03-04.28.14:977][595]CompilerResultsLog:    D:\Projects\UE4UdemyCXX\Section4\Escapegame\Intermediate\Build\Win64\UE4Editor\Inc\Escapegame\WorldPosition.generated.h(24) : error C2143: syntax error: missing ';' before '&'
[2020.10.03-04.28.14:977][595]CompilerResultsLog:    D:\Projects\UE4UdemyCXX\Section4\Escapegame\Intermediate\Build\Win64\UE4Editor\Inc\Escapegame\WorldPosition.generated.h(24) : error C4430: missing type specifier - int assumed. Note: C++ does not support default-int
[2020.10.03-04.28.14:977][595]CompilerResultsLog:    D:\Projects\UE4UdemyCXX\Section4\Escapegame\Intermediate\Build\Win64\UE4Editor\Inc\Escapegame\WorldPosition.generated.h(24) : error C2059: syntax error: ')'
[2020.10.03-04.28.14:977][595]CompilerResultsLog:    D:\Projects\UE4UdemyCXX\Section4\Escapegame\Intermediate\Build\Win64\UE4Editor\Inc\Escapegame\WorldPosition.generated.h(24) : error C2086: 'int UWorldPosition': redefinition
[2020.10.03-04.28.14:977][595]CompilerResultsLog:   D:\Projects\UE4UdemyCXX\Section4\Escapegame\Intermediate\Build\Win64\UE4Editor\Inc\Escapegame\WorldPosition.generated.h(24): note: see declaration of 'UWorldPosition'
[2020.10.03-04.28.14:977][595]CompilerResultsLog:    D:\Projects\UE4UdemyCXX\Section4\Escapegame\Intermediate\Build\Win64\UE4Editor\Inc\Escapegame\WorldPosition.generated.h(24) : error C2143: syntax error: missing ',' before '&'
[2020.10.03-04.28.14:977][595]CompilerResultsLog:    D:\Projects\UE4UdemyCXX\Section4\Escapegame\Intermediate\Build\Win64\UE4Editor\Inc\Escapegame\WorldPosition.generated.h(24) : error C2801: 'operator =' must be a non-static member
[2020.10.03-04.28.14:977][595]CompilerResultsLog:    D:\Projects\UE4UdemyCXX\Section4\Escapegame\Intermediate\Build\Win64\UE4Editor\Inc\Escapegame\WorldPosition.generated.h(24) : error C2059: syntax error: 'public'
[2020.10.03-04.28.14:977][595]CompilerResultsLog:    D:\Projects\UE4UdemyCXX\Section4\Escapegame\Intermediate\Build\Win64\UE4Editor\Inc\Escapegame\WorldPosition.generated.h(24) : error C2378: 'UWorldPosition': redefinition; symbol cannot be overloaded with a typedef
[2020.10.03-04.28.14:977][595]CompilerResultsLog:   D:\Projects\UE4UdemyCXX\Section4\Escapegame\Intermediate\Build\Win64\UE4Editor\Inc\Escapegame\WorldPosition.generated.h(24): note: see declaration of 'UWorldPosition'
[2020.10.03-04.28.14:977][595]CompilerResultsLog:    D:\Projects\UE4UdemyCXX\Section4\Escapegame\Intermediate\Build\Win64\UE4Editor\Inc\Escapegame\WorldPosition.generated.h(24) : error C2146: syntax error: missing ';' before identifier 'ThisClass'
[2020.10.03-04.28.14:978][595]CompilerResultsLog:    D:\Projects\UE4UdemyCXX\Section4\Escapegame\Intermediate\Build\Win64\UE4Editor\Inc\Escapegame\WorldPosition.generated.h(25) : error C2255: 'friend': not allowed outside of a class definition
[2020.10.03-04.28.14:978][595]CompilerResultsLog:    D:\Projects\UE4UdemyCXX\Section4\Escapegame\Intermediate\Build\Win64\UE4Editor\Inc\Escapegame\WorldPosition.generated.h(25) : error C2061: syntax error: identifier 'UWorldPosition'
[2020.10.03-04.28.14:978][595]CompilerResultsLog:    D:\Projects\UE4UdemyCXX\Section4\Escapegame\Intermediate\Build\Win64\UE4Editor\Inc\Escapegame\WorldPosition.generated.h(25) : error C2805: binary 'operator <<' has too few parameters
[2020.10.03-04.28.14:978][595]CompilerResultsLog:    D:\Projects\UE4UdemyCXX\Section4\Escapegame\Intermediate\Build\Win64\UE4Editor\Inc\Escapegame\WorldPosition.generated.h(25) : error C2065: 'Res': undeclared identifier
[2020.10.03-04.28.14:978][595]CompilerResultsLog:    D:\Projects\UE4UdemyCXX\Section4\Escapegame\Intermediate\Build\Win64\UE4Editor\Inc\Escapegame\WorldPosition.generated.h(28) : error C2059: syntax error: 'string'
[2020.10.03-04.28.14:978][595]CompilerResultsLog:    D:\Projects\UE4UdemyCXX\Section4\Escapegame\Intermediate\Build\Win64\UE4Editor\Inc\Escapegame\WorldPosition.generated.h(31) : error C2255: 'friend': not allowed outside of a class definition
[2020.10.03-04.28.14:978][595]CompilerResultsLog:    D:\Projects\UE4UdemyCXX\Section4\Escapegame\Intermediate\Build\Win64\UE4Editor\Inc\Escapegame\WorldPosition.generated.h(32) : error C2059: syntax error: 'public'
[2020.10.03-04.28.14:978][595]CompilerResultsLog:    D:\Projects\UE4UdemyCXX\Section4\Escapegame\Intermediate\Build\Win64\UE4Editor\Inc\Escapegame\WorldPosition.generated.h(33) : error C2059: syntax error: 'private'
[2020.10.03-04.28.14:978][595]CompilerResultsLog:    D:\Projects\UE4UdemyCXX\Section4\Escapegame\Intermediate\Build\Win64\UE4Editor\Inc\Escapegame\WorldPosition.generated.h(33) : error C2143: syntax error: missing ';' before '&'
[2020.10.03-04.28.14:978][595]CompilerResultsLog:    D:\Projects\UE4UdemyCXX\Section4\Escapegame\Intermediate\Build\Win64\UE4Editor\Inc\Escapegame\WorldPosition.generated.h(33) : error C4430: missing type specifier - int assumed. Note: C++ does not support default-int
[2020.10.03-04.28.14:978][595]CompilerResultsLog:    D:\Projects\UE4UdemyCXX\Section4\Escapegame\Intermediate\Build\Win64\UE4Editor\Inc\Escapegame\WorldPosition.generated.h(33) : error C2086: 'int UWorldPosition': redefinition
[2020.10.03-04.28.14:978][595]CompilerResultsLog:   D:\Projects\UE4UdemyCXX\Section4\Escapegame\Intermediate\Build\Win64\UE4Editor\Inc\Escapegame\WorldPosition.generated.h(24): note: see declaration of 'UWorldPosition'
[2020.10.03-04.28.14:978][595]CompilerResultsLog:    D:\Projects\UE4UdemyCXX\Section4\Escapegame\Intermediate\Build\Win64\UE4Editor\Inc\Escapegame\WorldPosition.generated.h(33) : error C2059: syntax error: ')'
[2020.10.03-04.28.14:978][595]CompilerResultsLog:    D:\Projects\UE4UdemyCXX\Section4\Escapegame\Intermediate\Build\Win64\UE4Editor\Inc\Escapegame\WorldPosition.generated.h(33) : error C2143: syntax error: missing ',' before '&'
[2020.10.03-04.28.14:978][595]CompilerResultsLog:    D:\Projects\UE4UdemyCXX\Section4\Escapegame\Intermediate\Build\Win64\UE4Editor\Inc\Escapegame\WorldPosition.generated.h(33) : error C2059: syntax error: 'public'
[2020.10.03-04.28.14:978][595]CompilerResultsLog:    D:\Projects\UE4UdemyCXX\Section4\Escapegame\Intermediate\Build\Win64\UE4Editor\Inc\Escapegame\WorldPosition.generated.h(33) : error C2365: 'StaticClassFlags': redefinition; previous definition was 'enumerator'
[2020.10.03-04.28.14:978][595]CompilerResultsLog:   D:\Projects\UE4UdemyCXX\Section4\Escapegame\Intermediate\Build\Win64\UE4Editor\Inc\Escapegame\WorldPosition.generated.h(24): note: see declaration of 'StaticClassFlags'
[2020.10.03-04.28.14:978][595]CompilerResultsLog:    D:\Projects\UE4UdemyCXX\Section4\Escapegame\Intermediate\Build\Win64\UE4Editor\Inc\Escapegame\WorldPosition.generated.h(33) : error C2378: 'UWorldPosition': redefinition; symbol cannot be overloaded with a typedef
[2020.10.03-04.28.14:978][595]CompilerResultsLog:   D:\Projects\UE4UdemyCXX\Section4\Escapegame\Intermediate\Build\Win64\UE4Editor\Inc\Escapegame\WorldPosition.generated.h(24): note: see declaration of 'UWorldPosition'
[2020.10.03-04.28.14:978][595]CompilerResultsLog:    D:\Projects\UE4UdemyCXX\Section4\Escapegame\Intermediate\Build\Win64\UE4Editor\Inc\Escapegame\WorldPosition.generated.h(33) : error C2146: syntax error: missing ';' before identifier 'ThisClass'
[2020.10.03-04.28.14:978][595]CompilerResultsLog:    D:\Projects\UE4UdemyCXX\Section4\Escapegame\Intermediate\Build\Win64\UE4Editor\Inc\Escapegame\WorldPosition.generated.h(33) : error C2086: 'int ThisClass': redefinition
[2020.10.03-04.28.14:978][595]CompilerResultsLog:   D:\Projects\UE4UdemyCXX\Section4\Escapegame\Intermediate\Build\Win64\UE4Editor\Inc\Escapegame\WorldPosition.generated.h(24): note: see declaration of 'ThisClass'
[2020.10.03-04.28.14:979][595]CompilerResultsLog:    D:\Projects\UE4UdemyCXX\Section4\Escapegame\Intermediate\Build\Win64\UE4Editor\Inc\Escapegame\WorldPosition.generated.h(33) : error C2084: function 'UClass *StaticClass(void)' already has a body
[2020.10.03-04.28.14:979][595]CompilerResultsLog:   D:\Projects\UE4UdemyCXX\Section4\Escapegame\Intermediate\Build\Win64\UE4Editor\Inc\Escapegame\WorldPosition.generated.h(24): note: see previous definition of 'StaticClass'
[2020.10.03-04.28.14:979][595]CompilerResultsLog:    D:\Projects\UE4UdemyCXX\Section4\Escapegame\Intermediate\Build\Win64\UE4Editor\Inc\Escapegame\WorldPosition.generated.h(33) : error C2084: function 'const TCHAR *StaticPackage(void)' already has a body
[2020.10.03-04.28.14:979][595]CompilerResultsLog:   D:\Projects\UE4UdemyCXX\Section4\Escapegame\Intermediate\Build\Win64\UE4Editor\Inc\Escapegame\WorldPosition.generated.h(24): note: see previous definition of 'StaticPackage'
[2020.10.03-04.28.14:979][595]CompilerResultsLog:    D:\Projects\UE4UdemyCXX\Section4\Escapegame\Intermediate\Build\Win64\UE4Editor\Inc\Escapegame\WorldPosition.generated.h(33) : error C2084: function 'EClassCastFlags StaticClassCastFlags(void)' already has a body
[2020.10.03-04.28.14:979][595]CompilerResultsLog:   D:\Projects\UE4UdemyCXX\Section4\Escapegame\Intermediate\Build\Win64\UE4Editor\Inc\Escapegame\WorldPosition.generated.h(24): note: see previous definition of 'StaticClassCastFlags'
[2020.10.03-04.28.14:979][595]CompilerResultsLog:    D:\Projects\UE4UdemyCXX\Section4\Escapegame\Intermediate\Build\Win64\UE4Editor\Inc\Escapegame\WorldPosition.generated.h(33) : error C2572: 'operator new': redefinition of default argument: parameter 1
[2020.10.03-04.28.14:979][595]CompilerResultsLog:   D:\Projects\UE4UdemyCXX\Section4\Escapegame\Intermediate\Build\Win64\UE4Editor\Inc\Escapegame\WorldPosition.generated.h(24): note: see declaration of 'operator new'
[2020.10.03-04.28.14:979][595]CompilerResultsLog:    D:\Projects\UE4UdemyCXX\Section4\Escapegame\Intermediate\Build\Win64\UE4Editor\Inc\Escapegame\WorldPosition.generated.h(33) : error C2572: 'operator new': redefinition of default argument: parameter 2
[2020.10.03-04.28.14:979][595]CompilerResultsLog:   D:\Projects\UE4UdemyCXX\Section4\Escapegame\Intermediate\Build\Win64\UE4Editor\Inc\Escapegame\WorldPosition.generated.h(24): note: see declaration of 'operator new'
[2020.10.03-04.28.14:979][595]CompilerResultsLog:    D:\Projects\UE4UdemyCXX\Section4\Escapegame\Intermediate\Build\Win64\UE4Editor\Inc\Escapegame\WorldPosition.generated.h(33) : error C2572: 'operator new': redefinition of default argument: parameter 3
[2020.10.03-04.28.14:979][595]CompilerResultsLog:   D:\Projects\UE4UdemyCXX\Section4\Escapegame\Intermediate\Build\Win64\UE4Editor\Inc\Escapegame\WorldPosition.generated.h(24): note: see declaration of 'operator new'
[2020.10.03-04.28.14:979][595]CompilerResultsLog:    D:\Projects\UE4UdemyCXX\Section4\Escapegame\Intermediate\Build\Win64\UE4Editor\Inc\Escapegame\WorldPosition.generated.h(33) : error C2084: function 'void *operator new(const size_t,EInternal,UObject *,FName,EObjectFlags)' already has a body
[2020.10.03-04.28.14:979][595]CompilerResultsLog:   D:\Projects\UE4UdemyCXX\Section4\Escapegame\Intermediate\Build\Win64\UE4Editor\Inc\Escapegame\WorldPosition.generated.h(24): note: see previous definition of 'new'
[2020.10.03-04.28.14:979][595]CompilerResultsLog:    D:\Projects\UE4UdemyCXX\Section4\Escapegame\Intermediate\Build\Win64\UE4Editor\Inc\Escapegame\WorldPosition.generated.h(33) : error C2264: 'StaticClass': error in function definition or declaration; function not called
[2020.10.03-04.28.14:979][595]CompilerResultsLog:    D:\Projects\UE4UdemyCXX\Section4\Escapegame\Intermediate\Build\Win64\UE4Editor\Inc\Escapegame\WorldPosition.generated.h(33) : error C2084: function 'void *operator new(const size_t,EInternal *)' already has a body
[2020.10.03-04.28.14:979][595]CompilerResultsLog:   D:\Projects\UE4UdemyCXX\Section4\Escapegame\Intermediate\Build\Win64\UE4Editor\Inc\Escapegame\WorldPosition.generated.h(24): note: see previous definition of 'new'
[2020.10.03-04.28.14:979][595]CompilerResultsLog:    D:\Projects\UE4UdemyCXX\Section4\Escapegame\Intermediate\Build\Win64\UE4Editor\Inc\Escapegame\WorldPosition.generated.h(34) : error C2255: 'friend': not allowed outside of a class definition
[2020.10.03-04.28.14:979][595]CompilerResultsLog:    D:\Projects\UE4UdemyCXX\Section4\Escapegame\Intermediate\Build\Win64\UE4Editor\Inc\Escapegame\WorldPosition.generated.h(34) : error C2061: syntax error: identifier 'UWorldPosition'
[2020.10.03-04.28.14:979][595]CompilerResultsLog:    D:\Projects\UE4UdemyCXX\Section4\Escapegame\Intermediate\Build\Win64\UE4Editor\Inc\Escapegame\WorldPosition.generated.h(34) : error C2805: binary 'operator <<' has too few parameters
[2020.10.03-04.28.14:979][595]CompilerResultsLog:    D:\Projects\UE4UdemyCXX\Section4\Escapegame\Intermediate\Build\Win64\UE4Editor\Inc\Escapegame\WorldPosition.generated.h(34) : error C2065: 'Res': undeclared identifier
[2020.10.03-04.28.14:979][595]CompilerResultsLog:    D:\Projects\UE4UdemyCXX\Section4\Escapegame\Intermediate\Build\Win64\UE4Editor\Inc\Escapegame\WorldPosition.generated.h(37) : error C2059: syntax error: 'string'
[2020.10.03-04.28.14:979][595]CompilerResultsLog:    D:\Projects\UE4UdemyCXX\Section4\Escapegame\Intermediate\Build\Win64\UE4Editor\Inc\Escapegame\WorldPosition.generated.h(40) : error C2061: syntax error: identifier 'UWorldPosition'
[2020.10.03-04.28.14:979][595]CompilerResultsLog:    D:\Projects\UE4UdemyCXX\Section4\Escapegame\Intermediate\Build\Win64\UE4Editor\Inc\Escapegame\WorldPosition.generated.h(41) : error C4430: missing type specifier - int assumed. Note: C++ does not support default-int
[2020.10.03-04.28.14:979][595]CompilerResultsLog:    D:\Projects\UE4UdemyCXX\Section4\Escapegame\Intermediate\Build\Win64\UE4Editor\Inc\Escapegame\WorldPosition.generated.h(41) : error C2365: 'UWorldPosition': redefinition; previous definition was 'data variable'
[2020.10.03-04.28.14:979][595]CompilerResultsLog:   D:\Projects\UE4UdemyCXX\Section4\Escapegame\Intermediate\Build\Win64\UE4Editor\Inc\Escapegame\WorldPosition.generated.h(24): note: see declaration of 'UWorldPosition'
[2020.10.03-04.28.14:979][595]CompilerResultsLog:    D:\Projects\UE4UdemyCXX\Section4\Escapegame\Intermediate\Build\Win64\UE4Editor\Inc\Escapegame\WorldPosition.generated.h(42) : error C2061: syntax error: identifier 'UWorldPosition'
[2020.10.03-04.28.14:980][595]CompilerResultsLog:    D:\Projects\UE4UdemyCXX\Section4\Escapegame\Intermediate\Build\Win64\UE4Editor\Inc\Escapegame\WorldPosition.generated.h(43) : error C2059: syntax error: 'private'
[2020.10.03-04.28.14:980][595]CompilerResultsLog:    D:\Projects\UE4UdemyCXX\Section4\Escapegame\Intermediate\Build\Win64\UE4Editor\Inc\Escapegame\WorldPosition.generated.h(45) : error C2059: syntax error: ')'
[2020.10.03-04.28.14:980][595]CompilerResultsLog:    D:\Projects\UE4UdemyCXX\Section4\Escapegame\Intermediate\Build\Win64\UE4Editor\Inc\Escapegame\WorldPosition.generated.h(46) : error C4430: missing type specifier - int assumed. Note: C++ does not support default-int
[2020.10.03-04.28.14:980][595]CompilerResultsLog:    D:\Projects\UE4UdemyCXX\Section4\Escapegame\Intermediate\Build\Win64\UE4Editor\Inc\Escapegame\WorldPosition.generated.h(46) : error C2143: syntax error: missing ',' before '&'
[2020.10.03-04.28.14:980][595]CompilerResultsLog:    D:\Projects\UE4UdemyCXX\Section4\Escapegame\Intermediate\Build\Win64\UE4Editor\Inc\Escapegame\WorldPosition.generated.h(46) : error C4430: missing type specifier - int assumed. Note: C++ does not support default-int
[2020.10.03-04.28.14:980][595]CompilerResultsLog:    D:\Projects\UE4UdemyCXX\Section4\Escapegame\Intermediate\Build\Win64\UE4Editor\Inc\Escapegame\WorldPosition.generated.h(46) : error C2365: 'UWorldPosition': redefinition; previous definition was 'data variable'
[2020.10.03-04.28.14:980][595]CompilerResultsLog:   D:\Projects\UE4UdemyCXX\Section4\Escapegame\Intermediate\Build\Win64\UE4Editor\Inc\Escapegame\WorldPosition.generated.h(24): note: see declaration of 'UWorldPosition'
[2020.10.03-04.28.14:980][595]CompilerResultsLog:    D:\Projects\UE4UdemyCXX\Section4\Escapegame\Intermediate\Build\Win64\UE4Editor\Inc\Escapegame\WorldPosition.generated.h(47) : error C2059: syntax error: 'public'
[2020.10.03-04.28.14:980][595]CompilerResultsLog:    D:\Projects\UE4UdemyCXX\Section4\Escapegame\Intermediate\Build\Win64\UE4Editor\Inc\Escapegame\WorldPosition.generated.h(50) : error C2059: syntax error: 'string'
[2020.10.03-04.28.14:980][595]CompilerResultsLog:    D:\Projects\UE4UdemyCXX\Section4\Escapegame\Intermediate\Build\Win64\UE4Editor\Inc\Escapegame\WorldPosition.generated.h(53) : error C2059: syntax error: ')'
[2020.10.03-04.28.14:980][595]CompilerResultsLog:    D:\Projects\UE4UdemyCXX\Section4\Escapegame\Intermediate\Build\Win64\UE4Editor\Inc\Escapegame\WorldPosition.generated.h(54) : error C4430: missing type specifier - int assumed. Note: C++ does not support default-int
[2020.10.03-04.28.14:980][595]CompilerResultsLog:    D:\Projects\UE4UdemyCXX\Section4\Escapegame\Intermediate\Build\Win64\UE4Editor\Inc\Escapegame\WorldPosition.generated.h(54) : error C2143: syntax error: missing ',' before '&'
[2020.10.03-04.28.14:980][595]CompilerResultsLog:    D:\Projects\UE4UdemyCXX\Section4\Escapegame\Intermediate\Build\Win64\UE4Editor\Inc\Escapegame\WorldPosition.generated.h(54) : error C4430: missing type specifier - int assumed. Note: C++ does not support default-int
[2020.10.03-04.28.14:980][595]CompilerResultsLog:    D:\Projects\UE4UdemyCXX\Section4\Escapegame\Intermediate\Build\Win64\UE4Editor\Inc\Escapegame\WorldPosition.generated.h(54) : error C2365: 'UWorldPosition': redefinition; previous definition was 'data variable'
[2020.10.03-04.28.14:980][595]CompilerResultsLog:   D:\Projects\UE4UdemyCXX\Section4\Escapegame\Intermediate\Build\Win64\UE4Editor\Inc\Escapegame\WorldPosition.generated.h(24): note: see declaration of 'UWorldPosition'
[2020.10.03-04.28.14:980][595]CompilerResultsLog:    D:\Projects\UE4UdemyCXX\Section4\Escapegame\Intermediate\Build\Win64\UE4Editor\Inc\Escapegame\WorldPosition.generated.h(55) : error C2059: syntax error: 'public'
[2020.10.03-04.28.14:980][595]CompilerResultsLog:    D:\Projects\UE4UdemyCXX\Section4\Escapegame\Intermediate\Build\Win64\UE4Editor\Inc\Escapegame\WorldPosition.generated.h(56) : error C4430: missing type specifier - int assumed. Note: C++ does not support default-int
[2020.10.03-04.28.14:980][595]CompilerResultsLog:    D:\Projects\UE4UdemyCXX\Section4\Escapegame\Intermediate\Build\Win64\UE4Editor\Inc\Escapegame\WorldPosition.generated.h(56) : error C2365: 'UWorldPosition': redefinition; previous definition was 'data variable'
[2020.10.03-04.28.14:980][595]CompilerResultsLog:   D:\Projects\UE4UdemyCXX\Section4\Escapegame\Intermediate\Build\Win64\UE4Editor\Inc\Escapegame\WorldPosition.generated.h(24): note: see declaration of 'UWorldPosition'
[2020.10.03-04.28.14:980][595]CompilerResultsLog:    D:\Projects\UE4UdemyCXX\Section4\Escapegame\Intermediate\Build\Win64\UE4Editor\Inc\Escapegame\WorldPosition.generated.h(57) : error C2084: function 'UObject *__VTableCtorCaller(FVTableHelper &)' already has a body
[2020.10.03-04.28.14:980][595]CompilerResultsLog:   D:\Projects\UE4UdemyCXX\Section4\Escapegame\Intermediate\Build\Win64\UE4Editor\Inc\Escapegame\WorldPosition.generated.h(42): note: see previous definition of '__VTableCtorCaller'
[2020.10.03-04.28.14:980][595]CompilerResultsLog:    D:\Projects\UE4UdemyCXX\Section4\Escapegame\Intermediate\Build\Win64\UE4Editor\Inc\Escapegame\WorldPosition.generated.h(57) : error C2061: syntax error: identifier 'UWorldPosition'
[2020.10.03-04.28.14:980][595]CompilerResultsLog:    D:\Projects\UE4UdemyCXX\Section4\Escapegame\Intermediate\Build\Win64\UE4Editor\Inc\Escapegame\WorldPosition.generated.h(58) : error C2084: function 'void __DefaultConstructor(const FObjectInitializer &)' already has a body
[2020.10.03-04.28.14:980][595]CompilerResultsLog:   D:\Projects\UE4UdemyCXX\Section4\Escapegame\Intermediate\Build\Win64\UE4Editor\Inc\Escapegame\WorldPosition.generated.h(40): note: see previous definition of '__DefaultConstructor'
[2020.10.03-04.28.14:980][595]CompilerResultsLog:    D:\Projects\UE4UdemyCXX\Section4\Escapegame\Intermediate\Build\Win64\UE4Editor\Inc\Escapegame\WorldPosition.generated.h(58) : error C2061: syntax error: identifier 'UWorldPosition'
[2020.10.03-04.28.14:981][595]CompilerResultsLog:    D:\Projects\UE4UdemyCXX\Section4\Escapegame\Intermediate\Build\Win64\UE4Editor\Inc\Escapegame\WorldPosition.generated.h(71) : error C4430: missing type specifier - int assumed. Note: C++ does not support default-int
[2020.10.03-04.28.14:981][595]CompilerResultsLog:    D:\Projects\UE4UdemyCXX\Section4\Escapegame\Intermediate\Build\Win64\UE4Editor\Inc\Escapegame\WorldPosition.generated.h(70) : error C2146: syntax error: missing ';' before identifier 'Escapegame_Source_Escapegame_WorldPosition_h_13_STANDARD_CONSTRUCTORS'
[2020.10.03-04.28.14:981][595]CompilerResultsLog:    D:\Projects\UE4UdemyCXX\Section4\Escapegame\Intermediate\Build\Win64\UE4Editor\Inc\Escapegame\WorldPosition.generated.h(75) : error C2059: syntax error: 'string'
[2020.10.03-04.28.14:981][595]CompilerResultsLog:    D:\Projects\UE4UdemyCXX\Section4\Escapegame\Intermediate\Build\Win64\UE4Editor\Inc\Escapegame\WorldPosition.generated.h(83) : error C4430: missing type specifier - int assumed. Note: C++ does not support default-int
[2020.10.03-04.28.14:981][595]CompilerResultsLog:    D:\Projects\UE4UdemyCXX\Section4\Escapegame\Intermediate\Build\Win64\UE4Editor\Inc\Escapegame\WorldPosition.generated.h(82) : error C2146: syntax error: missing ';' before identifier 'Escapegame_Source_Escapegame_WorldPosition_h_13_ENHANCED_CONSTRUCTORS'
[2020.10.03-04.28.14:981][595]CompilerResultsLog:    D:\Projects\UE4UdemyCXX\Section4\Escapegame\Intermediate\Build\Win64\UE4Editor\Inc\Escapegame\WorldPosition.generated.h(90) : error C2059: syntax error: 'string'
[2020.10.03-04.28.14:981][595]CompilerResultsLog:    D:\Projects\UE4UdemyCXX\Section4\Escapegame\Source\Escapegame/WorldPosition.h(11) : error C2059: syntax error: 'public'
[2020.10.03-04.28.14:981][595]CompilerResultsLog:    D:\Projects\UE4UdemyCXX\Section4\Escapegame\Source\Escapegame/WorldPosition.h(12) : error C2143: syntax error: missing ';' before '{'
[2020.10.03-04.28.14:981][595]CompilerResultsLog:    D:\Projects\UE4UdemyCXX\Section4\Escapegame\Source\Escapegame/WorldPosition.h(12) : error C2447: '{': missing function header (old-style formal list?)
[2020.10.03-04.28.14:981][595]CompilerResultsLog:    D:\Projects\UE4UdemyCXX\Section4\Escapegame\Intermediate\Build\Win64\UE4Editor\Inc\Escapegame\WorldPosition.gen.cpp(21) : error C2039: 'StaticRegisterNativesUWorldPosition': is not a member of 'UWorldPosition'
[2020.10.03-04.28.14:981][595]CompilerResultsLog:   D:\Projects\UE4UdemyCXX\Section4\Escapegame\Source\Escapegame/WorldPosition.h(11): note: see declaration of 'UWorldPosition'
[2020.10.03-04.28.14:981][595]CompilerResultsLog:    D:\Projects\UE4UdemyCXX\Section4\Escapegame\Intermediate\Build\Win64\UE4Editor\Inc\Escapegame\WorldPosition.gen.cpp(26) : error C2039: 'StaticClass': is not a member of 'UWorldPosition'
[2020.10.03-04.28.14:981][595]CompilerResultsLog:   D:\Projects\UE4UdemyCXX\Section4\Escapegame\Source\Escapegame/WorldPosition.h(11): note: see declaration of 'UWorldPosition'
[2020.10.03-04.28.14:981][595]CompilerResultsLog:    D:\Projects\UE4UdemyCXX\Section4\Escapegame\Intermediate\Build\Win64\UE4Editor\Inc\Escapegame\WorldPosition.gen.cpp(26) : error C2264: 'StaticClass': error in function definition or declaration; function not called
[2020.10.03-04.28.14:981][595]CompilerResultsLog:    C:\Program Files\Epic Games\UE_4.25\Engine\Source\Runtime\Core\Public\Templates/IsAbstract.h(11) : error C2139: 'UWorldPosition': an undefined class is not allowed as an argument to compiler intrinsic type trait '__is_abstract'
[2020.10.03-04.28.14:981][595]CompilerResultsLog:   D:\Projects\UE4UdemyCXX\Section4\Escapegame\Source\Escapegame/WorldPosition.h(11): note: see declaration of 'UWorldPosition'
[2020.10.03-04.28.14:981][595]CompilerResultsLog:   C:\Program Files\Epic Games\UE_4.25\Engine\Source\Runtime\CoreUObject\Public\UObject/Class.h(2416): note: see reference to class template instantiation 'TIsAbstract<CPPCLASS>' being compiled
[2020.10.03-04.28.14:981][595]CompilerResultsLog:           with
[2020.10.03-04.28.14:981][595]CompilerResultsLog:           [
[2020.10.03-04.28.14:981][595]CompilerResultsLog:               CPPCLASS=UWorldPosition
[2020.10.03-04.28.14:981][595]CompilerResultsLog:           ]
[2020.10.03-04.28.14:981][595]CompilerResultsLog:   D:\Projects\UE4UdemyCXX\Section4\Escapegame\Intermediate\Build\Win64\UE4Editor\Inc\Escapegame\WorldPosition.gen.cpp(50): note: see reference to class template instantiation 'TCppClassTypeTraits<UWorldPosition>' being compiled
[2020.10.03-04.28.14:981][595]CompilerResultsLog:    D:\Projects\UE4UdemyCXX\Section4\Escapegame\Intermediate\Build\Win64\UE4Editor\Inc\Escapegame\WorldPosition.gen.cpp(53) : error C2039: 'StaticClass': is not a member of 'UWorldPosition'
[2020.10.03-04.28.14:981][595]CompilerResultsLog:   D:\Projects\UE4UdemyCXX\Section4\Escapegame\Source\Escapegame/WorldPosition.h(11): note: see declaration of 'UWorldPosition'
[2020.10.03-04.28.14:981][595]CompilerResultsLog:    D:\Projects\UE4UdemyCXX\Section4\Escapegame\Intermediate\Build\Win64\UE4Editor\Inc\Escapegame\WorldPosition.gen.cpp(76) : error C2027: use of undefined type 'UWorldPosition'
[2020.10.03-04.28.14:981][595]CompilerResultsLog:   D:\Projects\UE4UdemyCXX\Section4\Escapegame\Source\Escapegame/WorldPosition.h(11): note: see declaration of 'UWorldPosition'
[2020.10.03-04.28.14:981][595]CompilerResultsLog:    D:\Projects\UE4UdemyCXX\Section4\Escapegame\Intermediate\Build\Win64\UE4Editor\Inc\Escapegame\WorldPosition.gen.cpp(76) : error C2039: 'GetPrivateStaticClass': is not a member of 'UWorldPosition'
[2020.10.03-04.28.14:981][595]CompilerResultsLog:   D:\Projects\UE4UdemyCXX\Section4\Escapegame\Source\Escapegame/WorldPosition.h(11): note: see declaration of 'UWorldPosition'
[2020.10.03-04.28.14:981][595]CompilerResultsLog:    D:\Projects\UE4UdemyCXX\Section4\Escapegame\Intermediate\Build\Win64\UE4Editor\Inc\Escapegame\WorldPosition.gen.cpp(76) : error C2065: 'StaticPackage': undeclared identifier
[2020.10.03-04.28.14:981][595]CompilerResultsLog:    D:\Projects\UE4UdemyCXX\Section4\Escapegame\Intermediate\Build\Win64\UE4Editor\Inc\Escapegame\WorldPosition.gen.cpp(76) : error C2039: 'StaticClassFlags': is not a member of 'UWorldPosition'
[2020.10.03-04.28.14:981][595]CompilerResultsLog:   D:\Projects\UE4UdemyCXX\Section4\Escapegame\Source\Escapegame/WorldPosition.h(11): note: see declaration of 'UWorldPosition'
[2020.10.03-04.28.14:981][595]CompilerResultsLog:    D:\Projects\UE4UdemyCXX\Section4\Escapegame\Intermediate\Build\Win64\UE4Editor\Inc\Escapegame\WorldPosition.gen.cpp(76) : error C2039: 'StaticClassCastFlags': is not a member of 'UWorldPosition'
[2020.10.03-04.28.14:981][595]CompilerResultsLog:   D:\Projects\UE4UdemyCXX\Section4\Escapegame\Source\Escapegame/WorldPosition.h(11): note: see declaration of 'UWorldPosition'
[2020.10.03-04.28.14:981][595]CompilerResultsLog:    D:\Projects\UE4UdemyCXX\Section4\Escapegame\Intermediate\Build\Win64\UE4Editor\Inc\Escapegame\WorldPosition.gen.cpp(76) : error C2065: 'StaticClassCastFlags': undeclared identifier
[2020.10.03-04.28.14:981][595]CompilerResultsLog:    D:\Projects\UE4UdemyCXX\Section4\Escapegame\Intermediate\Build\Win64\UE4Editor\Inc\Escapegame\WorldPosition.gen.cpp(76) : error C2039: 'StaticConfigName': is not a member of 'UWorldPosition'
[2020.10.03-04.28.14:982][595]CompilerResultsLog:   D:\Projects\UE4UdemyCXX\Section4\Escapegame\Source\Escapegame/WorldPosition.h(11): note: see declaration of 'UWorldPosition'
[2020.10.03-04.28.14:982][595]CompilerResultsLog:    D:\Projects\UE4UdemyCXX\Section4\Escapegame\Intermediate\Build\Win64\UE4Editor\Inc\Escapegame\WorldPosition.gen.cpp(76) : error C3861: 'StaticConfigName': identifier not found
[2020.10.03-04.28.14:982][595]CompilerResultsLog:    D:\Projects\UE4UdemyCXX\Section4\Escapegame\Intermediate\Build\Win64\UE4Editor\Inc\Escapegame\WorldPosition.gen.cpp(76) : error C2039: 'AddReferencedObjects': is not a member of 'UWorldPosition'
[2020.10.03-04.28.14:982][595]CompilerResultsLog:   D:\Projects\UE4UdemyCXX\Section4\Escapegame\Source\Escapegame/WorldPosition.h(11): note: see declaration of 'UWorldPosition'
[2020.10.03-04.28.14:982][595]CompilerResultsLog:    D:\Projects\UE4UdemyCXX\Section4\Escapegame\Intermediate\Build\Win64\UE4Editor\Inc\Escapegame\WorldPosition.gen.cpp(76) : error C2065: 'AddReferencedObjects': undeclared identifier
[2020.10.03-04.28.14:982][595]CompilerResultsLog:    D:\Projects\UE4UdemyCXX\Section4\Escapegame\Intermediate\Build\Win64\UE4Editor\Inc\Escapegame\WorldPosition.gen.cpp(76) : error C3083: 'Super': the symbol to the left of a '::' must be a type
[2020.10.03-04.28.14:982][595]CompilerResultsLog:    D:\Projects\UE4UdemyCXX\Section4\Escapegame\Intermediate\Build\Win64\UE4Editor\Inc\Escapegame\WorldPosition.gen.cpp(76) : error C2039: 'StaticClass': is not a member of 'UWorldPosition'
[2020.10.03-04.28.14:982][595]CompilerResultsLog:   D:\Projects\UE4UdemyCXX\Section4\Escapegame\Source\Escapegame/WorldPosition.h(11): note: see declaration of 'UWorldPosition'
[2020.10.03-04.28.14:982][595]CompilerResultsLog:    D:\Projects\UE4UdemyCXX\Section4\Escapegame\Intermediate\Build\Win64\UE4Editor\Inc\Escapegame\WorldPosition.gen.cpp(76) : error C3083: 'WithinClass': the symbol to the left of a '::' must be a type
[2020.10.03-04.28.14:982][595]CompilerResultsLog:    D:\Projects\UE4UdemyCXX\Section4\Escapegame\Intermediate\Build\Win64\UE4Editor\Inc\Escapegame\WorldPosition.gen.cpp(79) : error C2039: 'StaticClass': is not a member of 'UWorldPosition'
[2020.10.03-04.28.14:982][595]CompilerResultsLog:   D:\Projects\UE4UdemyCXX\Section4\Escapegame\Source\Escapegame/WorldPosition.h(11): note: see declaration of 'UWorldPosition'
[2020.10.03-04.28.14:982][595]CompilerResultsLog:    D:\Projects\UE4UdemyCXX\Section4\Escapegame\Intermediate\Build\Win64\UE4Editor\Inc\Escapegame\WorldPosition.gen.cpp(79) : error C2264: 'StaticClass': error in function definition or declaration; function not called
[2020.10.03-04.28.14:982][595]CompilerResultsLog:    D:\Projects\UE4UdemyCXX\Section4\Escapegame\Intermediate\Build\Win64\UE4Editor\Inc\Escapegame\WorldPosition.gen.cpp(81) : error C2039: 'StaticClass': is not a member of 'UWorldPosition'
[2020.10.03-04.28.14:982][595]CompilerResultsLog:   D:\Projects\UE4UdemyCXX\Section4\Escapegame\Source\Escapegame/WorldPosition.h(11): note: see declaration of 'UWorldPosition'
[2020.10.03-04.28.14:982][595]CompilerResultsLog:    D:\Projects\UE4UdemyCXX\Section4\Escapegame\Intermediate\Build\Win64\UE4Editor\Inc\Escapegame\WorldPosition.gen.cpp(82) : error C2039: '{ctor}': is not a member of 'UWorldPosition'
[2020.10.03-04.28.14:982][595]CompilerResultsLog:   D:\Projects\UE4UdemyCXX\Section4\Escapegame\Source\Escapegame/WorldPosition.h(11): note: see declaration of 'UWorldPosition'
[2020.10.03-04.28.14:982][595]CompilerResultsLog:    D:\Projects\UE4UdemyCXX\Section4\Escapegame\Intermediate\Build\Win64\UE4Editor\Inc\Escapegame\WorldPosition.gen.cpp(82) : error C4430: missing type specifier - int assumed. Note: C++ does not support default-int
[2020.10.03-04.28.14:982][595]CompilerResultsLog:    D:\Projects\UE4UdemyCXX\Section4\Escapegame\Intermediate\Build\Win64\UE4Editor\Inc\Escapegame\WorldPosition.gen.cpp(82) : error C2550: '{ctor}': constructor initializer lists are only allowed on constructor definitions
[2020.10.03-04.28.14:982][595]CompilerResultsLog:    D:\Projects\UE4UdemyCXX\Section4\Escapegame\Intermediate\Build\Win64\UE4Editor\Inc\Escapegame\WorldPosition.gen.cpp(82) : error C4508: '{ctor}': function should return a value; 'void' return type assumed
[2020.10.03-04.28.14:982][595]CompilerResultsLog:   [7/10] Escapegame.cpp
[2020.10.03-04.28.14:982][595]LogMainFrame: MainFrame: Module compiling took 733.972 seconds
[2020.10.03-04.28.14:983][595]Warning: HotReload failed, recompile failed
[2020.10.03-04.28.18:318][604]LogSlate: Took 0.017534 seconds to synchronously load lazily loaded font '../../../Engine/Content/Slate/Fonts/DroidSansMono.ttf' (77K)
[2020.10.03-04.28.26:835][ 94]LogEditorViewport: Clicking on Actor (LMB): StaticMeshActor (Floor)
[2020.10.03-04.29.22:621][506]LogSlate: Took 0.013100 seconds to synchronously load lazily loaded font '../../../Engine/Content/Slate/Fonts/Roboto-Italic.ttf' (157K)
[2020.10.03-04.29.29:060][828]LogSlate: Took 0.000269 seconds to synchronously load lazily loaded font '../../../Engine/Content/Slate/Fonts/Roboto-Light.ttf' (167K)
[2020.10.03-04.29.29:085][828]Running C:/Program Files/Epic Games/UE_4.25/Engine/Binaries/DotNET/UnrealBuildTool.exe  -projectfiles -project="D:/Projects/UE4UdemyCXX/Section4/Escapegame/Escapegame.uproject" -game -rocket -progress
[2020.10.03-04.29.30:199][828]Discovering modules, targets and source code for project...
[2020.10.03-04.29.33:325][828]Binding IntelliSense data...
[2020.10.03-04.29.33:829][828]Houdini Engine : Looking for Houdini Engine 18.0.566 in C:/Program Files/Side Effects Software/Houdini Engine 18.0.566
[2020.10.03-04.29.33:829][828]Houdini Engine : Looking for Houdini 18.0.566 in C:/Program Files/Side Effects Software/Houdini 18.0.566
[2020.10.03-04.29.33:829][828]Houdini Engine: Found Houdini in C:/Program Files/Side Effects Software/Houdini 18.0.566
[2020.10.03-04.29.35:644][828]Houdini Engine : Looking for Houdini Engine 18.0.566 in C:/Program Files/Side Effects Software/Houdini Engine 18.0.566
[2020.10.03-04.29.35:644][828]Houdini Engine : Looking for Houdini 18.0.566 in C:/Program Files/Side Effects Software/Houdini 18.0.566
[2020.10.03-04.29.35:644][828]Houdini Engine: Found Houdini in C:/Program Files/Side Effects Software/Houdini 18.0.566
[2020.10.03-04.29.36:452][828]C:\Program Files\Epic Games\UE_4.25\Engine\Plugins\Experimental\RemoteSession\Source\RemoteSession\RemoteSession.Build.cs: warning: Modules must specify an explicit precompiled header (eg. PrivatePCHHeaderFile = "Private/RemoteSessionClient.h") from UE 4.21 onwards.
[2020.10.03-04.29.38:183][828]Houdini Engine : Looking for Houdini Engine 18.0.566 in C:/Program Files/Side Effects Software/Houdini Engine 18.0.566
[2020.10.03-04.29.38:183][828]Houdini Engine : Looking for Houdini 18.0.566 in C:/Program Files/Side Effects Software/Houdini 18.0.566
[2020.10.03-04.29.38:183][828]Houdini Engine: Found Houdini in C:/Program Files/Side Effects Software/Houdini 18.0.566
[2020.10.03-04.29.38:587][828]Binding IntelliSense data... 100%
[2020.10.03-04.29.38:689][828]Writing project files...
[2020.10.03-04.29.38:892][828]Writing project files... 100%
[2020.10.03-04.30.25:175][347]LogEditorViewport: Clicking on Actor (LMB): BP_Sky_Sphere_C (Sky Sphere)
[2020.10.03-04.30.30:634][516]LogSlate: Window 'Save Level As' being destroyed
[2020.10.03-04.30.35:296][757]LogAssetEditorSubsystem: Opening Asset editor for World /Game/Maps/Main.Main
[2020.10.03-04.30.35:309][757]LogUObjectHash: Compacting FUObjectHashTables data took   1.22ms
[2020.10.03-04.30.35:311][757]Cmd: MAP LOAD FILE="D:/Projects/UE4UdemyCXX/Section4/Escapegame/Content/Maps/Main.umap" TEMPLATE=0 SHOWPROGRESS=1 FEATURELEVEL=3
[2020.10.03-04.30.35:311][757]LightingResults: New page: Lighting Build
[2020.10.03-04.30.35:312][757]LoadErrors: New page: Loading map: Main.umap
[2020.10.03-04.30.35:316][757]LogWorld: UWorld::CleanupWorld for Untitled_1, bSessionEnded=true, bCleanupResources=true
[2020.10.03-04.30.35:317][757]LogSlate: InvalidateAllWidgets triggered.  All widgets were invalidated
[2020.10.03-04.30.35:322][757]MapCheck: New page: Map Check
[2020.10.03-04.30.35:322][757]LightingResults: New page: Lighting Build
[2020.10.03-04.30.35:342][757]LogAISub: UAISubsystem::~UAISubsystem EnvQueryManager (000002A640F9BA00), frame # 6757
[2020.10.03-04.30.35:342][757]LogAISub: UAISubsystem::~UAISubsystem AIPerceptionSystem (000002A64100DA80), frame # 6757
[2020.10.03-04.30.35:343][757]LogUObjectHash: Compacting FUObjectHashTables data took   0.83ms
[2020.10.03-04.30.35:452][757]LogEditorServer: Finished looking for orphan Actors (0.000 secs)
[2020.10.03-04.30.35:453][757]LogAIModule: Creating AISystem for world Main
[2020.10.03-04.30.35:453][757]LogAISub: UAISubsystem::UAISubsystem EnvQueryManager (000002A65D371800), frame # 6757
[2020.10.03-04.30.35:454][757]LogAISub: UAISubsystem::UAISubsystem AIPerceptionSystem (000002A63ED7A340), frame # 6757
[2020.10.03-04.30.35:472][757]LogUObjectHash: Compacting FUObjectHashTables data took   1.77ms
[2020.10.03-04.30.35:512][757]Cmd: MAP CHECKDEP NOCLEARLOG
[2020.10.03-04.30.35:513][757]MapCheck: Map check complete: 0 Error(s), 0 Warning(s), took 0.113ms to complete.
[2020.10.03-04.30.35:513][757]LogFileHelpers: Loading map 'Main' took 0.202
[2020.10.03-04.33.08:532][401]Candidate modules for hot reload:
[2020.10.03-04.33.08:533][401]  Escapegame
[2020.10.03-04.33.08:533][401]Launching UnrealBuildTool... [C:/Program Files/Epic Games/UE_4.25/Engine/Binaries/DotNET/UnrealBuildTool.exe  -ModuleWithSuffix=Escapegame,8972 EscapegameEditor Win64 Development -Project="D:/Projects/UE4UdemyCXX/Section4/Escapegame/Escapegame.uproject" "D:/Projects/UE4UdemyCXX/Section4/Escapegame/Escapegame.uproject"  -IgnoreJunk]
[2020.10.03-04.33.08:538][401]Warning: Starting HotReload took  0.0s.
[2020.10.03-04.33.32:786][529]CompilerResultsLog: New page: Compilation - Oct 3, 2020, 2:33:32 PM
[2020.10.03-04.33.32:786][529]CompilerResultsLog: Creating makefile for EscapegameEditor (no existing makefile)
[2020.10.03-04.33.32:786][529]CompilerResultsLog: Houdini Engine : Looking for Houdini Engine 18.0.566 in C:/Program Files/Side Effects Software/Houdini Engine 18.0.566
[2020.10.03-04.33.32:786][529]CompilerResultsLog: Houdini Engine : Looking for Houdini 18.0.566 in C:/Program Files/Side Effects Software/Houdini 18.0.566
[2020.10.03-04.33.32:786][529]CompilerResultsLog: Houdini Engine: Found Houdini in C:/Program Files/Side Effects Software/Houdini 18.0.566
[2020.10.03-04.33.32:787][529]CompilerResultsLog: Parsing headers for EscapegameEditor
[2020.10.03-04.33.32:787][529]CompilerResultsLog:   Running UnrealHeaderTool "D:\Projects\UE4UdemyCXX\Section4\Escapegame\Escapegame.uproject" "D:\Projects\UE4UdemyCXX\Section4\Escapegame\Intermediate\Build\Win64\EscapegameEditor\Development\EscapegameEditor.uhtmanifest" -LogCmds="loginit warning, logexit warning, logdatabase error" -Unattended -WarningsAsErrors -abslog="C:\Users\DAN\AppData\Local\UnrealBuildTool\Log_UHT.txt" -installed
[2020.10.03-04.33.32:787][529]CompilerResultsLog: Reflection code generated for EscapegameEditor in 11.6291052 seconds
[2020.10.03-04.33.32:787][529]CompilerResultsLog: Building EscapegameEditor...
[2020.10.03-04.33.32:787][529]CompilerResultsLog: Using Visual Studio 2019 14.27.29111 toolchain (D:\Program Files\VisualStudio\2019\VC\Tools\MSVC\14.27.29110) and Windows 10.0.18362.0 SDK (C:\Program Files (x86)\Windows Kits\10).
[2020.10.03-04.33.32:787][529]CompilerResultsLog: Building 7 actions with 4 processes...
[2020.10.03-04.33.32:787][529]CompilerResultsLog:   [1/7] EscapegameGameModeBase.cpp
[2020.10.03-04.33.32:787][529]CompilerResultsLog:   [2/7] WorldPosition.cpp
[2020.10.03-04.33.32:787][529]CompilerResultsLog:   [3/7] WorldPosition.gen.cpp
[2020.10.03-04.33.32:787][529]CompilerResultsLog:   [4/7] EscapegameGameModeBase.gen.cpp
[2020.10.03-04.33.32:787][529]CompilerResultsLog:   [5/7] UE4Editor-Escapegame-8972.lib
[2020.10.03-04.33.32:787][529]CompilerResultsLog:      Creating library D:\Projects\UE4UdemyCXX\Section4\Escapegame\Intermediate\Build\Win64\UE4Editor\Development\Escapegame\UE4Editor-Escapegame-8972.lib and object D:\Projects\UE4UdemyCXX\Section4\Escapegame\Intermediate\Build\Win64\UE4Editor\Development\Escapegame\UE4Editor-Escapegame-8972.exp
[2020.10.03-04.33.32:787][529]CompilerResultsLog:   [6/7] UE4Editor-Escapegame-8972.dll
[2020.10.03-04.33.32:787][529]CompilerResultsLog:      Creating library D:\Projects\UE4UdemyCXX\Section4\Escapegame\Intermediate\Build\Win64\UE4Editor\Development\Escapegame\UE4Editor-Escapegame-8972.suppressed.lib and object D:\Projects\UE4UdemyCXX\Section4\Escapegame\Intermediate\Build\Win64\UE4Editor\Development\Escapegame\UE4Editor-Escapegame-8972.suppressed.exp
[2020.10.03-04.33.32:787][529]CompilerResultsLog:   [7/7] EscapegameEditor.target
[2020.10.03-04.33.32:787][529]CompilerResultsLog: Total time in Parallel executor: 5.10 seconds
[2020.10.03-04.33.32:787][529]CompilerResultsLog: Total execution time: 23.76 seconds
[2020.10.03-04.33.32:787][529]LogMainFrame: MainFrame: Module compiling took 24.282 seconds
[2020.10.03-04.33.32:826][529]LogContentBrowser: Native class hierarchy updated for 'Escapegame' in 0.0006 seconds. Added 2 classes and 2 folders.
[2020.10.03-04.33.32:830][529]Display: HotReload successful (0 functions remapped  0 scriptstructs remapped)
[2020.10.03-04.33.32:931][529]LogContentBrowser: Native class hierarchy populated in 0.0140 seconds. Added 3468 classes and 833 folders.
[2020.10.03-04.33.32:939][529]Display: HotReload took 24.4s.
[2020.10.03-04.41.07:398][944]Candidate modules for hot reload:
[2020.10.03-04.41.07:398][944]  Escapegame
[2020.10.03-04.41.07:399][944]Launching UnrealBuildTool... [C:/Program Files/Epic Games/UE_4.25/Engine/Binaries/DotNET/UnrealBuildTool.exe  -ModuleWithSuffix=Escapegame,9426 EscapegameEditor Win64 Development -Project="D:/Projects/UE4UdemyCXX/Section4/Escapegame/Escapegame.uproject" "D:/Projects/UE4UdemyCXX/Section4/Escapegame/Escapegame.uproject"  -IgnoreJunk]
[2020.10.03-04.41.07:405][944]Warning: Starting HotReload took  0.0s.
[2020.10.03-04.41.29:788][ 72]CompilerResultsLog: New page: Compilation - Oct 3, 2020, 2:41:29 PM
[2020.10.03-04.41.29:788][ 72]CompilerResultsLog: Building EscapegameEditor...
[2020.10.03-04.41.29:788][ 72]CompilerResultsLog: Using Visual Studio 2019 14.27.29111 toolchain (D:\Program Files\VisualStudio\2019\VC\Tools\MSVC\14.27.29110) and Windows 10.0.18362.0 SDK (C:\Program Files (x86)\Windows Kits\10).
[2020.10.03-04.41.29:788][ 72]CompilerResultsLog: Building 4 actions with 4 processes...
[2020.10.03-04.41.29:788][ 72]CompilerResultsLog:   [1/4] WorldPosition.cpp
[2020.10.03-04.41.29:788][ 72]CompilerResultsLog:   [2/4] UE4Editor-Escapegame-9426.lib
[2020.10.03-04.41.29:788][ 72]CompilerResultsLog:      Creating library D:\Projects\UE4UdemyCXX\Section4\Escapegame\Intermediate\Build\Win64\UE4Editor\Development\Escapegame\UE4Editor-Escapegame-9426.lib and object D:\Projects\UE4UdemyCXX\Section4\Escapegame\Intermediate\Build\Win64\UE4Editor\Development\Escapegame\UE4Editor-Escapegame-9426.exp
[2020.10.03-04.41.29:789][ 72]CompilerResultsLog:   [3/4] UE4Editor-Escapegame-9426.dll
[2020.10.03-04.41.29:789][ 72]CompilerResultsLog:      Creating library D:\Projects\UE4UdemyCXX\Section4\Escapegame\Intermediate\Build\Win64\UE4Editor\Development\Escapegame\UE4Editor-Escapegame-9426.suppressed.lib and object D:\Projects\UE4UdemyCXX\Section4\Escapegame\Intermediate\Build\Win64\UE4Editor\Development\Escapegame\UE4Editor-Escapegame-9426.suppressed.exp
[2020.10.03-04.41.29:789][ 72]CompilerResultsLog:   [4/4] EscapegameEditor.target
[2020.10.03-04.41.29:789][ 72]CompilerResultsLog: Total time in Parallel executor: 17.62 seconds
[2020.10.03-04.41.29:789][ 72]CompilerResultsLog: Total execution time: 21.70 seconds
[2020.10.03-04.41.29:789][ 72]LogMainFrame: MainFrame: Module compiling took 22.413 seconds
[2020.10.03-04.41.29:833][ 72]LogContentBrowser: Native class hierarchy updated for 'Escapegame' in 0.0008 seconds. Added 2 classes and 2 folders.
[2020.10.03-04.41.29:835][ 72]Display: HotReload successful (0 functions remapped  0 scriptstructs remapped)
[2020.10.03-04.41.29:942][ 72]LogContentBrowser: Native class hierarchy populated in 0.0215 seconds. Added 3468 classes and 833 folders.
[2020.10.03-04.41.29:955][ 72]Display: HotReload took 22.6s.
[2020.10.03-04.41.39:329][211]LogTemp: Repeating last play command: Selected Viewport
[2020.10.03-04.41.39:389][211]LogPlayLevel: PlayLevel: No blueprints needed recompiling
[2020.10.03-04.41.39:390][211]PIE: New page: PIE session: Main (Oct 3, 2020, 2:41:39 PM)
[2020.10.03-04.41.39:394][211]LogOnline: OSS: Creating online subsystem instance for: NULL
[2020.10.03-04.41.39:398][211]LogOnline: OSS: TryLoadSubsystemAndSetDefault: Loaded subsystem for module [NULL]
[2020.10.03-04.41.39:400][211]LogPlayLevel: Creating play world package: /Game/Maps/UEDPIE_0_Main
[2020.10.03-04.41.39:408][211]LogPlayLevel: PIE: StaticDuplicateObject took: (0.007033s)
[2020.10.03-04.41.39:411][211]LogAIModule: Creating AISystem for world Main
[2020.10.03-04.41.39:411][211]LogAISub: UAISubsystem::UAISubsystem EnvQueryManager (000002A6450BB000), frame # 9211
[2020.10.03-04.41.39:411][211]LogAISub: UAISubsystem::UAISubsystem AIPerceptionSystem (000002A640E03240), frame # 9211
[2020.10.03-04.41.39:412][211]LogPlayLevel: PIE: World Init took: (0.004258s)
[2020.10.03-04.41.39:413][211]LogPlayLevel: PIE: Created PIE world by copying editor world from /Game/Maps/Main.Main to /Game/Maps/UEDPIE_0_Main.Main (0.012416s)
[2020.10.03-04.41.39:425][211]LogUObjectHash: Compacting FUObjectHashTables data took   1.18ms
[2020.10.03-04.41.39:431][211]LogAudioMixer: Display: Audio Mixer Platform Settings:
[2020.10.03-04.41.39:431][211]LogAudioMixer: Display: 	Sample Rate:						  48000
[2020.10.03-04.41.39:431][211]LogAudioMixer: Display: 	Callback Buffer Frame Size Requested: 1024
[2020.10.03-04.41.39:431][211]LogAudioMixer: Display: 	Callback Buffer Frame Size To Use:	  1024
[2020.10.03-04.41.39:431][211]LogAudioMixer: Display: 	Number of buffers to queue:			  2
[2020.10.03-04.41.39:431][211]LogAudioMixer: Display: 	Max Channels (voices):				  32
[2020.10.03-04.41.39:431][211]LogAudioMixer: Display: 	Number of Async Source Workers:		  0
[2020.10.03-04.41.39:431][211]LogAudio: Display: AudioDevice MaxSources: 32
[2020.10.03-04.41.39:432][211]LogAudio: Display: Using built-in audio occlusion.
[2020.10.03-04.41.39:432][211]LogAudioMixer: Display: Initializing audio mixer.
[2020.10.03-04.41.39:452][211]LogAudioMixer: Display: 0: FrontLeft
[2020.10.03-04.41.39:452][211]LogAudioMixer: Display: 1: FrontRight
[2020.10.03-04.41.39:649][211]LogAudioMixer: Display: Using Audio Device Speakers (Conexant SmartAudio HD)
[2020.10.03-04.41.39:649][211]LogAudioMixer: Display: Initializing Sound Submixes...
[2020.10.03-04.41.39:649][211]LogAudioMixer: Display: Creating Master Submix 'MasterSubmixDefault'
[2020.10.03-04.41.39:649][211]LogAudioMixer: Display: Creating Master Submix 'MasterReverbSubmixDefault'
[2020.10.03-04.41.39:650][211]LogAudioMixer: Display: Creating Master Submix 'MasterEQSubmixDefault'
[2020.10.03-04.41.39:685][211]LogInit: FAudioDevice initialized.
[2020.10.03-04.41.39:703][211]LogLoad: Game class is 'GameModeBase'
[2020.10.03-04.41.39:718][211]LogWorld: Bringing World /Game/Maps/UEDPIE_0_Main.Main up for play (max tick rate 60) at 2020.10.03-09.41.39
[2020.10.03-04.41.39:720][211]LogWorld: Bringing up level for play took: 0.003193
[2020.10.03-04.41.39:720][211]LogOnline: OSS: Creating online subsystem instance for: :Context_3
[2020.10.03-04.41.39:805][211]LogContentBrowser: Native class hierarchy updated for 'MovieSceneCapture' in 0.0009 seconds. Added 20 classes and 0 folders.
[2020.10.03-04.41.39:812][211]LogTemp: Warning: World Position Begin Play
[2020.10.03-04.41.39:816][211]PIE: Server logged in
[2020.10.03-04.41.39:820][211]PIE: Play in editor total start time 0.443 seconds.
[2020.10.03-04.41.47:647][624]LogSlate: Updating window title bar state: overlay mode, drag disabled, window buttons hidden, title bar hidden
[2020.10.03-04.41.47:647][624]LogWorld: BeginTearingDown for /Game/Maps/UEDPIE_0_Main
[2020.10.03-04.41.47:649][624]LogWorld: UWorld::CleanupWorld for Main, bSessionEnded=true, bCleanupResources=true
[2020.10.03-04.41.47:649][624]LogSlate: InvalidateAllWidgets triggered.  All widgets were invalidated
[2020.10.03-04.41.47:663][624]LogPlayLevel: Display: Shutting down PIE online subsystems
[2020.10.03-04.41.47:667][624]LogSlate: InvalidateAllWidgets triggered.  All widgets were invalidated
[2020.10.03-04.41.47:761][624]LogSlate: Updating window title bar state: overlay mode, drag disabled, window buttons hidden, title bar hidden
[2020.10.03-04.41.47:763][624]LogAISub: UAISubsystem::~UAISubsystem AIPerceptionSystem (000002A640E03240), frame # 9624
[2020.10.03-04.41.47:766][624]LogAISub: UAISubsystem::~UAISubsystem EnvQueryManager (000002A6450BB000), frame # 9624
[2020.10.03-04.41.47:768][624]LogUObjectHash: Compacting FUObjectHashTables data took   1.08ms
[2020.10.03-04.41.47:814][625]LogPlayLevel: Display: Destroying online subsystem :Context_3
[2020.10.03-04.42.12:178][981]LogTemp: Repeating last play command: Selected Viewport
[2020.10.03-04.42.12:212][981]LogPlayLevel: PlayLevel: No blueprints needed recompiling
[2020.10.03-04.42.12:212][981]PIE: New page: PIE session: Main (Oct 3, 2020, 2:42:12 PM)
[2020.10.03-04.42.12:212][981]LogPlayLevel: Creating play world package: /Game/Maps/UEDPIE_0_Main
[2020.10.03-04.42.12:217][981]LogPlayLevel: PIE: StaticDuplicateObject took: (0.004458s)
[2020.10.03-04.42.12:219][981]LogAIModule: Creating AISystem for world Main
[2020.10.03-04.42.12:219][981]LogAISub: UAISubsystem::UAISubsystem EnvQueryManager (000002A648CA5E00), frame # 10981
[2020.10.03-04.42.12:220][981]LogAISub: UAISubsystem::UAISubsystem AIPerceptionSystem (000002A641222C00), frame # 10981
[2020.10.03-04.42.12:220][981]LogPlayLevel: PIE: World Init took: (0.003149s)
[2020.10.03-04.42.12:220][981]LogPlayLevel: PIE: Created PIE world by copying editor world from /Game/Maps/Main.Main to /Game/Maps/UEDPIE_0_Main.Main (0.007934s)
[2020.10.03-04.42.12:242][981]LogUObjectHash: Compacting FUObjectHashTables data took   1.87ms
[2020.10.03-04.42.12:244][981]LogAudioMixer: Display: Audio Mixer Platform Settings:
[2020.10.03-04.42.12:244][981]LogAudioMixer: Display: 	Sample Rate:						  48000
[2020.10.03-04.42.12:244][981]LogAudioMixer: Display: 	Callback Buffer Frame Size Requested: 1024
[2020.10.03-04.42.12:244][981]LogAudioMixer: Display: 	Callback Buffer Frame Size To Use:	  1024
[2020.10.03-04.42.12:244][981]LogAudioMixer: Display: 	Number of buffers to queue:			  2
[2020.10.03-04.42.12:244][981]LogAudioMixer: Display: 	Max Channels (voices):				  32
[2020.10.03-04.42.12:244][981]LogAudioMixer: Display: 	Number of Async Source Workers:		  0
[2020.10.03-04.42.12:244][981]LogAudio: Display: AudioDevice MaxSources: 32
[2020.10.03-04.42.12:245][981]LogAudio: Display: Using built-in audio occlusion.
[2020.10.03-04.42.12:245][981]LogAudioMixer: Display: Initializing audio mixer.
[2020.10.03-04.42.12:263][981]LogAudioMixer: Display: 0: FrontLeft
[2020.10.03-04.42.12:263][981]LogAudioMixer: Display: 1: FrontRight
[2020.10.03-04.42.12:588][981]LogAudioMixer: Display: Using Audio Device Speakers (Conexant SmartAudio HD)
[2020.10.03-04.42.12:589][981]LogAudioMixer: Display: Initializing Sound Submixes...
[2020.10.03-04.42.12:589][981]LogAudioMixer: Display: Creating Master Submix 'MasterSubmixDefault'
[2020.10.03-04.42.12:589][981]LogAudioMixer: Display: Creating Master Submix 'MasterReverbSubmixDefault'
[2020.10.03-04.42.12:589][981]LogAudioMixer: Display: Creating Master Submix 'MasterEQSubmixDefault'
[2020.10.03-04.42.12:623][981]LogInit: FAudioDevice initialized.
[2020.10.03-04.42.12:639][981]LogLoad: Game class is 'GameModeBase'
[2020.10.03-04.42.12:641][981]LogWorld: Bringing World /Game/Maps/UEDPIE_0_Main.Main up for play (max tick rate 60) at 2020.10.03-09.42.12
[2020.10.03-04.42.12:641][981]LogWorld: Bringing up level for play took: 0.001068
[2020.10.03-04.42.12:642][981]LogOnline: OSS: Creating online subsystem instance for: :Context_4
[2020.10.03-04.42.12:645][981]LogTemp: Warning: World Position Begin Play
[2020.10.03-04.42.12:646][981]PIE: Server logged in
[2020.10.03-04.42.12:647][981]PIE: Play in editor total start time 0.437 seconds.
[2020.10.03-04.42.15:101][121]LogSlate: Updating window title bar state: overlay mode, drag disabled, window buttons hidden, title bar hidden
[2020.10.03-04.42.15:102][121]LogWorld: BeginTearingDown for /Game/Maps/UEDPIE_0_Main
[2020.10.03-04.42.15:102][121]LogWorld: UWorld::CleanupWorld for Main, bSessionEnded=true, bCleanupResources=true
[2020.10.03-04.42.15:102][121]LogSlate: InvalidateAllWidgets triggered.  All widgets were invalidated
[2020.10.03-04.42.15:117][121]LogPlayLevel: Display: Shutting down PIE online subsystems
[2020.10.03-04.42.15:119][121]LogSlate: InvalidateAllWidgets triggered.  All widgets were invalidated
[2020.10.03-04.42.15:174][121]LogSlate: Updating window title bar state: overlay mode, drag disabled, window buttons hidden, title bar hidden
[2020.10.03-04.42.15:176][121]LogAISub: UAISubsystem::~UAISubsystem AIPerceptionSystem (000002A641222C00), frame # 11121
[2020.10.03-04.42.15:176][121]LogAISub: UAISubsystem::~UAISubsystem EnvQueryManager (000002A648CA5E00), frame # 11121
[2020.10.03-04.42.15:178][121]LogUObjectHash: Compacting FUObjectHashTables data took   1.26ms
[2020.10.03-04.42.15:227][122]LogPlayLevel: Display: Destroying online subsystem :Context_4
[2020.10.03-04.42.43:842][790]LogEditorViewport: Clicking on Actor (LMB): PlayerStart (Player Start)
[2020.10.03-04.42.45:561][883]LogNavigationPoint: PostEditMove Clear paths rebuilt
[2020.10.03-04.42.47:811][  2]LogNavigationPoint: PostEditMove Clear paths rebuilt
[2020.10.03-04.42.52:524][275]LogNavigationPoint: PostEditMove Clear paths rebuilt
[2020.10.03-04.47.29:972][875]Cmd: OBJ SAVEPACKAGE PACKAGE="/Game/Maps/Main" FILE="D:/Projects/UE4UdemyCXX/Section4/Escapegame/Content/Maps/Main.umap" SILENT=true AUTOSAVING=false KEEPDIRTY=false
[2020.10.03-04.47.29:996][875]LogUObjectHash: Compacting FUObjectHashTables data took   2.63ms
[2020.10.03-04.47.30:074][875]LogSavePackage: Moving 'D:/Projects/UE4UdemyCXX/Section4/Escapegame/Saved/MainC2E2B3F14B1E86A2907509A2E1B8DEE9.tmp' to 'D:/Projects/UE4UdemyCXX/Section4/Escapegame/Content/Maps/Main.umap'
[2020.10.03-04.47.30:151][875]LogFileHelpers: Saving map 'Main' took 0.180
[2020.10.03-04.47.30:174][875]AssetCheck: New page: Asset Save: Main
[2020.10.03-04.47.30:174][875]LogContentValidation: Display: Validating World /Game/Maps/Main.Main
